This is pdfTeX, Version 3.141592653-2.6-1.40.24 (MiKTeX 23.1) (preloaded format=pdflatex 2023.3.28)  12 JAN 2024 14:47
entering extended mode
 \write18 enabled.
 %&-line parsing enabled.
**./monkes-paper.tex
(monkes-paper.tex
LaTeX2e <2022-11-01> patch level 1
L3 programming layer <2023-02-22> (iopart.cls
Document Class: iopart 1996/06/10 v0.0 IOP Journals LaTeX article class
(iopart10.clo
File: iopart10.clo 1997/01/13 v1.0 IOP Book file (size option)
)
\c@jnl=\count185
\c@section=\count186
\c@subsection=\count187
\c@subsubsection=\count188
\c@paragraph=\count189
\c@subparagraph=\count190
\c@figure=\count191
\c@table=\count192
\abovecaptionskip=\skip48
\belowcaptionskip=\skip49
\indentedwidth=\skip50
\mathindent=\dimen140
\c@eqnval=\count193
) (iopams.sty
Package: iopams 1997/02/13 v1.0

(C:\Users\fusionXX\AppData\Local\Programs\MiKTeX\tex/latex/amsmath\amsgen.sty
File: amsgen.sty 1999/11/30 v2.0 generic functions
\@emptytoks=\toks16
\ex@=\dimen141
)
(C:\Users\fusionXX\AppData\Local\Programs\MiKTeX\tex/latex/amsfonts\amsfonts.st
y
Package: amsfonts 2013/01/14 v3.01 Basic AMSFonts support
\symAMSa=\mathgroup4
\symAMSb=\mathgroup5
LaTeX Font Info:    Redeclaring math symbol \hbar on input line 98.
LaTeX Font Info:    Overwriting math alphabet `\mathfrak' in version `bold'
(Font)                  U/euf/m/n --> U/euf/b/n on input line 106.
)
(C:\Users\fusionXX\AppData\Local\Programs\MiKTeX\tex/latex/amsfonts\amssymb.sty
Package: amssymb 2013/01/14 v3.01 AMS font symbols
) (C:\Users\fusionXX\AppData\Local\Programs\MiKTeX\tex/latex/amsmath\amsbsy.sty
Package: amsbsy 1999/11/29 v1.2d Bold Symbols
\pmbraise@=\dimen142
))
(C:\Users\fusionXX\AppData\Local\Programs\MiKTeX\tex/latex/physics\physics.sty
Package: physics 

(C:\Users\fusionXX\AppData\Local\Programs\MiKTeX\tex/latex/l3packages/xparse\xp
arse.sty
(C:\Users\fusionXX\AppData\Local\Programs\MiKTeX\tex/latex/l3kernel\expl3.sty
Package: expl3 2023-02-22 L3 programming layer (loader) 

(C:\Users\fusionXX\AppData\Local\Programs\MiKTeX\tex/latex/l3backend\l3backend-
pdftex.def
File: l3backend-pdftex.def 2023-01-16 L3 backend support: PDF output (pdfTeX)
\l__color_backend_stack_int=\count194
\l__pdf_internal_box=\box51
))
Package: xparse 2023-01-16 L3 Experimental document command parser
)
(C:\Users\fusionXX\AppData\Local\Programs\MiKTeX\tex/latex/amsmath\amsmath.sty
Package: amsmath 2022/04/08 v2.17n AMS math features
\@mathmargin=\skip51

For additional information on amsmath, use the `?' option.
(C:\Users\fusionXX\AppData\Local\Programs\MiKTeX\tex/latex/amsmath\amstext.sty
Package: amstext 2021/08/26 v2.01 AMS text
) (C:\Users\fusionXX\AppData\Local\Programs\MiKTeX\tex/latex/amsmath\amsopn.sty
Package: amsopn 2022/04/08 v2.04 operator names
)
\inf@bad=\count195
LaTeX Info: Redefining \frac on input line 234.
\uproot@=\count196
\leftroot@=\count197
LaTeX Info: Redefining \overline on input line 399.
LaTeX Info: Redefining \colon on input line 410.
\classnum@=\count198
\DOTSCASE@=\count199
LaTeX Info: Redefining \ldots on input line 496.
LaTeX Info: Redefining \dots on input line 499.
LaTeX Info: Redefining \cdots on input line 620.
\Mathstrutbox@=\box52
\strutbox@=\box53
LaTeX Info: Redefining \big on input line 722.
LaTeX Info: Redefining \Big on input line 723.
LaTeX Info: Redefining \bigg on input line 724.
LaTeX Info: Redefining \Bigg on input line 725.
\big@size=\dimen143
LaTeX Font Info:    Redeclaring font encoding OML on input line 743.
LaTeX Font Info:    Redeclaring font encoding OMS on input line 744.
\macc@depth=\count266
LaTeX Info: Redefining \bmod on input line 905.
LaTeX Info: Redefining \pmod on input line 910.
LaTeX Info: Redefining \smash on input line 940.
LaTeX Info: Redefining \relbar on input line 970.
LaTeX Info: Redefining \Relbar on input line 971.
\c@MaxMatrixCols=\count267
\dotsspace@=\muskip16
\c@parentequation=\count268
\dspbrk@lvl=\count269
\tag@help=\toks17
\row@=\count270
\column@=\count271
\maxfields@=\count272
\andhelp@=\toks18
\eqnshift@=\dimen144
\alignsep@=\dimen145
\tagshift@=\dimen146
\tagwidth@=\dimen147
\totwidth@=\dimen148
\lineht@=\dimen149
\@envbody=\toks19
\multlinegap=\skip52
\multlinetaggap=\skip53
\mathdisplay@stack=\toks20
LaTeX Info: Redefining \[ on input line 2953.
LaTeX Info: Redefining \] on input line 2954.
))
(C:\Users\fusionXX\AppData\Local\Programs\MiKTeX\tex/latex/mathtools\mathtools.
sty
Package: mathtools 2022/06/29 v1.29 mathematical typesetting tools

(C:\Users\fusionXX\AppData\Local\Programs\MiKTeX\tex/latex/graphics\keyval.sty
Package: keyval 2022/05/29 v1.15 key=value parser (DPC)
\KV@toks@=\toks21
) (C:\Users\fusionXX\AppData\Local\Programs\MiKTeX\tex/latex/tools\calc.sty
Package: calc 2017/05/25 v4.3 Infix arithmetic (KKT,FJ)
\calc@Acount=\count273
\calc@Bcount=\count274
\calc@Adimen=\dimen150
\calc@Bdimen=\dimen151
\calc@Askip=\skip54
\calc@Bskip=\skip55
LaTeX Info: Redefining \setlength on input line 80.
LaTeX Info: Redefining \addtolength on input line 81.
\calc@Ccount=\count275
\calc@Cskip=\skip56
)
(C:\Users\fusionXX\AppData\Local\Programs\MiKTeX\tex/latex/mathtools\mhsetup.st
y
Package: mhsetup 2021/03/18 v1.4 programming setup (MH)
)
\g_MT_multlinerow_int=\count276
\l_MT_multwidth_dim=\dimen152
\origjot=\skip57
\l_MT_shortvdotswithinadjustabove_dim=\dimen153
\l_MT_shortvdotswithinadjustbelow_dim=\dimen154
\l_MT_above_intertext_sep=\dimen155
\l_MT_below_intertext_sep=\dimen156
\l_MT_above_shortintertext_sep=\dimen157
\l_MT_below_shortintertext_sep=\dimen158
\xmathstrut@box=\box54
\xmathstrut@dim=\dimen159
)
(C:\Users\fusionXX\AppData\Local\Programs\MiKTeX\tex/latex/algorithms\algorithm
.sty
Package: algorithm 2009/08/24 v0.1 Document Style `algorithm' - floating enviro
nment
 (C:\Users\fusionXX\AppData\Local\Programs\MiKTeX\tex/latex/float\float.sty
Package: float 2001/11/08 v1.3d Float enhancements (AL)
\c@float@type=\count277
\float@exts=\toks22
\float@box=\box55
\@float@everytoks=\toks23
\@floatcapt=\box56
) (C:\Users\fusionXX\AppData\Local\Programs\MiKTeX\tex/latex/base\ifthen.sty
Package: ifthen 2022/04/13 v1.1d Standard LaTeX ifthen package (DPC)
)
\@float@every@algorithm=\toks24
\c@algorithm=\count278
)
(C:\Users\fusionXX\AppData\Local\Programs\MiKTeX\tex/latex/algorithmicx\algpseu
docode.sty
Package: algpseudocode 

(C:\Users\fusionXX\AppData\Local\Programs\MiKTeX\tex/latex/algorithmicx\algorit
hmicx.sty
Package: algorithmicx 2005/04/27 v1.2 Algorithmicx

Document Style algorithmicx 1.2 - a greatly improved `algorithmic' style
\c@ALG@line=\count279
\c@ALG@rem=\count280
\c@ALG@nested=\count281
\ALG@tlm=\skip58
\ALG@thistlm=\skip59
\c@ALG@Lnr=\count282
\c@ALG@blocknr=\count283
\c@ALG@storecount=\count284
\c@ALG@tmpcounter=\count285
\ALG@tmplength=\skip60
)
Document Style - pseudocode environments for use with the `algorithmicx' style
) (C:\Users\fusionXX\AppData\Local\Programs\MiKTeX\tex/latex/base\latexsym.sty
Package: latexsym 1998/08/17 v2.2e Standard LaTeX package (lasy symbols)
\symlasy=\mathgroup6
LaTeX Font Info:    Overwriting symbol font `lasy' in version `bold'
(Font)                  U/lasy/m/n --> U/lasy/b/n on input line 52.
) (C:\Users\fusionXX\AppData\Local\Programs\MiKTeX\tex/latex/url\url.sty
\Urlmuskip=\muskip17
Package: url 2013/09/16  ver 3.4  Verb mode for urls, etc.
)
(C:\Users\fusionXX\AppData\Local\Programs\MiKTeX\tex/latex/xcolor\xcolor.sty
Package: xcolor 2022/06/12 v2.14 LaTeX color extensions (UK)

(C:\Users\fusionXX\AppData\Local\Programs\MiKTeX\tex/latex/graphics-cfg\color.c
fg
File: color.cfg 2016/01/02 v1.6 sample color configuration
)
Package xcolor Info: Driver file: pdftex.def on input line 227.

(C:\Users\fusionXX\AppData\Local\Programs\MiKTeX\tex/latex/graphics-def\pdftex.
def
File: pdftex.def 2022/09/22 v1.2b Graphics/color driver for pdftex
)
(C:\Users\fusionXX\AppData\Local\Programs\MiKTeX\tex/latex/graphics\mathcolor.l
tx)
Package xcolor Info: Model `cmy' substituted by `cmy0' on input line 1353.
Package xcolor Info: Model `hsb' substituted by `rgb' on input line 1357.
Package xcolor Info: Model `RGB' extended on input line 1369.
Package xcolor Info: Model `HTML' substituted by `rgb' on input line 1371.
Package xcolor Info: Model `Hsb' substituted by `hsb' on input line 1372.
Package xcolor Info: Model `tHsb' substituted by `hsb' on input line 1373.
Package xcolor Info: Model `HSB' substituted by `hsb' on input line 1374.
Package xcolor Info: Model `Gray' substituted by `gray' on input line 1375.
Package xcolor Info: Model `wave' substituted by `hsb' on input line 1376.

(C:\Users\fusionXX\AppData\Local\Programs\MiKTeX\tex/latex/graphics\dvipsnam.de
f
File: dvipsnam.def 2016/06/17 v3.0m Driver-dependent file (DPC,SPQR)
))
(C:\Users\fusionXX\AppData\Local\Programs\MiKTeX\tex/generic/mleftright\mleftri
ght.sty
Package: mleftright 2019/12/03 v1.2 Math left/right delim. as open/close (HO)

(C:\Users\fusionXX\AppData\Local\Programs\MiKTeX\tex/generic/infwarerr\infwarer
r.sty
Package: infwarerr 2019/12/03 v1.5 Providing info/warning/error messages (HO)
)
(C:\Users\fusionXX\AppData\Local\Programs\MiKTeX\tex/generic/ltxcmds\ltxcmds.st
y
Package: ltxcmds 2020-05-10 v1.25 LaTeX kernel commands for general use (HO)
))
(C:\Users\fusionXX\AppData\Local\Programs\MiKTeX\tex/latex/graphics\graphicx.st
y
Package: graphicx 2021/09/16 v1.2d Enhanced LaTeX Graphics (DPC,SPQR)

(C:\Users\fusionXX\AppData\Local\Programs\MiKTeX\tex/latex/graphics\graphics.st
y
Package: graphics 2022/03/10 v1.4e Standard LaTeX Graphics (DPC,SPQR)
 (C:\Users\fusionXX\AppData\Local\Programs\MiKTeX\tex/latex/graphics\trig.sty
Package: trig 2021/08/11 v1.11 sin cos tan (DPC)
)
(C:\Users\fusionXX\AppData\Local\Programs\MiKTeX\tex/latex/graphics-cfg\graphic
s.cfg
File: graphics.cfg 2016/06/04 v1.11 sample graphics configuration
)
Package graphics Info: Driver file: pdftex.def on input line 107.
)
\Gin@req@height=\dimen160
\Gin@req@width=\dimen161
)
(C:\Users\fusionXX\AppData\Local\Programs\MiKTeX\tex/latex/caption\caption.sty
Package: caption 2023/03/12 v3.6j Customizing captions (AR)

(C:\Users\fusionXX\AppData\Local\Programs\MiKTeX\tex/latex/caption\caption3.sty
Package: caption3 2023/03/12 v2.4 caption3 kernel (AR)
\caption@tempdima=\dimen162
\captionmargin=\dimen163
\caption@leftmargin=\dimen164
\caption@rightmargin=\dimen165
\caption@width=\dimen166
\caption@indent=\dimen167
\caption@parindent=\dimen168
\caption@hangindent=\dimen169
Package caption Info: Unknown document class (or package),
(caption)             standard defaults will be used.
Package caption Info: \@makecaption = \long macro:#1#2->\vskip \abovecaptionski
p \begin {indented} \item []{\bf #1.} #2 \end {indented}\vskip \belowcaptionski
p  on input line 1176.
)

Package caption Warning: Unknown document class (or package),
(caption)                standard defaults will be used.
See the caption package documentation for explanation.

\c@caption@flags=\count286
\c@continuedfloat=\count287
Package caption Info: float package is loaded.
)
(C:\Users\fusionXX\AppData\Local\Programs\MiKTeX\tex/latex/caption\subcaption.s
ty
Package: subcaption 2023/02/19 v1.6 Sub-captions (AR)
Package caption Info: New subtype `subfigure' on input line 239.
\c@subfigure=\count288
Package caption Info: New subtype `subtable' on input line 239.
\c@subtable=\count289
)
(C:\Users\fusionXX\AppData\Local\Programs\MiKTeX\tex/latex/pgf/frontendlayer\ti
kz.sty
(C:\Users\fusionXX\AppData\Local\Programs\MiKTeX\tex/latex/pgf/basiclayer\pgf.s
ty
(C:\Users\fusionXX\AppData\Local\Programs\MiKTeX\tex/latex/pgf/utilities\pgfrcs
.sty
(C:\Users\fusionXX\AppData\Local\Programs\MiKTeX\tex/generic/pgf/utilities\pgfu
til-common.tex
\pgfutil@everybye=\toks25
\pgfutil@tempdima=\dimen170
\pgfutil@tempdimb=\dimen171
)
(C:\Users\fusionXX\AppData\Local\Programs\MiKTeX\tex/generic/pgf/utilities\pgfu
til-latex.def
\pgfutil@abb=\box57
)
(C:\Users\fusionXX\AppData\Local\Programs\MiKTeX\tex/generic/pgf/utilities\pgfr
cs.code.tex
(C:\Users\fusionXX\AppData\Local\Programs\MiKTeX\tex/generic/pgf\pgf.revision.t
ex)
Package: pgfrcs 2023-01-15 v3.1.10 (3.1.10)
))
Package: pgf 2023-01-15 v3.1.10 (3.1.10)

(C:\Users\fusionXX\AppData\Local\Programs\MiKTeX\tex/latex/pgf/basiclayer\pgfco
re.sty
(C:\Users\fusionXX\AppData\Local\Programs\MiKTeX\tex/latex/pgf/systemlayer\pgfs
ys.sty
(C:\Users\fusionXX\AppData\Local\Programs\MiKTeX\tex/generic/pgf/systemlayer\pg
fsys.code.tex
Package: pgfsys 2023-01-15 v3.1.10 (3.1.10)

(C:\Users\fusionXX\AppData\Local\Programs\MiKTeX\tex/generic/pgf/utilities\pgfk
eys.code.tex
\pgfkeys@pathtoks=\toks26
\pgfkeys@temptoks=\toks27

(C:\Users\fusionXX\AppData\Local\Programs\MiKTeX\tex/generic/pgf/utilities\pgfk
eyslibraryfiltered.code.tex
\pgfkeys@tmptoks=\toks28
))
\pgf@x=\dimen172
\pgf@y=\dimen173
\pgf@xa=\dimen174
\pgf@ya=\dimen175
\pgf@xb=\dimen176
\pgf@yb=\dimen177
\pgf@xc=\dimen178
\pgf@yc=\dimen179
\pgf@xd=\dimen180
\pgf@yd=\dimen181
\w@pgf@writea=\write3
\r@pgf@reada=\read2
\c@pgf@counta=\count290
\c@pgf@countb=\count291
\c@pgf@countc=\count292
\c@pgf@countd=\count293
\t@pgf@toka=\toks29
\t@pgf@tokb=\toks30
\t@pgf@tokc=\toks31
\pgf@sys@id@count=\count294

(C:\Users\fusionXX\AppData\Local\Programs\MiKTeX\tex/generic/pgf/systemlayer\pg
f.cfg
File: pgf.cfg 2023-01-15 v3.1.10 (3.1.10)
)
Driver file for pgf: pgfsys-pdftex.def

(C:\Users\fusionXX\AppData\Local\Programs\MiKTeX\tex/generic/pgf/systemlayer\pg
fsys-pdftex.def
File: pgfsys-pdftex.def 2023-01-15 v3.1.10 (3.1.10)

(C:\Users\fusionXX\AppData\Local\Programs\MiKTeX\tex/generic/pgf/systemlayer\pg
fsys-common-pdf.def
File: pgfsys-common-pdf.def 2023-01-15 v3.1.10 (3.1.10)
)))
(C:\Users\fusionXX\AppData\Local\Programs\MiKTeX\tex/generic/pgf/systemlayer\pg
fsyssoftpath.code.tex
File: pgfsyssoftpath.code.tex 2023-01-15 v3.1.10 (3.1.10)
\pgfsyssoftpath@smallbuffer@items=\count295
\pgfsyssoftpath@bigbuffer@items=\count296
)
(C:\Users\fusionXX\AppData\Local\Programs\MiKTeX\tex/generic/pgf/systemlayer\pg
fsysprotocol.code.tex
File: pgfsysprotocol.code.tex 2023-01-15 v3.1.10 (3.1.10)
))
(C:\Users\fusionXX\AppData\Local\Programs\MiKTeX\tex/generic/pgf/basiclayer\pgf
core.code.tex
Package: pgfcore 2023-01-15 v3.1.10 (3.1.10)

(C:\Users\fusionXX\AppData\Local\Programs\MiKTeX\tex/generic/pgf/math\pgfmath.c
ode.tex
(C:\Users\fusionXX\AppData\Local\Programs\MiKTeX\tex/generic/pgf/math\pgfmathut
il.code.tex)
(C:\Users\fusionXX\AppData\Local\Programs\MiKTeX\tex/generic/pgf/math\pgfmathpa
rser.code.tex
\pgfmath@dimen=\dimen182
\pgfmath@count=\count297
\pgfmath@box=\box58
\pgfmath@toks=\toks32
\pgfmath@stack@operand=\toks33
\pgfmath@stack@operation=\toks34
)
(C:\Users\fusionXX\AppData\Local\Programs\MiKTeX\tex/generic/pgf/math\pgfmathfu
nctions.code.tex)
(C:\Users\fusionXX\AppData\Local\Programs\MiKTeX\tex/generic/pgf/math\pgfmathfu
nctions.basic.code.tex)
(C:\Users\fusionXX\AppData\Local\Programs\MiKTeX\tex/generic/pgf/math\pgfmathfu
nctions.trigonometric.code.tex)
(C:\Users\fusionXX\AppData\Local\Programs\MiKTeX\tex/generic/pgf/math\pgfmathfu
nctions.random.code.tex)
(C:\Users\fusionXX\AppData\Local\Programs\MiKTeX\tex/generic/pgf/math\pgfmathfu
nctions.comparison.code.tex)
(C:\Users\fusionXX\AppData\Local\Programs\MiKTeX\tex/generic/pgf/math\pgfmathfu
nctions.base.code.tex)
(C:\Users\fusionXX\AppData\Local\Programs\MiKTeX\tex/generic/pgf/math\pgfmathfu
nctions.round.code.tex)
(C:\Users\fusionXX\AppData\Local\Programs\MiKTeX\tex/generic/pgf/math\pgfmathfu
nctions.misc.code.tex)
(C:\Users\fusionXX\AppData\Local\Programs\MiKTeX\tex/generic/pgf/math\pgfmathfu
nctions.integerarithmetics.code.tex)
(C:\Users\fusionXX\AppData\Local\Programs\MiKTeX\tex/generic/pgf/math\pgfmathca
lc.code.tex)
(C:\Users\fusionXX\AppData\Local\Programs\MiKTeX\tex/generic/pgf/math\pgfmathfl
oat.code.tex
\c@pgfmathroundto@lastzeros=\count298
))
(C:\Users\fusionXX\AppData\Local\Programs\MiKTeX\tex/generic/pgf/math\pgfint.co
de.tex)
(C:\Users\fusionXX\AppData\Local\Programs\MiKTeX\tex/generic/pgf/basiclayer\pgf
corepoints.code.tex
File: pgfcorepoints.code.tex 2023-01-15 v3.1.10 (3.1.10)
\pgf@picminx=\dimen183
\pgf@picmaxx=\dimen184
\pgf@picminy=\dimen185
\pgf@picmaxy=\dimen186
\pgf@pathminx=\dimen187
\pgf@pathmaxx=\dimen188
\pgf@pathminy=\dimen189
\pgf@pathmaxy=\dimen190
\pgf@xx=\dimen191
\pgf@xy=\dimen192
\pgf@yx=\dimen193
\pgf@yy=\dimen194
\pgf@zx=\dimen195
\pgf@zy=\dimen196
)
(C:\Users\fusionXX\AppData\Local\Programs\MiKTeX\tex/generic/pgf/basiclayer\pgf
corepathconstruct.code.tex
File: pgfcorepathconstruct.code.tex 2023-01-15 v3.1.10 (3.1.10)
\pgf@path@lastx=\dimen197
\pgf@path@lasty=\dimen198
)
(C:\Users\fusionXX\AppData\Local\Programs\MiKTeX\tex/generic/pgf/basiclayer\pgf
corepathusage.code.tex
File: pgfcorepathusage.code.tex 2023-01-15 v3.1.10 (3.1.10)
\pgf@shorten@end@additional=\dimen199
\pgf@shorten@start@additional=\dimen256
)
(C:\Users\fusionXX\AppData\Local\Programs\MiKTeX\tex/generic/pgf/basiclayer\pgf
corescopes.code.tex
File: pgfcorescopes.code.tex 2023-01-15 v3.1.10 (3.1.10)
\pgfpic=\box59
\pgf@hbox=\box60
\pgf@layerbox@main=\box61
\pgf@picture@serial@count=\count299
)
(C:\Users\fusionXX\AppData\Local\Programs\MiKTeX\tex/generic/pgf/basiclayer\pgf
coregraphicstate.code.tex
File: pgfcoregraphicstate.code.tex 2023-01-15 v3.1.10 (3.1.10)
\pgflinewidth=\dimen257
)
(C:\Users\fusionXX\AppData\Local\Programs\MiKTeX\tex/generic/pgf/basiclayer\pgf
coretransformations.code.tex
File: pgfcoretransformations.code.tex 2023-01-15 v3.1.10 (3.1.10)
\pgf@pt@x=\dimen258
\pgf@pt@y=\dimen259
\pgf@pt@temp=\dimen260
)
(C:\Users\fusionXX\AppData\Local\Programs\MiKTeX\tex/generic/pgf/basiclayer\pgf
corequick.code.tex
File: pgfcorequick.code.tex 2023-01-15 v3.1.10 (3.1.10)
)
(C:\Users\fusionXX\AppData\Local\Programs\MiKTeX\tex/generic/pgf/basiclayer\pgf
coreobjects.code.tex
File: pgfcoreobjects.code.tex 2023-01-15 v3.1.10 (3.1.10)
)
(C:\Users\fusionXX\AppData\Local\Programs\MiKTeX\tex/generic/pgf/basiclayer\pgf
corepathprocessing.code.tex
File: pgfcorepathprocessing.code.tex 2023-01-15 v3.1.10 (3.1.10)
)
(C:\Users\fusionXX\AppData\Local\Programs\MiKTeX\tex/generic/pgf/basiclayer\pgf
corearrows.code.tex
File: pgfcorearrows.code.tex 2023-01-15 v3.1.10 (3.1.10)
\pgfarrowsep=\dimen261
)
(C:\Users\fusionXX\AppData\Local\Programs\MiKTeX\tex/generic/pgf/basiclayer\pgf
coreshade.code.tex
File: pgfcoreshade.code.tex 2023-01-15 v3.1.10 (3.1.10)
\pgf@max=\dimen262
\pgf@sys@shading@range@num=\count300
\pgf@shadingcount=\count301
)
(C:\Users\fusionXX\AppData\Local\Programs\MiKTeX\tex/generic/pgf/basiclayer\pgf
coreimage.code.tex
File: pgfcoreimage.code.tex 2023-01-15 v3.1.10 (3.1.10)
)
(C:\Users\fusionXX\AppData\Local\Programs\MiKTeX\tex/generic/pgf/basiclayer\pgf
coreexternal.code.tex
File: pgfcoreexternal.code.tex 2023-01-15 v3.1.10 (3.1.10)
\pgfexternal@startupbox=\box62
)
(C:\Users\fusionXX\AppData\Local\Programs\MiKTeX\tex/generic/pgf/basiclayer\pgf
corelayers.code.tex
File: pgfcorelayers.code.tex 2023-01-15 v3.1.10 (3.1.10)
)
(C:\Users\fusionXX\AppData\Local\Programs\MiKTeX\tex/generic/pgf/basiclayer\pgf
coretransparency.code.tex
File: pgfcoretransparency.code.tex 2023-01-15 v3.1.10 (3.1.10)
)
(C:\Users\fusionXX\AppData\Local\Programs\MiKTeX\tex/generic/pgf/basiclayer\pgf
corepatterns.code.tex
File: pgfcorepatterns.code.tex 2023-01-15 v3.1.10 (3.1.10)
)
(C:\Users\fusionXX\AppData\Local\Programs\MiKTeX\tex/generic/pgf/basiclayer\pgf
corerdf.code.tex
File: pgfcorerdf.code.tex 2023-01-15 v3.1.10 (3.1.10)
)))
(C:\Users\fusionXX\AppData\Local\Programs\MiKTeX\tex/generic/pgf/modules\pgfmod
uleshapes.code.tex
File: pgfmoduleshapes.code.tex 2023-01-15 v3.1.10 (3.1.10)
\pgfnodeparttextbox=\box63
)
(C:\Users\fusionXX\AppData\Local\Programs\MiKTeX\tex/generic/pgf/modules\pgfmod
uleplot.code.tex
File: pgfmoduleplot.code.tex 2023-01-15 v3.1.10 (3.1.10)
)
(C:\Users\fusionXX\AppData\Local\Programs\MiKTeX\tex/latex/pgf/compatibility\pg
fcomp-version-0-65.sty
Package: pgfcomp-version-0-65 2023-01-15 v3.1.10 (3.1.10)
\pgf@nodesepstart=\dimen263
\pgf@nodesepend=\dimen264
)
(C:\Users\fusionXX\AppData\Local\Programs\MiKTeX\tex/latex/pgf/compatibility\pg
fcomp-version-1-18.sty
Package: pgfcomp-version-1-18 2023-01-15 v3.1.10 (3.1.10)
))
(C:\Users\fusionXX\AppData\Local\Programs\MiKTeX\tex/latex/pgf/utilities\pgffor
.sty
(C:\Users\fusionXX\AppData\Local\Programs\MiKTeX\tex/latex/pgf/utilities\pgfkey
s.sty
(C:\Users\fusionXX\AppData\Local\Programs\MiKTeX\tex/generic/pgf/utilities\pgfk
eys.code.tex))
(C:\Users\fusionXX\AppData\Local\Programs\MiKTeX\tex/latex/pgf/math\pgfmath.sty

(C:\Users\fusionXX\AppData\Local\Programs\MiKTeX\tex/generic/pgf/math\pgfmath.c
ode.tex))
(C:\Users\fusionXX\AppData\Local\Programs\MiKTeX\tex/generic/pgf/utilities\pgff
or.code.tex
Package: pgffor 2023-01-15 v3.1.10 (3.1.10)
\pgffor@iter=\dimen265
\pgffor@skip=\dimen266
\pgffor@stack=\toks35
\pgffor@toks=\toks36
))
(C:\Users\fusionXX\AppData\Local\Programs\MiKTeX\tex/generic/pgf/frontendlayer/
tikz\tikz.code.tex
Package: tikz 2023-01-15 v3.1.10 (3.1.10)

(C:\Users\fusionXX\AppData\Local\Programs\MiKTeX\tex/generic/pgf/libraries\pgfl
ibraryplothandlers.code.tex
File: pgflibraryplothandlers.code.tex 2023-01-15 v3.1.10 (3.1.10)
\pgf@plot@mark@count=\count302
\pgfplotmarksize=\dimen267
)
\tikz@lastx=\dimen268
\tikz@lasty=\dimen269
\tikz@lastxsaved=\dimen270
\tikz@lastysaved=\dimen271
\tikz@lastmovetox=\dimen272
\tikz@lastmovetoy=\dimen273
\tikzleveldistance=\dimen274
\tikzsiblingdistance=\dimen275
\tikz@figbox=\box64
\tikz@figbox@bg=\box65
\tikz@tempbox=\box66
\tikz@tempbox@bg=\box67
\tikztreelevel=\count303
\tikznumberofchildren=\count304
\tikznumberofcurrentchild=\count305
\tikz@fig@count=\count306

(C:\Users\fusionXX\AppData\Local\Programs\MiKTeX\tex/generic/pgf/modules\pgfmod
ulematrix.code.tex
File: pgfmodulematrix.code.tex 2023-01-15 v3.1.10 (3.1.10)
\pgfmatrixcurrentrow=\count307
\pgfmatrixcurrentcolumn=\count308
\pgf@matrix@numberofcolumns=\count309
)
\tikz@expandcount=\count310

(C:\Users\fusionXX\AppData\Local\Programs\MiKTeX\tex/generic/pgf/frontendlayer/
tikz/libraries\tikzlibrarytopaths.code.tex
File: tikzlibrarytopaths.code.tex 2023-01-15 v3.1.10 (3.1.10)
)))
(C:\Users\fusionXX\AppData\Local\Programs\MiKTeX\tex/generic/pgf/frontendlayer/
tikz/libraries\tikzlibraryplotmarks.code.tex
File: tikzlibraryplotmarks.code.tex 2023-01-15 v3.1.10 (3.1.10)

(C:\Users\fusionXX\AppData\Local\Programs\MiKTeX\tex/generic/pgf/libraries\pgfl
ibraryplotmarks.code.tex
File: pgflibraryplotmarks.code.tex 2023-01-15 v3.1.10 (3.1.10)
))
(C:\Users\fusionXX\AppData\Local\Programs\MiKTeX\tex/latex/pgfplots\pgfplots.st
y
(C:\Users\fusionXX\AppData\Local\Programs\MiKTeX\tex/generic/pgfplots\pgfplots.
revision.tex)
Package: pgfplots 2021/05/15 v1.18.1 Data Visualization (1.18.1)

(C:\Users\fusionXX\AppData\Local\Programs\MiKTeX\tex/generic/pgfplots\pgfplots.
code.tex
(C:\Users\fusionXX\AppData\Local\Programs\MiKTeX\tex/generic/pgfplots\pgfplotsc
ore.code.tex
\t@pgfplots@toka=\toks37
\t@pgfplots@tokb=\toks38
\t@pgfplots@tokc=\toks39
\pgfplots@tmpa=\dimen276
\c@pgfplots@coordindex=\count311
\c@pgfplots@scanlineindex=\count312

(C:\Users\fusionXX\AppData\Local\Programs\MiKTeX\tex/generic/pgfplots/sys\pgfpl
otssysgeneric.code.tex))
(C:\Users\fusionXX\AppData\Local\Programs\MiKTeX\tex/generic/pgfplots/libs\pgfp
lotslibrary.code.tex)
(C:\Users\fusionXX\AppData\Local\Programs\MiKTeX\tex/generic/pgfplots/oldpgfcom
patib\pgfplotsoldpgfsupp_loader.code.tex
(C:\Users\fusionXX\AppData\Local\Programs\MiKTeX\tex/generic/pgf/libraries\pgfl
ibraryfpu.code.tex)
Package pgfplots: loading complementary utilities for your pgf version...
\t@pgf@toka=\toks40
\t@pgf@tokb=\toks41
\t@pgf@tokc=\toks42

(C:\Users\fusionXX\AppData\Local\Programs\MiKTeX\tex/generic/pgfplots/oldpgfcom
patib\pgfplotsoldpgfsupp_pgfutil-common-lists.tex))
(C:\Users\fusionXX\AppData\Local\Programs\MiKTeX\tex/generic/pgfplots/util\pgfp
lotsutil.code.tex
(C:\Users\fusionXX\AppData\Local\Programs\MiKTeX\tex/generic/pgfplots/liststruc
ture\pgfplotsliststructure.code.tex)
(C:\Users\fusionXX\AppData\Local\Programs\MiKTeX\tex/generic/pgfplots/liststruc
ture\pgfplotsliststructureext.code.tex)
(C:\Users\fusionXX\AppData\Local\Programs\MiKTeX\tex/generic/pgfplots/liststruc
ture\pgfplotsarray.code.tex
\c@pgfplotsarray@tmp=\count313
)
(C:\Users\fusionXX\AppData\Local\Programs\MiKTeX\tex/generic/pgfplots/liststruc
ture\pgfplotsmatrix.code.tex)
(C:\Users\fusionXX\AppData\Local\Programs\MiKTeX\tex/generic/pgfplots/numtable\
pgfplotstableshared.code.tex
\c@pgfplotstable@counta=\count314
\t@pgfplotstable@a=\toks43
)
(C:\Users\fusionXX\AppData\Local\Programs\MiKTeX\tex/generic/pgfplots/liststruc
ture\pgfplotsdeque.code.tex)
(C:\Users\fusionXX\AppData\Local\Programs\MiKTeX\tex/generic/pgfplots/util\pgfp
lotsbinary.code.tex
(C:\Users\fusionXX\AppData\Local\Programs\MiKTeX\tex/generic/pgfplots/util\pgfp
lotsbinary.data.code.tex))
(C:\Users\fusionXX\AppData\Local\Programs\MiKTeX\tex/generic/pgfplots/util\pgfp
lotsutil.verb.code.tex)
(C:\Users\fusionXX\AppData\Local\Programs\MiKTeX\tex/generic/pgfplots/libs\pgfl
ibrarypgfplots.surfshading.code.tex
\c@pgfplotslibrarysurf@no=\count315

(C:\Users\fusionXX\AppData\Local\Programs\MiKTeX\tex/generic/pgfplots/sys\pgfli
brarypgfplots.surfshading.pgfsys-pdftex.def)))
(C:\Users\fusionXX\AppData\Local\Programs\MiKTeX\tex/generic/pgfplots/util\pgfp
lotscolormap.code.tex
(C:\Users\fusionXX\AppData\Local\Programs\MiKTeX\tex/generic/pgfplots/util\pgfp
lotscolor.code.tex))
(C:\Users\fusionXX\AppData\Local\Programs\MiKTeX\tex/generic/pgfplots\pgfplotss
tackedplots.code.tex)
(C:\Users\fusionXX\AppData\Local\Programs\MiKTeX\tex/generic/pgfplots\pgfplotsp
lothandlers.code.tex
(C:\Users\fusionXX\AppData\Local\Programs\MiKTeX\tex/generic/pgfplots\pgfplotsm
eshplothandler.code.tex
(C:\Users\fusionXX\AppData\Local\Programs\MiKTeX\tex/generic/pgfplots\pgfplotsm
eshplotimage.code.tex)))
(C:\Users\fusionXX\AppData\Local\Programs\MiKTeX\tex/generic/pgfplots\pgfplots.
scaling.code.tex)
(C:\Users\fusionXX\AppData\Local\Programs\MiKTeX\tex/generic/pgfplots\pgfplotsc
oordprocessing.code.tex)
(C:\Users\fusionXX\AppData\Local\Programs\MiKTeX\tex/generic/pgfplots\pgfplots.
errorbars.code.tex)
(C:\Users\fusionXX\AppData\Local\Programs\MiKTeX\tex/generic/pgfplots\pgfplots.
markers.code.tex)
(C:\Users\fusionXX\AppData\Local\Programs\MiKTeX\tex/generic/pgfplots\pgfplotst
icks.code.tex)
(C:\Users\fusionXX\AppData\Local\Programs\MiKTeX\tex/generic/pgfplots\pgfplots.
paths.code.tex)
(C:\Users\fusionXX\AppData\Local\Programs\MiKTeX\tex/generic/pgf/frontendlayer/
tikz/libraries\tikzlibrarydecorations.code.tex
(C:\Users\fusionXX\AppData\Local\Programs\MiKTeX\tex/generic/pgf/modules\pgfmod
uledecorations.code.tex
\pgfdecoratedcompleteddistance=\dimen277
\pgfdecoratedremainingdistance=\dimen278
\pgfdecoratedinputsegmentcompleteddistance=\dimen279
\pgfdecoratedinputsegmentremainingdistance=\dimen280
\pgf@decorate@distancetomove=\dimen281
\pgf@decorate@repeatstate=\count316
\pgfdecorationsegmentamplitude=\dimen282
\pgfdecorationsegmentlength=\dimen283
)
\tikz@lib@dec@box=\box68
)
(C:\Users\fusionXX\AppData\Local\Programs\MiKTeX\tex/generic/pgf/frontendlayer/
tikz/libraries\tikzlibrarydecorations.pathmorphing.code.tex
(C:\Users\fusionXX\AppData\Local\Programs\MiKTeX\tex/generic/pgf/libraries/deco
rations\pgflibrarydecorations.pathmorphing.code.tex))
(C:\Users\fusionXX\AppData\Local\Programs\MiKTeX\tex/generic/pgf/frontendlayer/
tikz/libraries\tikzlibrarydecorations.pathreplacing.code.tex
(C:\Users\fusionXX\AppData\Local\Programs\MiKTeX\tex/generic/pgf/libraries/deco
rations\pgflibrarydecorations.pathreplacing.code.tex))
(C:\Users\fusionXX\AppData\Local\Programs\MiKTeX\tex/generic/pgfplots/libs\tikz
librarypgfplots.contourlua.code.tex)
\pgfplots@numplots=\count317
\pgfplots@xmin@reg=\dimen284
\pgfplots@xmax@reg=\dimen285
\pgfplots@ymin@reg=\dimen286
\pgfplots@ymax@reg=\dimen287
\pgfplots@zmin@reg=\dimen288
\pgfplots@zmax@reg=\dimen289
))
(C:\Users\fusionXX\AppData\Local\Programs\MiKTeX\tex/latex/placeins\placeins.st
y
Package: placeins 2005/04/18  v 2.2
)
(C:\Users\fusionXX\AppData\Local\Programs\MiKTeX\tex/latex/enumitem\enumitem.st
y
Package: enumitem 2019/06/20 v3.9 Customized lists
\labelindent=\skip61
\enit@outerparindent=\dimen290
\enit@toks=\toks44
\enit@inbox=\box69
\enit@count@id=\count318
\enitdp@description=\count319
)
(C:\Users\fusionXX\AppData\Local\Programs\MiKTeX\tex/latex/xifthen\xifthen.sty
Package: xifthen 2015/11/05 v1.4.0 Extended ifthen features

(C:\Users\fusionXX\AppData\Local\Programs\MiKTeX\tex/latex/ifmtarg\ifmtarg.sty
Package: ifmtarg 2018/04/16 v1.2b check for an empty argument
))
(C:\Users\fusionXX\AppData\Local\Programs\MiKTeX\tex/generic/pgfplots/libs\tikz
librarypgfplots.external.code.tex
(C:\Users\fusionXX\AppData\Local\Programs\MiKTeX\tex/latex/pgf/frontendlayer/li
braries\tikzlibraryexternal.code.tex
(C:\Users\fusionXX\AppData\Local\Programs\MiKTeX\tex/generic/pdftexcmds\pdftexc
mds.sty
Package: pdftexcmds 2020-06-27 v0.33 Utility functions of pdfTeX for LuaTeX (HO
)

(C:\Users\fusionXX\AppData\Local\Programs\MiKTeX\tex/generic/iftex\iftex.sty
Package: iftex 2022/02/03 v1.0f TeX engine tests
)
Package pdftexcmds Info: \pdf@primitive is available.
Package pdftexcmds Info: \pdf@ifprimitive is available.
Package pdftexcmds Info: \pdfdraftmode found.
)
(C:\Users\fusionXX\AppData\Local\Programs\MiKTeX\tex/latex/base\atveryend-ltx.s
ty
Package: atveryend-ltx 2020/08/19 v1.0a Emulation of the original atveryend pac
kage
with kernel methods
)
(C:\Users\fusionXX\AppData\Local\Programs\MiKTeX\tex/generic/pgf/frontendlayer/
tikz/libraries\tikzexternalshared.code.tex)))
(C:\Users\fusionXX\AppData\Local\Programs\MiKTeX\tex/generic/pgfplots/libs\tikz
librarypgfplots.fillbetween.code.tex
(C:\Users\fusionXX\AppData\Local\Programs\MiKTeX\tex/generic/pgfplots/pgfcontri
b\tikzlibraryfillbetween.code.tex
(C:\Users\fusionXX\AppData\Local\Programs\MiKTeX\tex/generic/pgf/frontendlayer/
tikz/libraries\tikzlibraryintersections.code.tex
(C:\Users\fusionXX\AppData\Local\Programs\MiKTeX\tex/generic/pgf/libraries\pgfl
ibraryintersections.code.tex
\pgf@intersect@solutions=\count320
))
(C:\Users\fusionXX\AppData\Local\Programs\MiKTeX\tex/generic/pgfplots/pgfcontri
b\tikzlibrarydecorations.softclip.code.tex
(C:\Users\fusionXX\AppData\Local\Programs\MiKTeX\tex/generic/pgfplots/pgfcontri
b\pgflibraryfillbetween.code.tex)))
(C:\Users\fusionXX\AppData\Local\Programs\MiKTeX\tex/generic/pgfplots/libs\tikz
librarypgfplots.decorations.softclip.code.tex))
\openout3 = `monkes-paper.auxlock'.


(C:\Users\fusionXX\AppData\Local\Programs\MiKTeX\tex/latex/pdfpages\pdfpages.st
y
Package: pdfpages 2022/12/19 v0.5x Insert pages of external PDF documents (AM)

(C:\Users\fusionXX\AppData\Local\Programs\MiKTeX\tex/latex/eso-pic\eso-pic.sty
Package: eso-pic 2023/03/23 v3.0b eso-pic (RN)
\ESO@tempdima=\dimen291
\ESO@tempdimb=\dimen292
)
\AM@pagewidth=\dimen293
\AM@pageheight=\dimen294
\AM@fboxrule=\dimen295

(C:\Users\fusionXX\AppData\Local\Programs\MiKTeX\tex/latex/pdfpages\pppdftex.de
f
File: pppdftex.def 2022/12/19 v0.5x Pdfpages driver for pdfTeX (AM)
)
\pdfpages@includegraphics@status=\count321
\AM@pagebox=\box70
\AM@global@opts=\toks45
\AM@pagecnt=\count322
\AM@toc@title=\toks46
\AM@lof@heading=\toks47
\c@AM@survey=\count323
\AM@templatesizebox=\box71
)
(C:\Users\fusionXX\AppData\Local\Programs\MiKTeX\tex/latex/booktabs\booktabs.st
y
Package: booktabs 2020/01/12 v1.61803398 Publication quality tables
\heavyrulewidth=\dimen296
\lightrulewidth=\dimen297
\cmidrulewidth=\dimen298
\belowrulesep=\dimen299
\belowbottomsep=\dimen300
\aboverulesep=\dimen301
\abovetopsep=\dimen302
\cmidrulesep=\dimen303
\cmidrulekern=\dimen304
\defaultaddspace=\dimen305
\@cmidla=\count324
\@cmidlb=\count325
\@aboverulesep=\dimen306
\@belowrulesep=\dimen307
\@thisruleclass=\count326
\@lastruleclass=\count327
\@thisrulewidth=\dimen308
)
(C:\Users\fusionXX\AppData\Local\Programs\MiKTeX\tex/latex/appendix\appendix.st
y
Package: appendix 2020/02/08 v1.2c extra appendix facilities
\c@@pps=\count328
\c@@ppsavesec=\count329
\c@@ppsaveapp=\count330
)
(C:\Users\fusionXX\AppData\Local\Programs\MiKTeX\tex/latex/slashbox\slashbox.st
y
slashbox style by K.Yasuoka, May 1993.
\@slashboxa=\box72
\@slashboxb=\box73
\@slashboxc=\box74
\@slashboxwd=\count331
\@slashboxht=\count332
\@slashsepl=\dimen309
\@slashsepr=\dimen310
) (monkes-paper.aux)
\openout1 = `monkes-paper.aux'.

LaTeX Font Info:    Checking defaults for OML/cmm/m/it on input line 141.
LaTeX Font Info:    ... okay on input line 141.
LaTeX Font Info:    Checking defaults for OMS/cmsy/m/n on input line 141.
LaTeX Font Info:    ... okay on input line 141.
LaTeX Font Info:    Checking defaults for OT1/cmr/m/n on input line 141.
LaTeX Font Info:    ... okay on input line 141.
LaTeX Font Info:    Checking defaults for T1/cmr/m/n on input line 141.
LaTeX Font Info:    ... okay on input line 141.
LaTeX Font Info:    Checking defaults for TS1/cmr/m/n on input line 141.
LaTeX Font Info:    ... okay on input line 141.
LaTeX Font Info:    Checking defaults for OMX/cmex/m/n on input line 141.
LaTeX Font Info:    ... okay on input line 141.
LaTeX Font Info:    Checking defaults for U/cmr/m/n on input line 141.
LaTeX Font Info:    ... okay on input line 141.

(C:\Users\fusionXX\AppData\Local\Programs\MiKTeX\tex/context/base/mkii\supp-pdf
.mkii
[Loading MPS to PDF converter (version 2006.09.02).]
\scratchcounter=\count333
\scratchdimen=\dimen311
\scratchbox=\box75
\nofMPsegments=\count334
\nofMParguments=\count335
\everyMPshowfont=\toks48
\MPscratchCnt=\count336
\MPscratchDim=\dimen312
\MPnumerator=\count337
\makeMPintoPDFobject=\count338
\everyMPtoPDFconversion=\toks49
)
(C:\Users\fusionXX\AppData\Local\Programs\MiKTeX\tex/latex/epstopdf-pkg\epstopd
f-base.sty
Package: epstopdf-base 2020-01-24 v2.11 Base part for package epstopdf
Package epstopdf-base Info: Redefining graphics rule for `.eps' on input line 4
85.

(C:\Users\fusionXX\AppData\Local\Programs\MiKTeX\tex/latex/00miktex\epstopdf-sy
s.cfg
File: epstopdf-sys.cfg 2021/03/18 v2.0 Configuration of epstopdf for MiKTeX
))
Package caption Info: Begin \AtBeginDocument code.
Package caption Info: End \AtBeginDocument code.

Package pgfplots notification 'compat/show suggested version=true': you might b
enefit from \pgfplotsset{compat=1.18} (current compat level: 1.12).


(C:\Users\fusionXX\AppData\Local\Programs\MiKTeX\tex/latex/pdflscape\pdflscape.
sty
Package: pdflscape 2022-10-27 v0.13 Display of landscape pages in PDF

(C:\Users\fusionXX\AppData\Local\Programs\MiKTeX\tex/latex/pdflscape\pdflscape-
nometadata.sty
Package: pdflscape-nometadata 2022-10-28 v0.13 Display of landscape pages in PD
F (HO)

(C:\Users\fusionXX\AppData\Local\Programs\MiKTeX\tex/latex/graphics\lscape.sty
Package: lscape 2020/05/28 v3.02 Landscape Pages (DPC)
)
Package pdflscape Info: Auto-detected driver: pdftex on input line 81.
))
LaTeX Font Info:    Trying to load font information for U+msa on input line 145
.
 (C:\Users\fusionXX\AppData\Local\Programs\MiKTeX\tex/latex/amsfonts\umsa.fd
File: umsa.fd 2013/01/14 v3.01 AMS symbols A
)
LaTeX Font Info:    Trying to load font information for U+msb on input line 145
.
(C:\Users\fusionXX\AppData\Local\Programs\MiKTeX\tex/latex/amsfonts\umsb.fd
File: umsb.fd 2013/01/14 v3.01 AMS symbols B
)
LaTeX Font Info:    Trying to load font information for U+lasy on input line 14
5.

(C:\Users\fusionXX\AppData\Local\Programs\MiKTeX\tex/latex/base\ulasy.fd
File: ulasy.fd 1998/08/17 v2.2e LaTeX symbol font definitions
)
Underfull \hbox (badness 1478) in paragraph at lines 155--157
\OT1/cmr/m/n/8 transport suites. The code and data from this paper are availabl
e at
 []


Underfull \hbox (badness 1888) in paragraph at lines 162--165
\OT1/cmr/m/it/10 Keywords\OT1/cmr/m/n/10 : stellarator optimization, neoclassic
al transport, bootstrap current.
 []

[1

{C:/Users/fusionXX/AppData/Local/MiKTeX/fonts/map/pdftex/pdftex.map}]
LaTeX Font Info:    Font shape `U/lasy/b/n' in size <7> not available
(Font)              Font shape `U/lasy/m/n' tried instead on input line 178.
LaTeX Font Info:    Font shape `U/lasy/b/n' in size <5> not available
(Font)              Font shape `U/lasy/m/n' tried instead on input line 178.

Underfull \hbox (badness 4181) in paragraph at lines 182--182
[][]\OT1/cmr/m/n/8 With the exception of the quasi-poloidally symmetric
 []


Underfull \hbox (badness 1881) in paragraph at lines 182--183
\OT1/cmr/m/n/10 low neoclassical losses [[]]. In contrast to QI
 []

[2

]
Underfull \hbox (badness 2035) in paragraph at lines 188--189
\OT1/cmr/m/n/10 equations solved by \OT1/cmtt/m/n/10 KNOSOS \OT1/cmr/m/n/10 onl
y describe radial
 []


Underfull \hbox (badness 1845) in paragraph at lines 190--191
\OML/cmm/m/it/10 i; j \OMS/cmsy/m/n/10 2 f\OT1/cmr/m/n/10 1\OML/cmm/m/it/10 ; \
OT1/cmr/m/n/10 2\OML/cmm/m/it/10 ; \OT1/cmr/m/n/10 3\OMS/cmsy/m/n/10 g$ \OT1/cm
r/m/n/10 (their precise definition is given
 []


Underfull \hbox (badness 1264) in paragraph at lines 192--193
\OT1/cmr/m/n/10 for stellarators very close to perfect omnigeneity.
 []


Underfull \hbox (badness 1122) in paragraph at lines 195--196
\OT1/cmr/m/n/10 section 4[], by means of a convergence study, we
 []


Underfull \hbox (badness 1221) in paragraph at lines 252--253
[]\OT1/cmr/m/n/10 We denote the Lorentz pitch-angle scattering
 []

[3]
Underfull \hbox (badness 1796) in paragraph at lines 265--267
\OT1/cmr/m/n/10 is the error function and $[] ^^C$ is the Coulomb
 []


Underfull \hbox (badness 2426) in paragraph at lines 295--298
\OT1/cmr/m/n/10 ideal magnetohydrodynamical equilibrium, $
[] =
 []


Underfull \hbox (badness 1990) in paragraph at lines 307--309
[]\OT1/cmr/m/n/10 Mathematically speaking, there are still two
 []


Underfull \hbox (badness 1097) in paragraph at lines 307--309
\OT1/cmr/m/n/10 additional conditions to completely determine the
 []


Underfull \hbox (badness 1158) in paragraph at lines 408--409
\OT1/cmr/m/n/10 coefficients which, for fixed $([]\OML/cmm/m/it/10 ; []\OT1/cmr
/m/n/10 )$, depend only
 []

[4]
Underfull \hbox (badness 4168) in paragraph at lines 463--465
\OT1/cmr/m/n/10 that (unlike $\OML/cmm/m/it/10 D[]$\OT1/cmr/m/n/10 ) the monoen
ergetic geometric
 []


Underfull \hbox (badness 1389) in paragraph at lines 463--465
\OT1/cmr/m/n/10 [[]] or there is no radial electric field, Onsager
 []


Underfull \hbox (badness 1681) in paragraph at lines 605--606
[]\OT1/cmr/m/n/10 First, in subsection 3.1[] we will present the
 []

[5]
Underfull \hbox (badness 1924) in paragraph at lines 646--648
[]\OT1/cmr/m/n/10 Using (27[]) and (28[]), the spatial differential
 []


Underfull \hbox (badness 3428) in paragraph at lines 669--670
[]\OT1/cmr/m/n/10 After the explanation of the algorithm, in
 []


Underfull \hbox (badness 3780) in paragraph at lines 669--670
\OT1/cmr/m/n/10 subsection 3.2[] its implementation in \OT1/cmtt/m/n/10 MONKES 
\OT1/cmr/m/n/10 is
 []

[6] [7]
Underfull \hbox (badness 1052) in paragraph at lines 851--853
[]\OT1/cmr/m/n/10 Similarly to what is done to obtain $[][]$, to
 []


Underfull \hbox (badness 1571) in paragraph at lines 866--867
\OT1/cmr/m/n/10 equation (51[]) by this method requires $\OML/cmm/m/it/10 O\OT1
/cmr/m/n/10 (\OML/cmm/m/it/10 N[]N[]\OT1/cmr/m/n/10 )$
 []

[8]
Underfull \hbox (badness 1796) in paragraph at lines 941--942
\OML/cmm/m/it/10 N[]$ \OT1/cmr/m/n/10 and $\OML/cmm/m/it/10 N[]$ \OT1/cmr/m/n/1
0 for which \OT1/cmtt/m/n/10 MONKES \OT1/cmr/m/n/10 provides accurate
 []


LaTeX Warning: `h' float specifier changed to `ht'.


Underfull \hbox (badness 1062) in paragraph at lines 961--963
\OT1/cmr/m/n/10 so that increasing them varies the monoenergetic
 []

[9]
Underfull \hbox (badness 1308) in paragraph at lines 968--972
\OT1/cmr/m/n/10 an $\OML/cmm/m/it/10 ^^O$\OT1/cmr/m/n/10 % with respect to $[]$
. This interval will
 []


Underfull \hbox (badness 1014) in paragraph at lines 968--972
\OT1/cmr/m/n/10 be used for selecting the resolutions through the
 []


Underfull \hbox (badness 1019) in paragraph at lines 968--972
\OT1/cmr/m/n/10 following convergence criteria. We say that, for
 []


Underfull \hbox (badness 1028) in paragraph at lines 984--986
\OT1/cmr/m/n/10 close to QI, the relative convergence criteria can
 []


Underfull \hbox (badness 1496) in paragraph at lines 984--986
\OT1/cmr/m/n/10 become too demanding (the smaller $[]$ is, the
 []


Underfull \hbox (badness 1163) in paragraph at lines 987--988
\OML/cmm/m/it/10 N[]$\OT1/cmr/m/n/10 . On the other hand, the bootstrap current

 []

<Convergence-Legendre-W7X-EIM-s0200-Er-0-D11.pdf, id=59, 155.06232pt x 129.4496
3pt>
File: Convergence-Legendre-W7X-EIM-s0200-Er-0-D11.pdf Graphic file (type pdf)
<use Convergence-Legendre-W7X-EIM-s0200-Er-0-D11.pdf>
Package pdftex.def Info: Convergence-Legendre-W7X-EIM-s0200-Er-0-D11.pdf  used 
on input line 1001.
(pdftex.def)             Requested size: 155.06192pt x 129.4493pt.

Overfull \hbox (35.7126pt too wide) in paragraph at lines 1002--1002
[]\OT1/cmr/m/n/9 (a)|| 
 []

<Convergence-Legendre-W7X-EIM-s0200-Er-0-D33.pdf, id=60, 155.06232pt x 129.4486
1pt>
File: Convergence-Legendre-W7X-EIM-s0200-Er-0-D33.pdf Graphic file (type pdf)
<use Convergence-Legendre-W7X-EIM-s0200-Er-0-D33.pdf>
Package pdftex.def Info: Convergence-Legendre-W7X-EIM-s0200-Er-0-D33.pdf  used 
on input line 1009.
(pdftex.def)             Requested size: 155.06192pt x 129.44829pt.

Overfull \hbox (36.22649pt too wide) in paragraph at lines 1011--1011
[]\OT1/cmr/m/n/9 (b)|| 
 []

<Convergence-Legendre-W7X-EIM-s0200-Er-0-D31-Detail.pdf, id=61, 155.36745pt x 1
29.44562pt>
File: Convergence-Legendre-W7X-EIM-s0200-Er-0-D31-Detail.pdf Graphic file (type
 pdf)
<use Convergence-Legendre-W7X-EIM-s0200-Er-0-D31-Detail.pdf>
Package pdftex.def Info: Convergence-Legendre-W7X-EIM-s0200-Er-0-D31-Detail.pdf
  used on input line 1017.
(pdftex.def)             Requested size: 155.36705pt x 129.44528pt.

Overfull \hbox (35.19872pt too wide) in paragraph at lines 1019--1019
[]\OT1/cmr/m/n/9 (c)|| 
 []

<Convergence-theta-zeta-W7X-EIM-s0200-Er-0-D31.pdf, id=62, 149.70831pt x 129.45
163pt>
File: Convergence-theta-zeta-W7X-EIM-s0200-Er-0-D31.pdf Graphic file (type pdf)

<use Convergence-theta-zeta-W7X-EIM-s0200-Er-0-D31.pdf>
Package pdftex.def Info: Convergence-theta-zeta-W7X-EIM-s0200-Er-0-D31.pdf  use
d on input line 1025.
(pdftex.def)             Requested size: 149.70793pt x 129.45131pt.

Overfull \hbox (36.22649pt too wide) in paragraph at lines 1027--1027
[]\OT1/cmr/m/n/9 (d)|| 
 []

[10]

LaTeX Warning: `h' float specifier changed to `ht'.


LaTeX Warning: No positions in optional float specifier.
               Default added (so using `tbp') on input line 1033.

<Convergence-Legendre-W7X-EIM-s0200-Er-3e-4-D11.pdf, id=66, 149.9201pt x 129.45
665pt>
File: Convergence-Legendre-W7X-EIM-s0200-Er-3e-4-D11.pdf Graphic file (type pdf
)
<use Convergence-Legendre-W7X-EIM-s0200-Er-3e-4-D11.pdf>
Package pdftex.def Info: Convergence-Legendre-W7X-EIM-s0200-Er-3e-4-D11.pdf  us
ed on input line 1037.
(pdftex.def)             Requested size: 149.91972pt x 129.45633pt.

Overfull \hbox (35.7126pt too wide) in paragraph at lines 1039--1039
[]\OT1/cmr/m/n/9 (a)|| 
 []

<Convergence-Legendre-W7X-EIM-s0200-Er-3e-4-D33.pdf, id=67, 149.9201pt x 129.44
762pt>
File: Convergence-Legendre-W7X-EIM-s0200-Er-3e-4-D33.pdf Graphic file (type pdf
)
<use Convergence-Legendre-W7X-EIM-s0200-Er-3e-4-D33.pdf>
Package pdftex.def Info: Convergence-Legendre-W7X-EIM-s0200-Er-3e-4-D33.pdf  us
ed on input line 1046.
(pdftex.def)             Requested size: 149.91972pt x 129.4473pt.

Overfull \hbox (36.22649pt too wide) in paragraph at lines 1048--1048
[]\OT1/cmr/m/n/9 (b)|| 
 []

<Convergence-Legendre-W7X-EIM-s0200-Er-3e-4-D31-Detail.pdf, id=68, 149.9201pt x
 129.44762pt>
File: Convergence-Legendre-W7X-EIM-s0200-Er-3e-4-D31-Detail.pdf Graphic file (t
ype pdf)
<use Convergence-Legendre-W7X-EIM-s0200-Er-3e-4-D31-Detail.pdf>
Package pdftex.def Info: Convergence-Legendre-W7X-EIM-s0200-Er-3e-4-D31-Detail.
pdf  used on input line 1055.
(pdftex.def)             Requested size: 149.91972pt x 129.4473pt.

Overfull \hbox (35.19872pt too wide) in paragraph at lines 1057--1057
[]\OT1/cmr/m/n/9 (c)|| 
 []

<Convergence-theta-zeta-W7X-EIM-s0200-Er-3e-4-D31.pdf, id=69, 149.7063pt x 129.
44963pt>
File: Convergence-theta-zeta-W7X-EIM-s0200-Er-3e-4-D31.pdf Graphic file (type p
df)
<use Convergence-theta-zeta-W7X-EIM-s0200-Er-3e-4-D31.pdf>
Package pdftex.def Info: Convergence-theta-zeta-W7X-EIM-s0200-Er-3e-4-D31.pdf  
used on input line 1063.
(pdftex.def)             Requested size: 149.70592pt x 129.4493pt.

Overfull \hbox (36.22649pt too wide) in paragraph at lines 1065--1065
[]\OT1/cmr/m/n/9 (d)|| 
 []

<Convergence-Legendre-W7X-KJM-s0204-Er-0-D11.pdf, id=70, 155.06232pt x 129.4476
2pt>
File: Convergence-Legendre-W7X-KJM-s0204-Er-0-D11.pdf Graphic file (type pdf)
<use Convergence-Legendre-W7X-KJM-s0204-Er-0-D11.pdf>
Package pdftex.def Info: Convergence-Legendre-W7X-KJM-s0204-Er-0-D11.pdf  used 
on input line 1078.
(pdftex.def)             Requested size: 155.06192pt x 129.4473pt.

Overfull \hbox (35.7126pt too wide) in paragraph at lines 1080--1080
[]\OT1/cmr/m/n/9 (a)|| 
 []

<Convergence-Legendre-W7X-KJM-s0204-Er-0-D33.pdf, id=71, 155.06232pt x 129.4496
3pt>
File: Convergence-Legendre-W7X-KJM-s0204-Er-0-D33.pdf Graphic file (type pdf)
<use Convergence-Legendre-W7X-KJM-s0204-Er-0-D33.pdf>
Package pdftex.def Info: Convergence-Legendre-W7X-KJM-s0204-Er-0-D33.pdf  used 
on input line 1087.
(pdftex.def)             Requested size: 155.06192pt x 129.4493pt.

Overfull \hbox (36.22649pt too wide) in paragraph at lines 1089--1089
[]\OT1/cmr/m/n/9 (b)|| 
 []

<Convergence-Legendre-W7X-KJM-s0204-Er-0-D31-Detail.pdf, id=72, 155.7057pt x 12
9.44861pt>
File: Convergence-Legendre-W7X-KJM-s0204-Er-0-D31-Detail.pdf Graphic file (type
 pdf)
<use Convergence-Legendre-W7X-KJM-s0204-Er-0-D31-Detail.pdf>
Package pdftex.def Info: Convergence-Legendre-W7X-KJM-s0204-Er-0-D31-Detail.pdf
  used on input line 1096.
(pdftex.def)             Requested size: 155.70532pt x 129.44829pt.

Overfull \hbox (35.19872pt too wide) in paragraph at lines 1098--1098
[]\OT1/cmr/m/n/9 (c)|| 
 []

<Convergence-theta-zeta-W7X-KJM-s0204-Er-0-D31.pdf, id=73, 149.71333pt x 129.44
861pt>
File: Convergence-theta-zeta-W7X-KJM-s0204-Er-0-D31.pdf Graphic file (type pdf)

<use Convergence-theta-zeta-W7X-KJM-s0204-Er-0-D31.pdf>
Package pdftex.def Info: Convergence-theta-zeta-W7X-KJM-s0204-Er-0-D31.pdf  use
d on input line 1104.
(pdftex.def)             Requested size: 149.71295pt x 129.44829pt.

Overfull \hbox (36.22649pt too wide) in paragraph at lines 1106--1106
[]\OT1/cmr/m/n/9 (d)|| 
 []

<Convergence-Legendre-W7X-KJM-s0204-Er-3e-4-D11.pdf, id=74, 149.70831pt x 129.4
446pt>
File: Convergence-Legendre-W7X-KJM-s0204-Er-3e-4-D11.pdf Graphic file (type pdf
)
<use Convergence-Legendre-W7X-KJM-s0204-Er-3e-4-D11.pdf>
Package pdftex.def Info: Convergence-Legendre-W7X-KJM-s0204-Er-3e-4-D11.pdf  us
ed on input line 1116.
(pdftex.def)             Requested size: 149.70793pt x 129.44427pt.

Overfull \hbox (35.7126pt too wide) in paragraph at lines 1118--1118
[]\OT1/cmr/m/n/9 (a)|| 
 []

<Convergence-Legendre-W7X-KJM-s0204-Er-3e-4-D33.pdf, id=75, 149.70831pt x 129.4
5564pt>
File: Convergence-Legendre-W7X-KJM-s0204-Er-3e-4-D33.pdf Graphic file (type pdf
)
<use Convergence-Legendre-W7X-KJM-s0204-Er-3e-4-D33.pdf>
Package pdftex.def Info: Convergence-Legendre-W7X-KJM-s0204-Er-3e-4-D33.pdf  us
ed on input line 1124.
(pdftex.def)             Requested size: 149.70793pt x 129.45532pt.

Overfull \hbox (36.22649pt too wide) in paragraph at lines 1126--1126
[]\OT1/cmr/m/n/9 (b)|| 
 []

<Convergence-Legendre-W7X-KJM-s0204-Er-3e-4-D31-Detail.pdf, id=76, 149.70831pt 
x 129.45464pt>
File: Convergence-Legendre-W7X-KJM-s0204-Er-3e-4-D31-Detail.pdf Graphic file (t
ype pdf)
<use Convergence-Legendre-W7X-KJM-s0204-Er-3e-4-D31-Detail.pdf>
Package pdftex.def Info: Convergence-Legendre-W7X-KJM-s0204-Er-3e-4-D31-Detail.
pdf  used on input line 1133.
(pdftex.def)             Requested size: 149.70793pt x 129.4543pt.

Overfull \hbox (35.19872pt too wide) in paragraph at lines 1135--1135
[]\OT1/cmr/m/n/9 (c)|| 
 []

<Convergence-theta-zeta-W7X-KJM-s0204-Er-3e-4-D31.pdf, id=77, 149.71333pt x 129
.44963pt>
File: Convergence-theta-zeta-W7X-KJM-s0204-Er-3e-4-D31.pdf Graphic file (type p
df)
<use Convergence-theta-zeta-W7X-KJM-s0204-Er-3e-4-D31.pdf>
Package pdftex.def Info: Convergence-theta-zeta-W7X-KJM-s0204-Er-3e-4-D31.pdf  
used on input line 1141.
(pdftex.def)             Requested size: 149.71295pt x 129.4493pt.

Overfull \hbox (36.22649pt too wide) in paragraph at lines 1143--1143
[]\OT1/cmr/m/n/9 (d)|| 
 []

<Convergence-Legendre-CIEMAT-QI-s0250-Er-0-D11.pdf, id=78, 149.91908pt x 129.44
46pt>
File: Convergence-Legendre-CIEMAT-QI-s0250-Er-0-D11.pdf Graphic file (type pdf)

<use Convergence-Legendre-CIEMAT-QI-s0250-Er-0-D11.pdf>
Package pdftex.def Info: Convergence-Legendre-CIEMAT-QI-s0250-Er-0-D11.pdf  use
d on input line 1156.
(pdftex.def)             Requested size: 149.9187pt x 129.44427pt.

Overfull \hbox (35.7126pt too wide) in paragraph at lines 1158--1158
[]\OT1/cmr/m/n/9 (a)|| 
 []

<Convergence-Legendre-CIEMAT-QI-s0250-Er-0-D33.pdf, id=79, 149.91908pt x 129.45
564pt>
File: Convergence-Legendre-CIEMAT-QI-s0250-Er-0-D33.pdf Graphic file (type pdf)

<use Convergence-Legendre-CIEMAT-QI-s0250-Er-0-D33.pdf>
Package pdftex.def Info: Convergence-Legendre-CIEMAT-QI-s0250-Er-0-D33.pdf  use
d on input line 1164.
(pdftex.def)             Requested size: 149.9187pt x 129.45532pt.

Overfull \hbox (36.22649pt too wide) in paragraph at lines 1166--1166
[]\OT1/cmr/m/n/9 (b)|| 
 []

<Convergence-Legendre-CIEMAT-QI-s0250-Er-0-D31-Detail.pdf, id=80, 149.70831pt x
 129.45364pt>
File: Convergence-Legendre-CIEMAT-QI-s0250-Er-0-D31-Detail.pdf Graphic file (ty
pe pdf)
<use Convergence-Legendre-CIEMAT-QI-s0250-Er-0-D31-Detail.pdf>
Package pdftex.def Info: Convergence-Legendre-CIEMAT-QI-s0250-Er-0-D31-Detail.p
df  used on input line 1174.
(pdftex.def)             Requested size: 149.70793pt x 129.45331pt.

Overfull \hbox (35.19872pt too wide) in paragraph at lines 1176--1176
[]\OT1/cmr/m/n/9 (c)|| 
 []

<Convergence-theta-zeta-CIEMAT-QI-s0250-Er-0-D31.pdf, id=81, 149.7063pt x 129.4
4861pt>
File: Convergence-theta-zeta-CIEMAT-QI-s0250-Er-0-D31.pdf Graphic file (type pd
f)
<use Convergence-theta-zeta-CIEMAT-QI-s0250-Er-0-D31.pdf>
Package pdftex.def Info: Convergence-theta-zeta-CIEMAT-QI-s0250-Er-0-D31.pdf  u
sed on input line 1182.
(pdftex.def)             Requested size: 149.70592pt x 129.44829pt.

Overfull \hbox (36.22649pt too wide) in paragraph at lines 1184--1184
[]\OT1/cmr/m/n/9 (d)|| 
 []

<Convergence-Legendre-CIEMAT-QI-s0250-Er-1e-3-D11.pdf, id=82, 155.06232pt x 129
.44861pt>
File: Convergence-Legendre-CIEMAT-QI-s0250-Er-1e-3-D11.pdf Graphic file (type p
df)
<use Convergence-Legendre-CIEMAT-QI-s0250-Er-1e-3-D11.pdf>
Package pdftex.def Info: Convergence-Legendre-CIEMAT-QI-s0250-Er-1e-3-D11.pdf  
used on input line 1197.
(pdftex.def)             Requested size: 155.06192pt x 129.44829pt.

Overfull \hbox (35.7126pt too wide) in paragraph at lines 1199--1199
[]\OT1/cmr/m/n/9 (a)|| 
 []

<Convergence-Legendre-CIEMAT-QI-s0250-Er-1e-3-D33.pdf, id=83, 155.06232pt x 129
.44661pt>
File: Convergence-Legendre-CIEMAT-QI-s0250-Er-1e-3-D33.pdf Graphic file (type p
df)
<use Convergence-Legendre-CIEMAT-QI-s0250-Er-1e-3-D33.pdf>
Package pdftex.def Info: Convergence-Legendre-CIEMAT-QI-s0250-Er-1e-3-D33.pdf  
used on input line 1205.
(pdftex.def)             Requested size: 155.06192pt x 129.44627pt.

Overfull \hbox (36.22649pt too wide) in paragraph at lines 1207--1207
[]\OT1/cmr/m/n/9 (b)|| 
 []

<Convergence-Legendre-CIEMAT-QI-s0250-Er-1e-3-D31-Detail.pdf, id=84, 149.7073pt
 x 129.44762pt>
File: Convergence-Legendre-CIEMAT-QI-s0250-Er-1e-3-D31-Detail.pdf Graphic file 
(type pdf)
<use Convergence-Legendre-CIEMAT-QI-s0250-Er-1e-3-D31-Detail.pdf>
Package pdftex.def Info: Convergence-Legendre-CIEMAT-QI-s0250-Er-1e-3-D31-Detai
l.pdf  used on input line 1213.
(pdftex.def)             Requested size: 149.70692pt x 129.4473pt.

Overfull \hbox (35.19872pt too wide) in paragraph at lines 1215--1215
[]\OT1/cmr/m/n/9 (c)|| 
 []

<Convergence-theta-zeta-CIEMAT-QI-s0250-Er-1e-3-D31.pdf, id=85, 156.7175pt x 12
9.44861pt>
File: Convergence-theta-zeta-CIEMAT-QI-s0250-Er-1e-3-D31.pdf Graphic file (type
 pdf)
<use Convergence-theta-zeta-CIEMAT-QI-s0250-Er-1e-3-D31.pdf>
Package pdftex.def Info: Convergence-theta-zeta-CIEMAT-QI-s0250-Er-1e-3-D31.pdf
  used on input line 1221.
(pdftex.def)             Requested size: 156.7171pt x 129.44829pt.

Overfull \hbox (0.61034pt too wide) in paragraph at lines 1221--1223
[][] 
 []


Overfull \hbox (36.22649pt too wide) in paragraph at lines 1223--1223
[]\OT1/cmr/m/n/9 (d)|| 
 []


Underfull \hbox (badness 1137) in paragraph at lines 1238--1239
\OT1/cmr/m/n/10 performance in terms of the wall-clock time and
 []


LaTeX Warning: `h' float specifier changed to `ht'.

<MONKES-Scaling-Legendre.pdf, id=86, 164.15027pt x 137.06207pt>
File: MONKES-Scaling-Legendre.pdf Graphic file (type pdf)
<use MONKES-Scaling-Legendre.pdf>
Package pdftex.def Info: MONKES-Scaling-Legendre.pdf  used on input line 1261.
(pdftex.def)             Requested size: 164.14986pt x 137.06172pt.

Overfull \hbox (21.07852pt too wide) in paragraph at lines 1263--1263
[]\OT1/cmr/m/n/9 (a)|| 
 []

<MONKES-Scaling-Flux-Surface.pdf, id=87, 165.69403pt x 131.49628pt>
File: MONKES-Scaling-Flux-Surface.pdf Graphic file (type pdf)
<use MONKES-Scaling-Flux-Surface.pdf>
Package pdftex.def Info: MONKES-Scaling-Flux-Surface.pdf  used on input line 12
68.
(pdftex.def)             Requested size: 165.6936pt x 131.49594pt.

Overfull \hbox (21.5924pt too wide) in paragraph at lines 1270--1270
[]\OT1/cmr/m/n/9 (b)|| 
 []


LaTeX Warning: `h' float specifier changed to `ht'.

[11]

LaTeX Warning: Text page 12 contains only floats.


Overfull \vbox (1.5309pt too high) has occurred while \output is active []



LaTeX Warning: Text page 12 contains only floats.


Overfull \vbox (1.5309pt too high) has occurred while \output is active []


[12 <./Convergence-Legendre-W7X-EIM-s0200-Er-0-D11.pdf> <./Convergence-Legendre
-W7X-EIM-s0200-Er-0-D33.pdf> <./Convergence-Legendre-W7X-EIM-s0200-Er-0-D31-Det
ail.pdf> <./Convergence-theta-zeta-W7X-EIM-s0200-Er-0-D31.pdf> <./Convergence-L
egendre-W7X-EIM-s0200-Er-3e-4-D11.pdf> <./Convergence-Legendre-W7X-EIM-s0200-Er
-3e-4-D33.pdf> <./Convergence-Legendre-W7X-EIM-s0200-Er-3e-4-D31-Detail.pdf> <.
/Convergence-theta-zeta-W7X-EIM-s0200-Er-3e-4-D31.pdf>]

LaTeX Warning: Text page 13 contains only floats.


Overfull \vbox (1.25409pt too high) has occurred while \output is active []



LaTeX Warning: Text page 13 contains only floats.


Overfull \vbox (1.25409pt too high) has occurred while \output is active []


[13 <./Convergence-Legendre-W7X-KJM-s0204-Er-0-D11.pdf> <./Convergence-Legendre
-W7X-KJM-s0204-Er-0-D33.pdf> <./Convergence-Legendre-W7X-KJM-s0204-Er-0-D31-Det
ail.pdf> <./Convergence-theta-zeta-W7X-KJM-s0204-Er-0-D31.pdf> <./Convergence-L
egendre-W7X-KJM-s0204-Er-3e-4-D11.pdf> <./Convergence-Legendre-W7X-KJM-s0204-Er
-3e-4-D33.pdf> <./Convergence-Legendre-W7X-KJM-s0204-Er-3e-4-D31-Detail.pdf> <.
/Convergence-theta-zeta-W7X-KJM-s0204-Er-3e-4-D31.pdf>]

LaTeX Warning: Text page 14 contains only floats.


Overfull \vbox (1.52988pt too high) has occurred while \output is active []



LaTeX Warning: Text page 14 contains only floats.


Overfull \vbox (1.52988pt too high) has occurred while \output is active []


[14 <./Convergence-Legendre-CIEMAT-QI-s0250-Er-0-D11.pdf> <./Convergence-Legend
re-CIEMAT-QI-s0250-Er-0-D33.pdf> <./Convergence-Legendre-CIEMAT-QI-s0250-Er-0-D
31-Detail.pdf> <./Convergence-theta-zeta-CIEMAT-QI-s0250-Er-0-D31.pdf> <./Conve
rgence-Legendre-CIEMAT-QI-s0250-Er-1e-3-D11.pdf> <./Convergence-Legendre-CIEMAT
-QI-s0250-Er-1e-3-D33.pdf> <./Convergence-Legendre-CIEMAT-QI-s0250-Er-1e-3-D31-
Detail.pdf> <./Convergence-theta-zeta-CIEMAT-QI-s0250-Er-1e-3-D31.pdf>]
Underfull \hbox (badness 2772) in paragraph at lines 1301--1303
\OT1/cmr/m/n/10 converged calculations from \OT1/cmtt/m/n/10 DKES \OT1/cmr/m/n/
10 (see Appendix
 []


Underfull \hbox (badness 1565) in paragraph at lines 1301--1303
\OT1/cmr/m/n/10 E[]) and from \OT1/cmtt/m/n/10 SFINCS[]\OT1/cmr/m/n/10 . The pa
rallel conductivity
 []


Underfull \hbox (badness 1194) in paragraph at lines 1301--1303
[]$ \OT1/cmr/m/n/10 is shown in figure 9[]. Finally, the parallel
 []


Underfull \hbox (badness 1859) in paragraph at lines 1301--1303
\OT1/cmr/m/n/10 by inspecting these plots. In figures 8(a)[] and
 []

<Benchmark-W7X-EIM-s0200-D11.pdf, id=1158, 157.78247pt x 127.08578pt>
File: Benchmark-W7X-EIM-s0200-D11.pdf Graphic file (type pdf)
<use Benchmark-W7X-EIM-s0200-D11.pdf>
Package pdftex.def Info: Benchmark-W7X-EIM-s0200-D11.pdf  used on input line 13
14.
(pdftex.def)             Requested size: 157.78207pt x 127.08545pt.

Overfull \hbox (1.67531pt too wide) in paragraph at lines 1314--1316
[][] 
 []


Overfull \hbox (45.7126pt too wide) in paragraph at lines 1316--1316
[]\OT1/cmr/m/n/9 (a)|| 
 []

<Benchmark-W7X-KJM-s0204-D11.pdf, id=1159, 157.78247pt x 128.8835pt>
File: Benchmark-W7X-KJM-s0204-D11.pdf Graphic file (type pdf)
<use Benchmark-W7X-KJM-s0204-D11.pdf>
Package pdftex.def Info: Benchmark-W7X-KJM-s0204-D11.pdf  used on input line 13
22.
(pdftex.def)             Requested size: 157.78207pt x 128.88316pt.

Overfull \hbox (1.67531pt too wide) in paragraph at lines 1322--1324
[][] 
 []


Overfull \hbox (46.22649pt too wide) in paragraph at lines 1324--1324
[]\OT1/cmr/m/n/9 (b)|| 
 []

<Benchmark-CIEMAT-QI-s0250-D11.pdf, id=1160, 157.78247pt x 122.50467pt>
File: Benchmark-CIEMAT-QI-s0250-D11.pdf Graphic file (type pdf)
<use Benchmark-CIEMAT-QI-s0250-D11.pdf>
Package pdftex.def Info: Benchmark-CIEMAT-QI-s0250-D11.pdf  used on input line 
1330.
(pdftex.def)             Requested size: 157.78207pt x 122.50436pt.

Overfull \hbox (1.67531pt too wide) in paragraph at lines 1330--1334
[][] 
 []


Overfull \hbox (45.19872pt too wide) in paragraph at lines 1334--1334
[]\OT1/cmr/m/n/9 (c)|| 
 []


LaTeX Warning: `h' float specifier changed to `ht'.

<Benchmark-W7X-EIM-s0200-D31.pdf, id=1161, 143.21304pt x 132.28622pt>
File: Benchmark-W7X-EIM-s0200-D31.pdf Graphic file (type pdf)
<use Benchmark-W7X-EIM-s0200-D31.pdf>
Package pdftex.def Info: Benchmark-W7X-EIM-s0200-D31.pdf  used on input line 13
48.
(pdftex.def)             Requested size: 143.21268pt x 132.28589pt.

Overfull \hbox (15.7126pt too wide) in paragraph at lines 1350--1350
[]\OT1/cmr/m/n/9 (a)|| 
 []

<Benchmark-W7X-KJM-s0204-D31.pdf, id=1162, 143.21304pt x 132.2832pt>
File: Benchmark-W7X-KJM-s0204-D31.pdf Graphic file (type pdf)
<use Benchmark-W7X-KJM-s0204-D31.pdf>
Package pdftex.def Info: Benchmark-W7X-KJM-s0204-D31.pdf  used on input line 13
56.
(pdftex.def)             Requested size: 143.21268pt x 132.28287pt.

Overfull \hbox (16.22649pt too wide) in paragraph at lines 1358--1358
[]\OT1/cmr/m/n/9 (b)|| 
 []

<Benchmark-CIEMAT-QI-s0250-D31.pdf, id=1163, 143.21304pt x 132.2832pt>
File: Benchmark-CIEMAT-QI-s0250-D31.pdf Graphic file (type pdf)
<use Benchmark-CIEMAT-QI-s0250-D31.pdf>
Package pdftex.def Info: Benchmark-CIEMAT-QI-s0250-D31.pdf  used on input line 
1364.
(pdftex.def)             Requested size: 143.21268pt x 132.28287pt.

Overfull \hbox (15.19872pt too wide) in paragraph at lines 1366--1366
[]\OT1/cmr/m/n/9 (c)|| 
 []


LaTeX Warning: `h' float specifier changed to `ht'.

<Benchmark-W7X-EIM-s0200-D33.pdf, id=1164, 157.12502pt x 118.4666pt>
File: Benchmark-W7X-EIM-s0200-D33.pdf Graphic file (type pdf)
<use Benchmark-W7X-EIM-s0200-D33.pdf>
Package pdftex.def Info: Benchmark-W7X-EIM-s0200-D33.pdf  used on input line 13
82.
(pdftex.def)             Requested size: 157.12462pt x 118.4663pt.

Overfull \hbox (1.01785pt too wide) in paragraph at lines 1382--1384
[][] 
 []


Overfull \hbox (45.7126pt too wide) in paragraph at lines 1384--1384
[]\OT1/cmr/m/n/9 (a)|| 
 []

<Benchmark-W7X-KJM-s0204-D33.pdf, id=1165, 157.12502pt x 118.46559pt>
File: Benchmark-W7X-KJM-s0204-D33.pdf Graphic file (type pdf)
<use Benchmark-W7X-KJM-s0204-D33.pdf>
Package pdftex.def Info: Benchmark-W7X-KJM-s0204-D33.pdf  used on input line 13
90.
(pdftex.def)             Requested size: 157.12462pt x 118.46529pt.

Overfull \hbox (1.01785pt too wide) in paragraph at lines 1390--1392
[][] 
 []


Overfull \hbox (46.22649pt too wide) in paragraph at lines 1392--1392
[]\OT1/cmr/m/n/9 (b)|| 
 []

<Benchmark-CIEMAT-QI-s0250-D33.pdf, id=1166, 157.12502pt x 124.51318pt>
File: Benchmark-CIEMAT-QI-s0250-D33.pdf Graphic file (type pdf)
<use Benchmark-CIEMAT-QI-s0250-D33.pdf>
Package pdftex.def Info: Benchmark-CIEMAT-QI-s0250-D33.pdf  used on input line 
1399.
(pdftex.def)             Requested size: 157.12462pt x 124.51286pt.

Overfull \hbox (1.01785pt too wide) in paragraph at lines 1399--1402
[][] 
 []


Overfull \hbox (45.19872pt too wide) in paragraph at lines 1402--1402
[]\OT1/cmr/m/n/9 (c)|| 
 []


LaTeX Warning: `h' float specifier changed to `ht'.


Underfull \hbox (badness 1430) in paragraph at lines 1414--1415
\OT1/cmr/m/n/10 which can provide fast and accurate calculations
 []


Underfull \hbox (badness 1502) in paragraph at lines 1414--1415
\OT1/cmr/m/n/10 when there are sufficient computational resources
 []


Underfull \hbox (badness 1888) in paragraph at lines 1414--1415
\OT1/cmr/m/n/10 the bootstrap current and radial transport from
 []


Underfull \hbox (badness 1142) in paragraph at lines 1414--1415
\OT1/cmr/m/n/10 in predictive transport frameworks, which require
 []


Underfull \hbox (badness 2269) in paragraph at lines 1417--1418
[]\OT1/cmr/m/n/10 Equation (1[]), solved by \OT1/cmtt/m/n/10 MONKES\OT1/cmr/m/n
/10 , includes a
 []


Underfull \hbox (badness 1783) in paragraph at lines 1417--1418
\OT1/cmr/m/n/10 such as the ones presented in [[], [], [], []].
 []


Underfull \hbox (badness 2932) in paragraph at lines 1417--1418
\OT1/cmr/m/n/10 in a single core, the scan in $\OML/cmm/m/it/10 v$ \OT1/cmr/m/n
/10 (i.e. in $[]$)
 []


Underfull \hbox (badness 1286) in paragraph at lines 1417--1418
\OT1/cmr/m/n/10 coefficients is parallelizable. Therefore, it seems
 []


Underfull \hbox (badness 3088) in paragraph at lines 1417--1418
\OT1/cmr/m/n/10 of neoclassical transport with a model collision
 []

[15 <./MONKES-Scaling-Legendre.pdf> <./MONKES-Scaling-Flux-Surface.pdf>]
Underfull \hbox (badness 2772) in paragraph at lines 1429--1430
\OT1/cmr/m/n/10 of the EUROfusion Consortium, funded by the
 []


Underfull \hbox (badness 2142) in paragraph at lines 1429--1430
\OT1/cmr/m/n/10 European Union via the Euratom Research and
 []


Underfull \hbox (badness 1117) in paragraph at lines 1429--1430
\OT1/cmr/m/n/10 however those of the author(s) only and do not
 []

[16 <./Benchmark-W7X-EIM-s0200-D11.pdf> <./Benchmark-W7X-KJM-s0204-D11.pdf> <./
Benchmark-CIEMAT-QI-s0250-D11.pdf> <./Benchmark-W7X-EIM-s0200-D31.pdf> <./Bench
mark-W7X-KJM-s0204-D31.pdf> <./Benchmark-CIEMAT-QI-s0250-D31.pdf> <./Benchmark-
W7X-EIM-s0200-D33.pdf> <./Benchmark-W7X-KJM-s0204-D33.pdf> <./Benchmark-CIEMAT-
QI-s0250-D33.pdf>]
Underfull \hbox (badness 3009) in paragraph at lines 1437--1439
\OT1/cmr/m/n/10 coefficients $[]$ defined by (26[]) satisfy Onsager
 []

[17]
LaTeX Font Info:    Font shape `U/lasy/b/n' in size <8> not available
(Font)              Font shape `U/lasy/m/n' tried instead on input line 1573.
LaTeX Font Info:    Font shape `U/lasy/b/n' in size <6> not available
(Font)              Font shape `U/lasy/m/n' tried instead on input line 1573.

Underfull \hbox (badness 1199) in paragraph at lines 1575--1577
[]\OT1/cmr/m/n/10 Now we distinguish the two cases for which
 []


Underfull \hbox (badness 4569) in paragraph at lines 1575--1577
\OT1/cmr/m/n/10 symmetry relations. Apart from the velocity
 []


Underfull \hbox (badness 2269) in paragraph at lines 1581--1583
\OT1/cmr/m/n/10 It is straightforward to check that for this
 []


Underfull \hbox (badness 1142) in paragraph at lines 1590--1590
\OT1/cmr/m/n/8 ([])[]$ and $[] = ([])[]$. Also, as for
 []


Underfull \hbox (badness 4832) in paragraph at lines 1593--1594
[]\OT1/cmr/m/n/10 Note that for equation (18[]), the Onsager
 []

[18] [19] [20]
Underfull \hbox (badness 1360) in paragraph at lines 1925--1928
\OMS/cmsy/m/n/10 F$ \OT1/cmr/m/n/10 to $\OMS/cmsy/m/n/10 F$\OT1/cmr/m/n/10 . Fo
r this, first, we note that in the
 []


Underfull \hbox (badness 3895) in paragraph at lines 1925--1928
\OT1/cmr/m/n/10 space of functions of interest (smooth periodic
 []


Underfull \hbox (badness 3568) in paragraph at lines 1925--1928
\OT1/cmr/m/n/10 functions on the torus), using a Fourier basis
 []

[21]
Underfull \hbox (badness 3078) in paragraph at lines 1948--1951
\OT1/cmr/m/n/10 It is well known from linear algebra that the
 []


Underfull \hbox (badness 2884) in paragraph at lines 2049--2051
\OT1/cmr/m/n/10 is the discrete inner product associated to the
 []


Underfull \hbox (badness 3039) in paragraph at lines 2049--2051
\OT1/cmr/m/n/10 equispaced grid points (49[]), (50[]), $[][] :=
 []

[22]
Underfull \hbox (badness 1019) in paragraph at lines 2098--2099
\OT1/cmr/m/n/10 isomorphism (D.2[]) between $[][]$ and the discrete
 []


Underfull \hbox (badness 1755) in paragraph at lines 2145--2148
\OT1/cmr/m/n/10 Here, $\OML/cmm/m/it/10 L[][]\OT1/cmr/m/n/10 (\OML/cmm/m/it/10 
^^R[]; ^^P[]\OT1/cmr/m/n/10 )$, $\OML/cmm/m/it/10 D[][]\OT1/cmr/m/n/10 (\OML/cm
m/m/it/10 ^^R[]; ^^P[]\OT1/cmr/m/n/10 )$ and $\OML/cmm/m/it/10 U[][]\OT1/cmr/m/
n/10 (\OML/cmm/m/it/10 ^^R[]; ^^P[]\OT1/cmr/m/n/10 )$ are
 []

[23]
LaTeX Font Info:    Font shape `OT1/cmtt/bx/n' in size <10> not available
(Font)              Font shape `OT1/cmtt/m/n' tried instead on input line 2255.


Underfull \hbox (badness 3323) in paragraph at lines 2258--2260
\OT1/cmr/m/n/10 The code \OT1/cmtt/m/n/10 DKES \OT1/cmr/m/n/10 gives an approxi
mation to the
 []


Underfull \hbox (badness 1107) in paragraph at lines 2316--2317
[]\OT1/cmr/m/n/10 In figures E1[], E2[], E3[], E4[], E5[] and E6[] the
 []

<DKES-Convergence-Legendre-W7X-EIM-s0200-Er-0-D31-Detail.pdf, id=1736, 150.0847
2pt x 129.45163pt>
File: DKES-Convergence-Legendre-W7X-EIM-s0200-Er-0-D31-Detail.pdf Graphic file 
(type pdf)
<use DKES-Convergence-Legendre-W7X-EIM-s0200-Er-0-D31-Detail.pdf>
Package pdftex.def Info: DKES-Convergence-Legendre-W7X-EIM-s0200-Er-0-D31-Detai
l.pdf  used on input line 2322.
(pdftex.def)             Requested size: 150.08434pt x 129.45131pt.

Overfull \hbox (35.7126pt too wide) in paragraph at lines 2324--2324
[]\OT1/cmr/m/n/9 (a)|| 
 []

<DKES-Convergence-theta-zeta-W7X-EIM-s0200-Er-0-D31.pdf, id=1737, 154.50223pt x
 128.6436pt>
File: DKES-Convergence-theta-zeta-W7X-EIM-s0200-Er-0-D31.pdf Graphic file (type
 pdf)
<use DKES-Convergence-theta-zeta-W7X-EIM-s0200-Er-0-D31.pdf>
Package pdftex.def Info: DKES-Convergence-theta-zeta-W7X-EIM-s0200-Er-0-D31.pdf
  used on input line 2330.
(pdftex.def)             Requested size: 154.50183pt x 128.64328pt.

Overfull \hbox (36.22649pt too wide) in paragraph at lines 2332--2332
[]\OT1/cmr/m/n/9 (b)|| 
 []

<DKES-Convergence-Legendre-W7X-EIM-s0200-Er-3e-4-D31-Detail.pdf, id=1738, 150.0
8472pt x 129.45364pt>
File: DKES-Convergence-Legendre-W7X-EIM-s0200-Er-3e-4-D31-Detail.pdf Graphic fi
le (type pdf)
<use DKES-Convergence-Legendre-W7X-EIM-s0200-Er-3e-4-D31-Detail.pdf>
Package pdftex.def Info: DKES-Convergence-Legendre-W7X-EIM-s0200-Er-3e-4-D31-De
tail.pdf  used on input line 2347.
(pdftex.def)             Requested size: 150.08434pt x 129.45331pt.

Overfull \hbox (35.7126pt too wide) in paragraph at lines 2349--2349
[]\OT1/cmr/m/n/9 (a)|| 
 []

<DKES-Convergence-theta-zeta-W7X-EIM-s0200-Er-3e-4-D31.pdf, id=1739, 154.50223p
t x 128.6436pt>
File: DKES-Convergence-theta-zeta-W7X-EIM-s0200-Er-3e-4-D31.pdf Graphic file (t
ype pdf)
<use DKES-Convergence-theta-zeta-W7X-EIM-s0200-Er-3e-4-D31.pdf>
Package pdftex.def Info: DKES-Convergence-theta-zeta-W7X-EIM-s0200-Er-3e-4-D31.
pdf  used on input line 2355.
(pdftex.def)             Requested size: 154.50183pt x 128.64328pt.

Overfull \hbox (36.22649pt too wide) in paragraph at lines 2357--2357
[]\OT1/cmr/m/n/9 (b)|| 
 []

<DKES-Convergence-Legendre-W7X-KJM-s0204-Er-0-D31-Detail.pdf, id=1740, 150.0857
1pt x 129.45062pt>
File: DKES-Convergence-Legendre-W7X-KJM-s0204-Er-0-D31-Detail.pdf Graphic file 
(type pdf)
<use DKES-Convergence-Legendre-W7X-KJM-s0204-Er-0-D31-Detail.pdf>
Package pdftex.def Info: DKES-Convergence-Legendre-W7X-KJM-s0204-Er-0-D31-Detai
l.pdf  used on input line 2370.
(pdftex.def)             Requested size: 150.08534pt x 129.45029pt.

Overfull \hbox (35.7126pt too wide) in paragraph at lines 2372--2372
[]\OT1/cmr/m/n/9 (a)|| 
 []

<DKES-Convergence-theta-zeta-W7X-KJM-s0204-Er-0-D31.pdf, id=1741, 149.87392pt x
 128.6416pt>
File: DKES-Convergence-theta-zeta-W7X-KJM-s0204-Er-0-D31.pdf Graphic file (type
 pdf)
<use DKES-Convergence-theta-zeta-W7X-KJM-s0204-Er-0-D31.pdf>
Package pdftex.def Info: DKES-Convergence-theta-zeta-W7X-KJM-s0204-Er-0-D31.pdf
  used on input line 2378.
(pdftex.def)             Requested size: 149.87354pt x 128.64127pt.

Overfull \hbox (36.22649pt too wide) in paragraph at lines 2380--2380
[]\OT1/cmr/m/n/9 (b)|| 
 []

<DKES-Convergence-Legendre-W7X-KJM-s0204-Er-3e-4-D31-Detail.pdf, id=1742, 150.0
8472pt x 129.44762pt>
File: DKES-Convergence-Legendre-W7X-KJM-s0204-Er-3e-4-D31-Detail.pdf Graphic fi
le (type pdf)
<use DKES-Convergence-Legendre-W7X-KJM-s0204-Er-3e-4-D31-Detail.pdf>
Package pdftex.def Info: DKES-Convergence-Legendre-W7X-KJM-s0204-Er-3e-4-D31-De
tail.pdf  used on input line 2395.
(pdftex.def)             Requested size: 150.08434pt x 129.4473pt.

Overfull \hbox (35.7126pt too wide) in paragraph at lines 2397--2397
[]\OT1/cmr/m/n/9 (a)|| 
 []

<DKES-Convergence-theta-zeta-W7X-KJM-s0204-Er-3e-4-D31.pdf, id=1743, 154.49821p
t x 128.6436pt>
File: DKES-Convergence-theta-zeta-W7X-KJM-s0204-Er-3e-4-D31.pdf Graphic file (t
ype pdf)
<use DKES-Convergence-theta-zeta-W7X-KJM-s0204-Er-3e-4-D31.pdf>
Package pdftex.def Info: DKES-Convergence-theta-zeta-W7X-KJM-s0204-Er-3e-4-D31.
pdf  used on input line 2403.
(pdftex.def)             Requested size: 154.49782pt x 128.64328pt.

Overfull \hbox (36.22649pt too wide) in paragraph at lines 2405--2405
[]\OT1/cmr/m/n/9 (b)|| 
 []

<DKES-Convergence-Legendre-CIEMAT-QI-s0250-Er-0-D31-Detail.pdf, id=1744, 150.08
571pt x 129.4436pt>
File: DKES-Convergence-Legendre-CIEMAT-QI-s0250-Er-0-D31-Detail.pdf Graphic fil
e (type pdf)
<use DKES-Convergence-Legendre-CIEMAT-QI-s0250-Er-0-D31-Detail.pdf>
Package pdftex.def Info: DKES-Convergence-Legendre-CIEMAT-QI-s0250-Er-0-D31-Det
ail.pdf  used on input line 2418.
(pdftex.def)             Requested size: 150.08534pt x 129.44328pt.

Overfull \hbox (35.7126pt too wide) in paragraph at lines 2420--2420
[]\OT1/cmr/m/n/9 (a)|| 
 []

<DKES-Convergence-theta-zeta-CIEMAT-QI-s0250-Er-0-D31.pdf, id=1745, 149.87694pt
 x 128.6436pt>
File: DKES-Convergence-theta-zeta-CIEMAT-QI-s0250-Er-0-D31.pdf Graphic file (ty
pe pdf)
<use DKES-Convergence-theta-zeta-CIEMAT-QI-s0250-Er-0-D31.pdf>
Package pdftex.def Info: DKES-Convergence-theta-zeta-CIEMAT-QI-s0250-Er-0-D31.p
df  used on input line 2426.
(pdftex.def)             Requested size: 149.87657pt x 128.64328pt.

Overfull \hbox (36.22649pt too wide) in paragraph at lines 2428--2428
[]\OT1/cmr/m/n/9 (b)|| 
 []

<DKES-Convergence-Legendre-CIEMAT-QI-s0250-Er-1e-3-D31-Detail.pdf, id=1746, 150
.08571pt x 129.44661pt>
File: DKES-Convergence-Legendre-CIEMAT-QI-s0250-Er-1e-3-D31-Detail.pdf Graphic 
file (type pdf)
<use DKES-Convergence-Legendre-CIEMAT-QI-s0250-Er-1e-3-D31-Detail.pdf>
Package pdftex.def Info: DKES-Convergence-Legendre-CIEMAT-QI-s0250-Er-1e-3-D31-
Detail.pdf  used on input line 2442.
(pdftex.def)             Requested size: 150.08534pt x 129.44627pt.

Overfull \hbox (35.7126pt too wide) in paragraph at lines 2444--2444
[]\OT1/cmr/m/n/9 (a)|| 
 []

<DKES-Convergence-theta-zeta-CIEMAT-QI-s0250-Er-1e-3-D31.pdf, id=1747, 149.8769
4pt x 128.64261pt>
File: DKES-Convergence-theta-zeta-CIEMAT-QI-s0250-Er-1e-3-D31.pdf Graphic file 
(type pdf)
<use DKES-Convergence-theta-zeta-CIEMAT-QI-s0250-Er-1e-3-D31.pdf>
Package pdftex.def Info: DKES-Convergence-theta-zeta-CIEMAT-QI-s0250-Er-1e-3-D3
1.pdf  used on input line 2450.
(pdftex.def)             Requested size: 149.87657pt x 128.64229pt.

Overfull \hbox (36.22649pt too wide) in paragraph at lines 2452--2452
[]\OT1/cmr/m/n/9 (b)|| 
 []

[24]
Underfull \vbox (badness 10000) has occurred while \output is active []

 [25 <./DKES-Convergence-Legendre-W7X-EIM-s0200-Er-0-D31-Detail.pdf> <./DKES-Co
nvergence-theta-zeta-W7X-EIM-s0200-Er-0-D31.pdf> <./DKES-Convergence-Legendre-W
7X-EIM-s0200-Er-3e-4-D31-Detail.pdf> <./DKES-Convergence-theta-zeta-W7X-EIM-s02
00-Er-3e-4-D31.pdf>] [26 <./DKES-Convergence-Legendre-W7X-KJM-s0204-Er-0-D31-De
tail.pdf> <./DKES-Convergence-theta-zeta-W7X-KJM-s0204-Er-0-D31.pdf> <./DKES-Co
nvergence-Legendre-W7X-KJM-s0204-Er-3e-4-D31-Detail.pdf> <./DKES-Convergence-th
eta-zeta-W7X-KJM-s0204-Er-3e-4-D31.pdf>] [27 <./DKES-Convergence-Legendre-CIEMA
T-QI-s0250-Er-0-D31-Detail.pdf> <./DKES-Convergence-theta-zeta-CIEMAT-QI-s0250-
Er-0-D31.pdf> <./DKES-Convergence-Legendre-CIEMAT-QI-s0250-Er-1e-3-D31-Detail.p
df> <./DKES-Convergence-theta-zeta-CIEMAT-QI-s0250-Er-1e-3-D31.pdf>] (monkes-pa
per.bbl
Underfull \hbox (badness 1231) in paragraph at lines 4--7
[]\OT1/cmr/m/n/8 J. R. Cary and S. G. Shasharina.  Omnigenity and
 []


Underfull \hbox (badness 1107) in paragraph at lines 4--7
\OT1/cmr/m/n/8 quasihelicity in helical plasma confinement systems.
 []


Underfull \hbox (badness 1325) in paragraph at lines 15--19
[]\OT1/cmr/m/n/8 P. Helander, J. Geiger, and H. Maa^^Yberg.  On the
 []


Underfull \hbox (badness 1377) in paragraph at lines 21--77
\OT1/cmr/m/n/8 U. Ne-uner, N. A. Pablant, E. Pasch, A. Pavone,
 []


Underfull \hbox (badness 1112) in paragraph at lines 21--77
\OT1/cmr/m/n/8 T. S. Ped-er-sen, K. Rah-bar-nia, J. Schilling, E. R.
 []


Underfull \hbox (badness 1038) in paragraph at lines 21--77
\OT1/cmr/m/n/8 E. Blanco, M. Blatzheim, S. Ballinger, T. Bluhm,
 []


Underfull \hbox (badness 4739) in paragraph at lines 21--77
\OT1/cmr/m/n/8 T. Klinger, J. Knauer, M. Knaup, A. Knieps,
 []


Underfull \hbox (badness 1173) in paragraph at lines 21--77
\OT1/cmr/m/n/8 A. K^^?onies, R. K^^?onig, P. Ko-rne-jew, J.-P. Koschin-
 []


Underfull \hbox (badness 3758) in paragraph at lines 79--131
\OT1/cmr/m/n/8 H. Maa^^Yberg, K. Rah-bar-nia, T. Sunn Ped-er-sen,
 []


Underfull \hbox (badness 1226) in paragraph at lines 79--131
\OT1/cmr/m/n/8 Dhard, M. Dostal, M. Drevlak, P. Drewelow, Ph.
 []


Underfull \hbox (badness 1028) in paragraph at lines 79--131
\OT1/cmr/m/n/8 N. Krawczyk, T. Kre-meyer, Th. Krings, J. Krom,
 []

[28

]
Underfull \hbox (badness 1852) in paragraph at lines 165--168
[]\OT1/cmr/m/n/8 A. Goodman, K. Camacho Mata, S. A. Henneberg,
 []


Underfull \hbox (badness 3601) in paragraph at lines 165--168
\OT1/cmr/m/n/8 R. Jorge, M. Landreman, G. Plunk, H. Smith,
 []


Underfull \hbox (badness 1057) in paragraph at lines 185--188
[]\OT1/cmr/m/n/8 P. Helander.  Theory of plasma confinement in non-
 []


Underfull \hbox (badness 4660) in paragraph at lines 190--195
\OT1/cmr/m/n/8 of quasi-symmetric stellarators with self-consistent
 []


Underfull \hbox (badness 1112) in paragraph at lines 213--216
\OT1/cmr/m/n/8 Heyn.  Evaluation of 1/$\OML/cmm/m/it/8 ^^W$ \OT1/cmr/m/n/8 neoc
lassical transport in
 []


Underfull \hbox (badness 2142) in paragraph at lines 252--257
\OT1/cmr/m/n/8 Fast simulations for large aspect ratio stellarators
 []


Underfull \hbox (badness 2564) in paragraph at lines 277--281
[]\OT1/cmr/m/n/8 M. Taguchi.  A method for cal-cu-lat-ing neo-clas-si-cal
 []


Underfull \hbox (badness 1881) in paragraph at lines 283--287
\OT1/cmr/m/n/8 in general toroidal plasmas.  \OT1/cmr/m/it/8 Physics of Plasmas
\OT1/cmr/m/n/8 ,
 []


Underfull \hbox (badness 3803) in paragraph at lines 295--300
\OT1/cmr/m/n/8 correction techniques for neoclassical transport in
 []

[29]
Underfull \hbox (badness 3158) in paragraph at lines 331--336
\OT1/cmr/m/it/8 Physica D: Nonlinear Phenomena\OT1/cmr/m/n/8 , 112(1):275--280,

 []

) [30

] (monkes-paper.aux) ) 
Here is how much of TeX's memory you used:
 30324 strings out of 476334
 767363 string characters out of 5786555
 1890382 words of memory out of 5000000
 50206 multiletter control sequences out of 15000+600000
 524947 words of font info for 83 fonts, out of 8000000 for 9000
 1141 hyphenation exceptions out of 8191
 84i,23n,80p,2289b,609s stack positions out of 10000i,1000n,20000p,200000b,200000s
<C:/Users/fusionXX/AppData/Local/Programs/MiKTeX/fonts/ty
pe1/public/amsfonts/cm/cmbx10.pfb><C:/Users/fusionXX/AppData/Local/Programs/MiK
TeX/fonts/type1/public/amsfonts/cm/cmbx12.pfb><C:/Users/fusionXX/AppData/Local/
Programs/MiKTeX/fonts/type1/public/amsfonts/cm/cmbx8.pfb><C:/Users/fusionXX/App
Data/Local/Programs/MiKTeX/fonts/type1/public/amsfonts/cm/cmex10.pfb><C:/Users/
fusionXX/AppData/Local/Programs/MiKTeX/fonts/type1/public/amsfonts/cmextra/cmex
8.pfb><C:/Users/fusionXX/AppData/Local/Programs/MiKTeX/fonts/type1/public/amsfo
nts/cmextra/cmex9.pfb><C:/Users/fusionXX/AppData/Local/Programs/MiKTeX/fonts/ty
pe1/public/amsfonts/cm/cmmi10.pfb><C:/Users/fusionXX/AppData/Local/Programs/MiK
TeX/fonts/type1/public/amsfonts/cm/cmmi5.pfb><C:/Users/fusionXX/AppData/Local/P
rograms/MiKTeX/fonts/type1/public/amsfonts/cm/cmmi6.pfb><C:/Users/fusionXX/AppD
ata/Local/Programs/MiKTeX/fonts/type1/public/amsfonts/cm/cmmi7.pfb><C:/Users/fu
sionXX/AppData/Local/Programs/MiKTeX/fonts/type1/public/amsfonts/cm/cmmi8.pfb><
C:/Users/fusionXX/AppData/Local/Programs/MiKTeX/fonts/type1/public/amsfonts/cm/
cmmi9.pfb><C:/Users/fusionXX/AppData/Local/Programs/MiKTeX/fonts/type1/public/a
msfonts/cm/cmmib10.pfb><C:/Users/fusionXX/AppData/Local/Programs/MiKTeX/fonts/t
ype1/public/amsfonts/cmextra/cmmib8.pfb><C:/Users/fusionXX/AppData/Local/Progra
ms/MiKTeX/fonts/type1/public/amsfonts/cm/cmr10.pfb><C:/Users/fusionXX/AppData/L
ocal/Programs/MiKTeX/fonts/type1/public/amsfonts/cm/cmr5.pfb><C:/Users/fusionXX
/AppData/Local/Programs/MiKTeX/fonts/type1/public/amsfonts/cm/cmr6.pfb><C:/User
s/fusionXX/AppData/Local/Programs/MiKTeX/fonts/type1/public/amsfonts/cm/cmr7.pf
b><C:/Users/fusionXX/AppData/Local/Programs/MiKTeX/fonts/type1/public/amsfonts/
cm/cmr8.pfb><C:/Users/fusionXX/AppData/Local/Programs/MiKTeX/fonts/type1/public
/amsfonts/cm/cmr9.pfb><C:/Users/fusionXX/AppData/Local/Programs/MiKTeX/fonts/ty
pe1/public/amsfonts/cm/cmsy10.pfb><C:/Users/fusionXX/AppData/Local/Programs/MiK
TeX/fonts/type1/public/amsfonts/cm/cmsy5.pfb><C:/Users/fusionXX/AppData/Local/P
rograms/MiKTeX/fonts/type1/public/amsfonts/cm/cmsy6.pfb><C:/Users/fusionXX/AppD
ata/Local/Programs/MiKTeX/fonts/type1/public/amsfonts/cm/cmsy7.pfb><C:/Users/fu
sionXX/AppData/Local/Programs/MiKTeX/fonts/type1/public/amsfonts/cm/cmsy8.pfb><
C:/Users/fusionXX/AppData/Local/Programs/MiKTeX/fonts/type1/public/amsfonts/cm/
cmsy9.pfb><C:/Users/fusionXX/AppData/Local/Programs/MiKTeX/fonts/type1/public/a
msfonts/cm/cmti10.pfb><C:/Users/fusionXX/AppData/Local/Programs/MiKTeX/fonts/ty
pe1/public/amsfonts/cm/cmti8.pfb><C:/Users/fusionXX/AppData/Local/Programs/MiKT
eX/fonts/type1/public/amsfonts/cm/cmti9.pfb><C:/Users/fusionXX/AppData/Local/Pr
ograms/MiKTeX/fonts/type1/public/amsfonts/cm/cmtt10.pfb><C:/Users/fusionXX/AppD
ata/Local/Programs/MiKTeX/fonts/type1/public/amsfonts/cm/cmtt8.pfb><C:/Users/fu
sionXX/AppData/Local/Programs/MiKTeX/fonts/type1/public/amsfonts/cm/cmtt9.pfb><
C:/Users/fusionXX/AppData/Local/Programs/MiKTeX/fonts/type1/public/amsfonts/lat
xfont/line10.pfb><C:/Users/fusionXX/AppData/Local/Programs/MiKTeX/fonts/type1/p
ublic/amsfonts/symbols/msam10.pfb><C:/Users/fusionXX/AppData/Local/Programs/MiK
TeX/fonts/type1/public/amsfonts/symbols/msbm10.pfb><C:/Users/fusionXX/AppData/L
ocal/Programs/MiKTeX/fonts/type1/public/amsfonts/symbols/msbm7.pfb>
Output written on monkes-paper.pdf (30 pages, 1548435 bytes).
PDF statistics:
 2410 PDF objects out of 2487 (max. 8388607)
 0 named destinations out of 1000 (max. 500000)
 248 words of extra memory for PDF output out of 10000 (max. 10000000)

