This is LuaHBTeX, Version 1.15.1 (MiKTeX 22.8.28) (format=lualatex 2022.10.14)  16 OCT 2023 18:23
 system commands enabled.
**MONKES_manual.tex
(./MONKES_manual.tex
LaTeX2e <2022-06-01> patch level 5
Lua module: luaotfload 2022-10-03 3.23 Lua based OpenType font support
Lua module: lualibs 2022-10-04 2.75 ConTeXt Lua standard libraries.
Lua module: lualibs-extended 2022-10-04 2.75 ConTeXt Lua libraries -- extended c
ollection.
luaotfload | conf : Root cache directory is "C:/Users/Javier/AppData/Local/MiKTe
X/luatex-cache/generic/names".
luaotfload | init : Loading fontloader "fontloader-2022-10-03.lua" from kpse-res
olved path "C:/Users/Javier/AppData/Local/Programs/MiKTeX/tex/luatex/luaotfload/
fontloader-2022-10-03.lua".
Lua-only attribute luaotfload@noligature = 1
luaotfload | init : Context OpenType loader version 3.120
Inserting `luaotfload.node_processor' at position 1 in `pre_linebreak_filter'.
Inserting `luaotfload.node_processor' at position 1 in `hpack_filter'.
Inserting `luaotfload.glyph_stream' at position 1 in `glyph_stream_provider'.
Inserting `luaotfload.define_font' at position 1 in `define_font'.
Lua-only attribute luaotfload_color_attribute = 2
luaotfload | conf : Root cache directory is "C:/Users/Javier/AppData/Local/MiKTe
X/luatex-cache/generic/names".
Inserting `luaotfload.harf.strip_prefix' at position 1 in `find_opentype_file'.
Inserting `luaotfload.harf.strip_prefix' at position 1 in `find_truetype_file'.
Removing  `luaotfload.glyph_stream' from `glyph_stream_provider'.
Inserting `luaotfload.harf.glyphstream' at position 1 in `glyph_stream_provider'
.
Inserting `luaotfload.harf.finalize_vlist' at position 1 in `post_linebreak_filt
er'.
Inserting `luaotfload.harf.finalize_hlist' at position 2 in `hpack_filter'.
Inserting `luaotfload.cleanup_files' at position 1 in `wrapup_run'.
Inserting `luaotfload.harf.finalize_unicode' at position 1 in `finish_pdffile'.
Inserting `luaotfload.glyphinfo' at position 1 in `glyph_info'.
Lua-only attribute luaotfload.letterspace_done = 3
Inserting `luaotfload.aux.set_sscale_dimens' at position 1 in `luaotfload.patch_
font'.
Inserting `luaotfload.aux.set_font_index' at position 2 in `luaotfload.patch_fon
t'.
Inserting `luaotfload.aux.patch_cambria_domh' at position 3 in `luaotfload.patch
_font'.
Inserting `luaotfload.aux.fixup_fontdata' at position 1 in `luaotfload.patch_fon
t_unsafe'.
Inserting `luaotfload.aux.set_capheight' at position 4 in `luaotfload.patch_font
'.
Inserting `luaotfload.aux.set_xheight' at position 5 in `luaotfload.patch_font'.
Inserting `luaotfload.rewrite_fontname' at position 6 in `luaotfload.patch_font'
. L3 programming layer <2022-09-28>
Inserting `tracingstacklevels' at position 1 in `input_level_string'.
(C:/Users/Javier/AppData/Local/Programs/MiKTeX/tex/latex/base/article.cls
Document Class: article 2021/10/04 v1.4n Standard LaTeX document class
(C:/Users/Javier/AppData/Local/Programs/MiKTeX/tex/latex/base/size11.clo
File: size11.clo 2021/10/04 v1.4n Standard LaTeX file (size option)
luaotfload | db : Font names database loaded from C:/Users/Javier/AppData/Local/
MiKTeX/luatex-cache/generic/names/luaotfload-names.luc.gz)
\c@part=\count183
\c@section=\count184
\c@subsection=\count185
\c@subsubsection=\count186
\c@paragraph=\count187
\c@subparagraph=\count188
\c@figure=\count189
\c@table=\count190
\abovecaptionskip=\skip47
\belowcaptionskip=\skip48
\bibindent=\dimen137
)

LaTeX Warning: \include should only be used after \begin{document} on input lin
e 7.

(./format/packages.tex
(C:/Users/Javier/AppData/Local/Programs/MiKTeX/tex/generic/babel/babel.sty
Package: babel 2022/10/04 3.81 The Babel package

(C:/Users/Javier/AppData/Local/Programs/MiKTeX/tex/generic/babel/luababel.def
\bbl@readstream=\read2
\l@afrikaans=\language2
Package babel Info: Non-standard hyphenation setup on input line 118.
\l@ancientgreek=\language3
\l@armenian=\language4
\l@assamese=\language5
\l@basque=\language6
\l@belarusian=\language7
\l@bengali=\language8
\l@bokmal=\language9
\l@bulgarian=\language10
\l@catalan=\language11
\l@churchslavonic=\language12
\l@classiclatin=\language13
\l@coptic=\language14
\l@croatian=\language15
\l@czech=\language16
\l@danish=\language17
\l@dutch=\language18
\l@esperanto=\language19
\l@estonian=\language20
\l@ethiopic=\language21
\l@finnish=\language22
\l@french=\language23
\l@friulan=\language24
\l@galician=\language25
\l@georgian=\language26
\l@german=\language27
\l@greek=\language28
\l@gujarati=\language29
\l@hindi=\language30
\l@hungarian=\language31
\l@icelandic=\language32
\l@indonesian=\language33
\l@interlingua=\language34
\l@irish=\language35
\l@italian=\language36
\l@kannada=\language37
\l@kurmanji=\language38
\l@latin=\language39
\l@latvian=\language40
\l@lithuanian=\language41
\l@liturgicallatin=\language42
\l@macedonian=\language43
\l@malayalam=\language44
\l@marathi=\language45
\l@mongolian=\language46
\l@mongolianlmc=\language47
\l@monogreek=\language48
\l@ngerman=\language49
\l@nynorsk=\language50
\l@occitan=\language51
\l@oriya=\language52
\l@pali=\language53
\l@panjabi=\language54
\l@piedmontese=\language55
\l@polish=\language56
\l@portuguese=\language57
\l@romanian=\language58
\l@romansh=\language59
\l@russian=\language60
\l@sanskrit=\language61
\l@serbian=\language62
\l@serbianc=\language63
\l@slovak=\language64
\l@slovenian=\language65
\l@spanish=\language66
\l@swedish=\language67
\l@swissgerman=\language68
\l@tamil=\language69
\l@telugu=\language70
\l@thai=\language71
\l@turkish=\language72
\l@turkmen=\language73
\l@ukenglish=\language74
\l@ukrainian=\language75
\l@uppersorbian=\language76
\l@usenglishmax=\language77
\l@welsh=\language78
\babelcatcodetablenum=\catcodetable12
\bbl@pattcodes=\catcodetable13
)
\babel@savecnt=\count191
\U@D=\dimen138
\l@unhyphenated=\language79

(C:/Users/Javier/AppData/Local/Programs/MiKTeX/tex/generic/babel/luababel.def
\bbl@attr@locale=\attribute4
)
*************************************
* Local config file bblopts.cfg used
*
(C:/Users/Javier/AppData/Local/Programs/MiKTeX/tex/latex/arabi/bblopts.cfg
File: bblopts.cfg 2005/09/08 v0.1 add Arabic and Farsi to "declared" options of
 babel
)
(C:/Users/Javier/AppData/Local/Programs/MiKTeX/tex/latex/babel-english/english.
ldf
Language: english 2017/06/06 v3.3r English support from the babel system
Package babel Info: Hyphen rules for 'canadian' set to \l@english
(babel)             (\language0). Reported on input line 102.
Package babel Info: Hyphen rules for 'australian' set to \l@ukenglish
(babel)             (\language74). Reported on input line 105.
Package babel Info: Hyphen rules for 'newzealand' set to \l@ukenglish
(babel)             (\language74). Reported on input line 108.
))
(C:/Users/Javier/AppData/Local/Programs/MiKTeX/tex/generic/babel/locale/en/babe
l-english.tex
Package babel Info: Importing font and identification data for english
(babel)             from babel-en.ini. Reported on input line 11.
)
(C:/Users/Javier/AppData/Local/Programs/MiKTeX/tex/latex/geometry/geometry.sty
Package: geometry 2020/01/02 v5.9 Page Geometry

(C:/Users/Javier/AppData/Local/Programs/MiKTeX/tex/latex/graphics/keyval.sty
Package: keyval 2022/05/29 v1.15 key=value parser (DPC)
\KV@toks@=\toks16
)
(C:/Users/Javier/AppData/Local/Programs/MiKTeX/tex/generic/iftex/ifvtex.sty
Package: ifvtex 2019/10/25 v1.7 ifvtex legacy package. Use iftex instead.

(C:/Users/Javier/AppData/Local/Programs/MiKTeX/tex/generic/iftex/iftex.sty
Package: iftex 2022/02/03 v1.0f TeX engine tests
))
\Gm@cnth=\count192
\Gm@cntv=\count193
\c@Gm@tempcnt=\count194
\Gm@bindingoffset=\dimen139
\Gm@wd@mp=\dimen140
\Gm@odd@mp=\dimen141
\Gm@even@mp=\dimen142
\Gm@layoutwidth=\dimen143
\Gm@layoutheight=\dimen144
\Gm@layouthoffset=\dimen145
\Gm@layoutvoffset=\dimen146
\Gm@dimlist=\toks17

(C:/Users/Javier/AppData/Local/Programs/MiKTeX/tex/latex/geometry/geometry.cfg))
 (C:/Users/Javier/AppData/Local/Programs/MiKTeX/tex/latex/amsmath/amsmath.sty
Package: amsmath 2022/04/08 v2.17n AMS math features
\@mathmargin=\skip49

For additional information on amsmath, use the `?' option.
(C:/Users/Javier/AppData/Local/Programs/MiKTeX/tex/latex/amsmath/amstext.sty
Package: amstext 2021/08/26 v2.01 AMS text

(C:/Users/Javier/AppData/Local/Programs/MiKTeX/tex/latex/amsmath/amsgen.sty
File: amsgen.sty 1999/11/30 v2.0 generic functions
\@emptytoks=\toks18
\ex@=\dimen147
))
(C:/Users/Javier/AppData/Local/Programs/MiKTeX/tex/latex/amsmath/amsbsy.sty
Package: amsbsy 1999/11/29 v1.2d Bold Symbols
\pmbraise@=\dimen148
)
(C:/Users/Javier/AppData/Local/Programs/MiKTeX/tex/latex/amsmath/amsopn.sty
Package: amsopn 2022/04/08 v2.04 operator names
)
\inf@bad=\count195
LaTeX Info: Redefining \frac on input line 236.
\uproot@=\count196
\leftroot@=\count197
LaTeX Info: Redefining \overline on input line 399.
LaTeX Info: Redefining \colon on input line 410.
\classnum@=\count198
\DOTSCASE@=\count199
LaTeX Info: Redefining \ldots on input line 496.
LaTeX Info: Redefining \dots on input line 499.
LaTeX Info: Redefining \cdots on input line 620.
\Mathstrutbox@=\box51
\strutbox@=\box52
LaTeX Info: Redefining \big on input line 722.
LaTeX Info: Redefining \Big on input line 723.
LaTeX Info: Redefining \bigg on input line 724.
LaTeX Info: Redefining \Bigg on input line 725.
\big@size=\dimen149
LaTeX Font Info:    Redeclaring font encoding OML on input line 743.
LaTeX Font Info:    Redeclaring font encoding OMS on input line 744.
\macc@depth=\count266
LaTeX Info: Redefining \bmod on input line 905.
LaTeX Info: Redefining \pmod on input line 910.
LaTeX Info: Redefining \smash on input line 940.
LaTeX Info: Redefining \relbar on input line 970.
LaTeX Info: Redefining \Relbar on input line 971.
\c@MaxMatrixCols=\count267
\dotsspace@=\muskip16
\c@parentequation=\count268
\dspbrk@lvl=\count269
\tag@help=\toks19
\row@=\count270
\column@=\count271
\maxfields@=\count272
\andhelp@=\toks20
\eqnshift@=\dimen150
\alignsep@=\dimen151
\tagshift@=\dimen152
\tagwidth@=\dimen153
\totwidth@=\dimen154
\lineht@=\dimen155
\@envbody=\toks21
\multlinegap=\skip50
\multlinetaggap=\skip51
\mathdisplay@stack=\toks22
LaTeX Info: Redefining \[ on input line 2953.
LaTeX Info: Redefining \] on input line 2954.
)
(C:/Users/Javier/AppData/Local/Programs/MiKTeX/tex/latex/base/latexsym.sty
Package: latexsym 1998/08/17 v2.2e Standard LaTeX package (lasy symbols)
\symlasy=\mathgroup4
LaTeX Font Info:    Overwriting symbol font `lasy' in version `bold'
(Font)                  U/lasy/m/n --> U/lasy/b/n on input line 52.
)
(C:/Users/Javier/AppData/Local/Programs/MiKTeX/tex/latex/amsfonts/amssymb.sty
Package: amssymb 2013/01/14 v3.01 AMS font symbols

(C:/Users/Javier/AppData/Local/Programs/MiKTeX/tex/latex/amsfonts/amsfonts.sty
Package: amsfonts 2013/01/14 v3.01 Basic AMSFonts support
\symAMSa=\mathgroup5
\symAMSb=\mathgroup6
LaTeX Font Info:    Redeclaring math symbol \hbar on input line 98.
LaTeX Font Info:    Overwriting math alphabet `\mathfrak' in version `bold'
(Font)                  U/euf/m/n --> U/euf/b/n on input line 106.
)) (C:/Users/Javier/AppData/Local/Programs/MiKTeX/tex/latex/amsmath/amsxtra.sty
Package: amsxtra 1999/11/15 v1.2c AMS extra commands
LaTeX Info: Redefining \nobreakspace on input line 54.
) (C:/Users/Javier/AppData/Local/Programs/MiKTeX/tex/latex/amsmath/amscd.sty
Package: amscd 2017/04/14 v2.1 AMS Commutative Diagrams
\athelp@=\toks23
\minaw@=\dimen156
\bigaw@=\dimen157
\minCDarrowwidth=\dimen158
)
(C:/Users/Javier/AppData/Local/Programs/MiKTeX/tex/latex/amscls/amsthm.sty
Package: amsthm 2020/05/29 v2.20.6
\thm@style=\toks24
\thm@bodyfont=\toks25
\thm@headfont=\toks26
\thm@notefont=\toks27
\thm@headpunct=\toks28
\thm@preskip=\skip52
\thm@postskip=\skip53
\thm@headsep=\skip54
\dth@everypar=\toks29
)
(C:/Users/Javier/AppData/Local/Programs/MiKTeX/tex/latex/lm/lmodern.sty
Package: lmodern 2015/05/01 v1.6.1 Latin Modern Fonts
LaTeX Font Info:    Overwriting symbol font `operators' in version `normal'
(Font)                  OT1/cmr/m/n --> OT1/lmr/m/n on input line 22.
LaTeX Font Info:    Overwriting symbol font `letters' in version `normal'
(Font)                  OML/cmm/m/it --> OML/lmm/m/it on input line 23.
LaTeX Font Info:    Overwriting symbol font `symbols' in version `normal'
(Font)                  OMS/cmsy/m/n --> OMS/lmsy/m/n on input line 24.
LaTeX Font Info:    Overwriting symbol font `largesymbols' in version `normal'
(Font)                  OMX/cmex/m/n --> OMX/lmex/m/n on input line 25.
LaTeX Font Info:    Overwriting symbol font `operators' in version `bold'
(Font)                  OT1/cmr/bx/n --> OT1/lmr/bx/n on input line 26.
LaTeX Font Info:    Overwriting symbol font `letters' in version `bold'
(Font)                  OML/cmm/b/it --> OML/lmm/b/it on input line 27.
LaTeX Font Info:    Overwriting symbol font `symbols' in version `bold'
(Font)                  OMS/cmsy/b/n --> OMS/lmsy/b/n on input line 28.
LaTeX Font Info:    Overwriting symbol font `largesymbols' in version `bold'
(Font)                  OMX/cmex/m/n --> OMX/lmex/m/n on input line 29.
LaTeX Font Info:    Overwriting math alphabet `\mathbf' in version `normal'
(Font)                  OT1/cmr/bx/n --> OT1/lmr/bx/n on input line 31.
LaTeX Font Info:    Overwriting math alphabet `\mathsf' in version `normal'
(Font)                  OT1/cmss/m/n --> OT1/lmss/m/n on input line 32.
LaTeX Font Info:    Overwriting math alphabet `\mathit' in version `normal'
(Font)                  OT1/cmr/m/it --> OT1/lmr/m/it on input line 33.
LaTeX Font Info:    Overwriting math alphabet `\mathtt' in version `normal'
(Font)                  OT1/cmtt/m/n --> OT1/lmtt/m/n on input line 34.
LaTeX Font Info:    Overwriting math alphabet `\mathbf' in version `bold'
(Font)                  OT1/cmr/bx/n --> OT1/lmr/bx/n on input line 35.
LaTeX Font Info:    Overwriting math alphabet `\mathsf' in version `bold'
(Font)                  OT1/cmss/bx/n --> OT1/lmss/bx/n on input line 36.
LaTeX Font Info:    Overwriting math alphabet `\mathit' in version `bold'
(Font)                  OT1/cmr/bx/it --> OT1/lmr/bx/it on input line 37.
LaTeX Font Info:    Overwriting math alphabet `\mathtt' in version `bold'
(Font)                  OT1/cmtt/m/n --> OT1/lmtt/m/n on input line 38.
)
(C:/Users/Javier/AppData/Local/Programs/MiKTeX/tex/latex/carlisle/slashed.sty
Package: slashed 1997/01/16 v0.01 Feynman Slashed Character Notation (DPC)
)
(C:/Users/Javier/AppData/Local/Programs/MiKTeX/tex/latex/mathtools/mathtools.st
y
Package: mathtools 2022/06/29 v1.29 mathematical typesetting tools
 (C:/Users/Javier/AppData/Local/Programs/MiKTeX/tex/latex/tools/calc.sty
Package: calc 2017/05/25 v4.3 Infix arithmetic (KKT,FJ)
\calc@Acount=\count273
\calc@Bcount=\count274
\calc@Adimen=\dimen159
\calc@Bdimen=\dimen160
\calc@Askip=\skip55
\calc@Bskip=\skip56
LaTeX Info: Redefining \setlength on input line 80.
LaTeX Info: Redefining \addtolength on input line 81.
\calc@Ccount=\count275
\calc@Cskip=\skip57
)
(C:/Users/Javier/AppData/Local/Programs/MiKTeX/tex/latex/mathtools/mhsetup.sty
Package: mhsetup 2021/03/18 v1.4 programming setup (MH)
)
\g_MT_multlinerow_int=\count276
\l_MT_multwidth_dim=\dimen161
\origjot=\skip58
\l_MT_shortvdotswithinadjustabove_dim=\dimen162
\l_MT_shortvdotswithinadjustbelow_dim=\dimen163
\l_MT_above_intertext_sep=\dimen164
\l_MT_below_intertext_sep=\dimen165
\l_MT_above_shortintertext_sep=\dimen166
\l_MT_below_shortintertext_sep=\dimen167
\xmathstrut@box=\box53
\xmathstrut@dim=\dimen168
)
(C:/Users/Javier/AppData/Local/Programs/MiKTeX/tex/latex/microtype/microtype.st
y
Package: microtype 2022/06/23 v3.0f Micro-typographical refinements (RS)

(C:/Users/Javier/AppData/Local/Programs/MiKTeX/tex/latex/etoolbox/etoolbox.sty
Package: etoolbox 2020/10/05 v2.5k e-TeX tools for LaTeX (JAW)
\etb@tempcnta=\count277
)
\MT@toks=\toks30
\MT@tempbox=\box54
\MT@count=\count278
LaTeX Info: Redefining \noprotrusionifhmode on input line 1045.
LaTeX Info: Redefining \leftprotrusion on input line 1046.
LaTeX Info: Redefining \rightprotrusion on input line 1056.
LaTeX Info: Redefining \textls on input line 1234.
\MT@outer@kern=\dimen169
LaTeX Info: Redefining \textmicrotypecontext on input line 1858.
\MT@listname@count=\count279

(C:/Users/Javier/AppData/Local/Programs/MiKTeX/tex/latex/microtype/microtype-lu
atex.def
File: microtype-luatex.def 2022/06/23 v3.0f Definitions specific to luatex (RS)

Lua module: microtype 2022/06/23 3.0f microtype module.
Module microtype Info: overwriting function `keepligature' on input line 63
LaTeX Info: Redefining \lsstyle on input line 686.
LaTeX Info: Redefining \lslig on input line 686.
\MT@outer@space=\skip59
)
Package microtype Info: Loading configuration file microtype.cfg.

(C:/Users/Javier/AppData/Local/Programs/MiKTeX/tex/latex/microtype/microtype.cf
g
File: microtype.cfg 2022/06/23 v3.0f microtype main configuration file (RS)
))
(C:/Users/Javier/AppData/Local/Programs/MiKTeX/tex/latex/graphics/graphicx.sty
Package: graphicx 2021/09/16 v1.2d Enhanced LaTeX Graphics (DPC,SPQR)

(C:/Users/Javier/AppData/Local/Programs/MiKTeX/tex/latex/graphics/graphics.sty
Package: graphics 2022/03/10 v1.4e Standard LaTeX Graphics (DPC,SPQR)

(C:/Users/Javier/AppData/Local/Programs/MiKTeX/tex/latex/graphics/trig.sty
Package: trig 2021/08/11 v1.11 sin cos tan (DPC)
)
(C:/Users/Javier/AppData/Local/Programs/MiKTeX/tex/latex/graphics-cfg/graphics.
cfg
File: graphics.cfg 2016/06/04 v1.11 sample graphics configuration
)
Package graphics Info: Driver file: luatex.def on input line 107.

(C:/Users/Javier/AppData/Local/Programs/MiKTeX/tex/latex/graphics-def/luatex.de
f
File: luatex.def 2022/09/22 v1.2d Graphics/color driver for luatex
))
\Gin@req@height=\dimen170
\Gin@req@width=\dimen171
) (C:/Users/Javier/AppData/Local/Programs/MiKTeX/tex/latex/cancel/cancel.sty
Package: cancel 2013/04/12 v2.2 Cancel math terms
)
(C:/Users/Javier/AppData/Local/Programs/MiKTeX/tex/generic/mleftright/mleftrigh
t.sty
Package: mleftright 2019/12/03 v1.2 Math left/right delim. as open/close (HO)

(C:/Users/Javier/AppData/Local/Programs/MiKTeX/tex/generic/infwarerr/infwarerr.
sty
Package: infwarerr 2019/12/03 v1.5 Providing info/warning/error messages (HO)
)
(C:/Users/Javier/AppData/Local/Programs/MiKTeX/tex/generic/ltxcmds/ltxcmds.sty
Package: ltxcmds 2020-05-10 v1.25 LaTeX kernel commands for general use (HO)
)) (C:/Users/Javier/AppData/Local/Programs/MiKTeX/tex/latex/mathtools/empheq.st
y
Package: empheq 2017/03/31 v2.15 Emphasizing equations
\l_EQ_equationtype_int=\count280
\l_EQ_alignmentmode_int=\count281
\l_EQ_totalwidth_dim=\dimen172
\l_EQ_displaywidth_dim=\dimen173
\l_EQ_temp_linewidth_dim=\dimen174
\l_EQ_linewidth_dim=\dimen175
\EmphEqdelimitershortfall=\dimen176
\EmphEqdelimiterfactor=\count282
\g_EQ_toptag_height_dim=\dimen177
\g_EQ_bottomtag_depth_dim=\dimen178
\g_EQ_toprow_height_dim=\dimen179
\g_EQ_bottomrow_depth_dim=\dimen180
\g_EQ_widesttag_dim=\dimen181
\EQ_mathdisplay_box=\box55
\EQ_tag_box=\box56
\g_EQ_temprow_int=\count283
)
(C:/Users/Javier/AppData/Local/Programs/MiKTeX/tex/latex/pdfpages/pdfpages.sty
Package: pdfpages 2022/05/22 v0.5v Insert pages of external PDF documents (AM)

(C:/Users/Javier/AppData/Local/Programs/MiKTeX/tex/latex/base/ifthen.sty
Package: ifthen 2022/04/13 v1.1d Standard LaTeX ifthen package (DPC)
)
(C:/Users/Javier/AppData/Local/Programs/MiKTeX/tex/latex/eso-pic/eso-pic.sty
Package: eso-pic 2020/10/14 v3.0a eso-pic (RN)
\ESO@tempdima=\dimen182
\ESO@tempdimb=\dimen183

(C:/Users/Javier/AppData/Local/Programs/MiKTeX/tex/latex/xcolor/xcolor.sty
Package: xcolor 2022/06/12 v2.14 LaTeX color extensions (UK)

(C:/Users/Javier/AppData/Local/Programs/MiKTeX/tex/latex/graphics-cfg/color.cfg
File: color.cfg 2016/01/02 v1.6 sample color configuration
)
Package xcolor Info: Driver file: luatex.def on input line 227.

(C:/Users/Javier/AppData/Local/Programs/MiKTeX/tex/latex/graphics/mathcolor.ltx
)
Package xcolor Info: Model `cmy' substituted by `cmy0' on input line 1353.
Package xcolor Info: Model `hsb' substituted by `rgb' on input line 1357.
Package xcolor Info: Model `RGB' extended on input line 1369.
Package xcolor Info: Model `HTML' substituted by `rgb' on input line 1371.
Package xcolor Info: Model `Hsb' substituted by `hsb' on input line 1372.
Package xcolor Info: Model `tHsb' substituted by `hsb' on input line 1373.
Package xcolor Info: Model `HSB' substituted by `hsb' on input line 1374.
Package xcolor Info: Model `Gray' substituted by `gray' on input line 1375.
Package xcolor Info: Model `wave' substituted by `hsb' on input line 1376.
))
\AM@pagewidth=\dimen184
\AM@pageheight=\dimen185
\AM@fboxrule=\dimen186

(C:/Users/Javier/AppData/Local/Programs/MiKTeX/tex/latex/pdfpages/ppluatex.def
File: ppluatex.def 2022/05/22 v0.5v Pdfpages driver for LuaTeX (AM)
)
\pdfpages@includegraphics@status=\count284
\AM@pagebox=\box57
\AM@global@opts=\toks31
\AM@pagecnt=\count285
\AM@toc@title=\toks32
\c@AM@survey=\count286
\AM@templatesizebox=\box58
) (C:/Users/Javier/AppData/Local/Programs/MiKTeX/tex/latex/preprint/authblk.sty
Package: authblk 2001/02/27 1.3 (PWD)
\affilsep=\skip60
\@affilsep=\skip61
\c@Maxaffil=\count287
\c@authors=\count288
\c@affil=\count289
)
(C:/Users/Javier/AppData/Local/Programs/MiKTeX/tex/latex/appendix/appendix.sty
Package: appendix 2020/02/08 v1.2c extra appendix facilities
\c@@pps=\count290
\c@@ppsavesec=\count291
\c@@ppsaveapp=\count292
) (C:/Users/Javier/AppData/Local/Programs/MiKTeX/tex/latex/jknappen/mathrsfs.st
y
Package: mathrsfs 1996/01/01 Math RSFS package v1.0 (jk)
\symrsfs=\mathgroup7
)
(C:/Users/Javier/AppData/Local/Programs/MiKTeX/tex/generic/mathdots/mathdots.st
y
Package: mathdots 2014/06/11 v0.9 Improve and add various macros for dots in ma
th.
\MDo@unit=\dimen187
\MDo@dotsbox=\box59
\MDoprekern=\muskip17
\MDopostkern=\muskip18
\MDodotkern=\muskip19
) (C:/Users/Javier/AppData/Local/Programs/MiKTeX/tex/latex/physics/physics.sty
Package: physics 

(C:/Users/Javier/AppData/Local/Programs/MiKTeX/tex/latex/l3packages/xparse/xpar
se.sty
(C:/Users/Javier/AppData/Local/Programs/MiKTeX/tex/latex/l3kernel/expl3.sty
Package: expl3 2022-09-28 L3 programming layer (loader) 

(C:/Users/Javier/AppData/Local/Programs/MiKTeX/tex/latex/l3backend/l3backend-lu
atex.def
File: l3backend-luatex.def 2022-09-28 L3 backend support: PDF output (LuaTeX)
\l__color_backend_stack_int=\count293
\l__pdf_internal_box=\box60
))
Package: xparse 2022-06-22 L3 Experimental document command parser
))
(C:/Users/Javier/AppData/Local/Programs/MiKTeX/tex/latex/float/float.sty
Package: float 2001/11/08 v1.3d Float enhancements (AL)
\c@float@type=\count294
\float@exts=\toks33
\float@box=\box61
\@float@everytoks=\toks34
\@floatcapt=\box62
)
(C:/Users/Javier/AppData/Local/Programs/MiKTeX/tex/latex/caption/caption.sty
Package: caption 2022/03/01 v3.6b Customizing captions (AR)

(C:/Users/Javier/AppData/Local/Programs/MiKTeX/tex/latex/caption/caption3.sty
Package: caption3 2022/03/17 v2.3b caption3 kernel (AR)
\caption@tempdima=\dimen188
\captionmargin=\dimen189
\caption@leftmargin=\dimen190
\caption@rightmargin=\dimen191
\caption@width=\dimen192
\caption@indent=\dimen193
\caption@parindent=\dimen194
\caption@hangindent=\dimen195
Package caption Info: Standard document class detected.
)
\c@caption@flags=\count295
\c@continuedfloat=\count296
Package caption Info: float package is loaded.
)
(C:/Users/Javier/AppData/Local/Programs/MiKTeX/tex/latex/pgf/frontendlayer/tikz
.sty
(C:/Users/Javier/AppData/Local/Programs/MiKTeX/tex/latex/pgf/basiclayer/pgf.sty

(C:/Users/Javier/AppData/Local/Programs/MiKTeX/tex/latex/pgf/utilities/pgfrcs.s
ty
(C:/Users/Javier/AppData/Local/Programs/MiKTeX/tex/generic/pgf/utilities/pgfuti
l-common.tex
\pgfutil@everybye=\toks35
\pgfutil@tempdima=\dimen196
\pgfutil@tempdimb=\dimen197

(C:/Users/Javier/AppData/Local/Programs/MiKTeX/tex/generic/pgf/utilities/pgfuti
l-common-lists.tex))
(C:/Users/Javier/AppData/Local/Programs/MiKTeX/tex/generic/pgf/utilities/pgfuti
l-latex.def
\pgfutil@abb=\box63
)
(C:/Users/Javier/AppData/Local/Programs/MiKTeX/tex/generic/pgf/utilities/pgfrcs
.code.tex
(C:/Users/Javier/AppData/Local/Programs/MiKTeX/tex/generic/pgf/pgf.revision.tex
)
Package: pgfrcs 2021/05/15 v3.1.9a (3.1.9a)
))
Package: pgf 2021/05/15 v3.1.9a (3.1.9a)

(C:/Users/Javier/AppData/Local/Programs/MiKTeX/tex/latex/pgf/basiclayer/pgfcore
.sty
(C:/Users/Javier/AppData/Local/Programs/MiKTeX/tex/latex/pgf/systemlayer/pgfsys
.sty
(C:/Users/Javier/AppData/Local/Programs/MiKTeX/tex/generic/pgf/systemlayer/pgfs
ys.code.tex
Package: pgfsys 2021/05/15 v3.1.9a (3.1.9a)

(C:/Users/Javier/AppData/Local/Programs/MiKTeX/tex/generic/pgf/utilities/pgfkey
s.code.tex
\pgfkeys@pathtoks=\toks36
\pgfkeys@temptoks=\toks37

(C:/Users/Javier/AppData/Local/Programs/MiKTeX/tex/generic/pgf/utilities/pgfkey
sfiltered.code.tex
\pgfkeys@tmptoks=\toks38
))
\pgf@x=\dimen198
\pgf@y=\dimen199
\pgf@xa=\dimen256
\pgf@ya=\dimen257
\pgf@xb=\dimen258
\pgf@yb=\dimen259
\pgf@xc=\dimen260
\pgf@yc=\dimen261
\pgf@xd=\dimen262
\pgf@yd=\dimen263
\w@pgf@writea=\write3
\r@pgf@reada=\read3
\c@pgf@counta=\count297
\c@pgf@countb=\count298
\c@pgf@countc=\count299
\c@pgf@countd=\count300
\t@pgf@toka=\toks39
\t@pgf@tokb=\toks40
\t@pgf@tokc=\toks41
\pgf@sys@id@count=\count301

(C:/Users/Javier/AppData/Local/Programs/MiKTeX/tex/generic/pgf/systemlayer/pgf.
cfg
File: pgf.cfg 2021/05/15 v3.1.9a (3.1.9a)
)
Driver file for pgf: pgfsys-luatex.def

(C:/Users/Javier/AppData/Local/Programs/MiKTeX/tex/generic/pgf/systemlayer/pgfs
ys-luatex.def
File: pgfsys-luatex.def 2021/05/15 v3.1.9a (3.1.9a)

(C:/Users/Javier/AppData/Local/Programs/MiKTeX/tex/generic/pgf/systemlayer/pgfs
ys-common-pdf.def
File: pgfsys-common-pdf.def 2021/05/15 v3.1.9a (3.1.9a)
)))
(C:/Users/Javier/AppData/Local/Programs/MiKTeX/tex/generic/pgf/systemlayer/pgfs
yssoftpath.code.tex
File: pgfsyssoftpath.code.tex 2021/05/15 v3.1.9a (3.1.9a)
\pgfsyssoftpath@smallbuffer@items=\count302
\pgfsyssoftpath@bigbuffer@items=\count303
)
(C:/Users/Javier/AppData/Local/Programs/MiKTeX/tex/generic/pgf/systemlayer/pgfs
ysprotocol.code.tex
File: pgfsysprotocol.code.tex 2021/05/15 v3.1.9a (3.1.9a)
))
(C:/Users/Javier/AppData/Local/Programs/MiKTeX/tex/generic/pgf/basiclayer/pgfco
re.code.tex
Package: pgfcore 2021/05/15 v3.1.9a (3.1.9a)

(C:/Users/Javier/AppData/Local/Programs/MiKTeX/tex/generic/pgf/math/pgfmath.cod
e.tex
(C:/Users/Javier/AppData/Local/Programs/MiKTeX/tex/generic/pgf/math/pgfmathcalc
.code.tex
(C:/Users/Javier/AppData/Local/Programs/MiKTeX/tex/generic/pgf/math/pgfmathutil
.code.tex)
(C:/Users/Javier/AppData/Local/Programs/MiKTeX/tex/generic/pgf/math/pgfmathpars
er.code.tex
\pgfmath@dimen=\dimen264
\pgfmath@count=\count304
\pgfmath@box=\box64
\pgfmath@toks=\toks42
\pgfmath@stack@operand=\toks43
\pgfmath@stack@operation=\toks44
)
(C:/Users/Javier/AppData/Local/Programs/MiKTeX/tex/generic/pgf/math/pgfmathfunc
tions.code.tex
(C:/Users/Javier/AppData/Local/Programs/MiKTeX/tex/generic/pgf/math/pgfmathfunc
tions.basic.code.tex)
(C:/Users/Javier/AppData/Local/Programs/MiKTeX/tex/generic/pgf/math/pgfmathfunc
tions.trigonometric.code.tex)
(C:/Users/Javier/AppData/Local/Programs/MiKTeX/tex/generic/pgf/math/pgfmathfunc
tions.random.code.tex)
(C:/Users/Javier/AppData/Local/Programs/MiKTeX/tex/generic/pgf/math/pgfmathfunc
tions.comparison.code.tex)
(C:/Users/Javier/AppData/Local/Programs/MiKTeX/tex/generic/pgf/math/pgfmathfunc
tions.base.code.tex)
(C:/Users/Javier/AppData/Local/Programs/MiKTeX/tex/generic/pgf/math/pgfmathfunc
tions.round.code.tex)
(C:/Users/Javier/AppData/Local/Programs/MiKTeX/tex/generic/pgf/math/pgfmathfunc
tions.misc.code.tex)
(C:/Users/Javier/AppData/Local/Programs/MiKTeX/tex/generic/pgf/math/pgfmathfunc
tions.integerarithmetics.code.tex)))
(C:/Users/Javier/AppData/Local/Programs/MiKTeX/tex/generic/pgf/math/pgfmathfloa
t.code.tex
\c@pgfmathroundto@lastzeros=\count305
))
(C:/Users/Javier/AppData/Local/Programs/MiKTeX/tex/generic/pgf/math/pgfint.code
.tex)
(C:/Users/Javier/AppData/Local/Programs/MiKTeX/tex/generic/pgf/basiclayer/pgfco
repoints.code.tex
File: pgfcorepoints.code.tex 2021/05/15 v3.1.9a (3.1.9a)
\pgf@picminx=\dimen265
\pgf@picmaxx=\dimen266
\pgf@picminy=\dimen267
\pgf@picmaxy=\dimen268
\pgf@pathminx=\dimen269
\pgf@pathmaxx=\dimen270
\pgf@pathminy=\dimen271
\pgf@pathmaxy=\dimen272
\pgf@xx=\dimen273
\pgf@xy=\dimen274
\pgf@yx=\dimen275
\pgf@yy=\dimen276
\pgf@zx=\dimen277
\pgf@zy=\dimen278
)
(C:/Users/Javier/AppData/Local/Programs/MiKTeX/tex/generic/pgf/basiclayer/pgfco
repathconstruct.code.tex
File: pgfcorepathconstruct.code.tex 2021/05/15 v3.1.9a (3.1.9a)
\pgf@path@lastx=\dimen279
\pgf@path@lasty=\dimen280
)
(C:/Users/Javier/AppData/Local/Programs/MiKTeX/tex/generic/pgf/basiclayer/pgfco
repathusage.code.tex
File: pgfcorepathusage.code.tex 2021/05/15 v3.1.9a (3.1.9a)
\pgf@shorten@end@additional=\dimen281
\pgf@shorten@start@additional=\dimen282
)
(C:/Users/Javier/AppData/Local/Programs/MiKTeX/tex/generic/pgf/basiclayer/pgfco
rescopes.code.tex
File: pgfcorescopes.code.tex 2021/05/15 v3.1.9a (3.1.9a)
\pgfpic=\box65
\pgf@hbox=\box66
\pgf@layerbox@main=\box67
\pgf@picture@serial@count=\count306
)
(C:/Users/Javier/AppData/Local/Programs/MiKTeX/tex/generic/pgf/basiclayer/pgfco
regraphicstate.code.tex
File: pgfcoregraphicstate.code.tex 2021/05/15 v3.1.9a (3.1.9a)
\pgflinewidth=\dimen283
)
(C:/Users/Javier/AppData/Local/Programs/MiKTeX/tex/generic/pgf/basiclayer/pgfco
retransformations.code.tex
File: pgfcoretransformations.code.tex 2021/05/15 v3.1.9a (3.1.9a)
\pgf@pt@x=\dimen284
\pgf@pt@y=\dimen285
\pgf@pt@temp=\dimen286
)
(C:/Users/Javier/AppData/Local/Programs/MiKTeX/tex/generic/pgf/basiclayer/pgfco
requick.code.tex
File: pgfcorequick.code.tex 2021/05/15 v3.1.9a (3.1.9a)
)
(C:/Users/Javier/AppData/Local/Programs/MiKTeX/tex/generic/pgf/basiclayer/pgfco
reobjects.code.tex
File: pgfcoreobjects.code.tex 2021/05/15 v3.1.9a (3.1.9a)
)
(C:/Users/Javier/AppData/Local/Programs/MiKTeX/tex/generic/pgf/basiclayer/pgfco
repathprocessing.code.tex
File: pgfcorepathprocessing.code.tex 2021/05/15 v3.1.9a (3.1.9a)
)
(C:/Users/Javier/AppData/Local/Programs/MiKTeX/tex/generic/pgf/basiclayer/pgfco
rearrows.code.tex
File: pgfcorearrows.code.tex 2021/05/15 v3.1.9a (3.1.9a)
\pgfarrowsep=\dimen287
)
(C:/Users/Javier/AppData/Local/Programs/MiKTeX/tex/generic/pgf/basiclayer/pgfco
reshade.code.tex
File: pgfcoreshade.code.tex 2021/05/15 v3.1.9a (3.1.9a)
\pgf@max=\dimen288
\pgf@sys@shading@range@num=\count307
\pgf@shadingcount=\count308
)
(C:/Users/Javier/AppData/Local/Programs/MiKTeX/tex/generic/pgf/basiclayer/pgfco
reimage.code.tex
File: pgfcoreimage.code.tex 2021/05/15 v3.1.9a (3.1.9a)

(C:/Users/Javier/AppData/Local/Programs/MiKTeX/tex/generic/pgf/basiclayer/pgfco
reexternal.code.tex
File: pgfcoreexternal.code.tex 2021/05/15 v3.1.9a (3.1.9a)
\pgfexternal@startupbox=\box68
))
(C:/Users/Javier/AppData/Local/Programs/MiKTeX/tex/generic/pgf/basiclayer/pgfco
relayers.code.tex
File: pgfcorelayers.code.tex 2021/05/15 v3.1.9a (3.1.9a)
)
(C:/Users/Javier/AppData/Local/Programs/MiKTeX/tex/generic/pgf/basiclayer/pgfco
retransparency.code.tex
File: pgfcoretransparency.code.tex 2021/05/15 v3.1.9a (3.1.9a)
)
(C:/Users/Javier/AppData/Local/Programs/MiKTeX/tex/generic/pgf/basiclayer/pgfco
repatterns.code.tex
File: pgfcorepatterns.code.tex 2021/05/15 v3.1.9a (3.1.9a)
)
(C:/Users/Javier/AppData/Local/Programs/MiKTeX/tex/generic/pgf/basiclayer/pgfco
rerdf.code.tex
File: pgfcorerdf.code.tex 2021/05/15 v3.1.9a (3.1.9a)
)))
(C:/Users/Javier/AppData/Local/Programs/MiKTeX/tex/generic/pgf/modules/pgfmodul
eshapes.code.tex
File: pgfmoduleshapes.code.tex 2021/05/15 v3.1.9a (3.1.9a)
\pgfnodeparttextbox=\box69
)
(C:/Users/Javier/AppData/Local/Programs/MiKTeX/tex/generic/pgf/modules/pgfmodul
eplot.code.tex
File: pgfmoduleplot.code.tex 2021/05/15 v3.1.9a (3.1.9a)
)
(C:/Users/Javier/AppData/Local/Programs/MiKTeX/tex/latex/pgf/compatibility/pgfc
omp-version-0-65.sty
Package: pgfcomp-version-0-65 2021/05/15 v3.1.9a (3.1.9a)
\pgf@nodesepstart=\dimen289
\pgf@nodesepend=\dimen290
)
(C:/Users/Javier/AppData/Local/Programs/MiKTeX/tex/latex/pgf/compatibility/pgfc
omp-version-1-18.sty
Package: pgfcomp-version-1-18 2021/05/15 v3.1.9a (3.1.9a)
))
(C:/Users/Javier/AppData/Local/Programs/MiKTeX/tex/latex/pgf/utilities/pgffor.s
ty
(C:/Users/Javier/AppData/Local/Programs/MiKTeX/tex/latex/pgf/utilities/pgfkeys.
sty
(C:/Users/Javier/AppData/Local/Programs/MiKTeX/tex/generic/pgf/utilities/pgfkey
s.code.tex))
(C:/Users/Javier/AppData/Local/Programs/MiKTeX/tex/latex/pgf/math/pgfmath.sty
(C:/Users/Javier/AppData/Local/Programs/MiKTeX/tex/generic/pgf/math/pgfmath.cod
e.tex))
(C:/Users/Javier/AppData/Local/Programs/MiKTeX/tex/generic/pgf/utilities/pgffor
.code.tex
Package: pgffor 2021/05/15 v3.1.9a (3.1.9a)

(C:/Users/Javier/AppData/Local/Programs/MiKTeX/tex/generic/pgf/math/pgfmath.cod
e.tex)
\pgffor@iter=\dimen291
\pgffor@skip=\dimen292
\pgffor@stack=\toks45
\pgffor@toks=\toks46
))
(C:/Users/Javier/AppData/Local/Programs/MiKTeX/tex/generic/pgf/frontendlayer/ti
kz/tikz.code.tex
Package: tikz 2021/05/15 v3.1.9a (3.1.9a)

(C:/Users/Javier/AppData/Local/Programs/MiKTeX/tex/generic/pgf/libraries/pgflib
raryplothandlers.code.tex
File: pgflibraryplothandlers.code.tex 2021/05/15 v3.1.9a (3.1.9a)
\pgf@plot@mark@count=\count309
\pgfplotmarksize=\dimen293
)
\tikz@lastx=\dimen294
\tikz@lasty=\dimen295
\tikz@lastxsaved=\dimen296
\tikz@lastysaved=\dimen297
\tikz@lastmovetox=\dimen298
\tikz@lastmovetoy=\dimen299
\tikzleveldistance=\dimen300
\tikzsiblingdistance=\dimen301
\tikz@figbox=\box70
\tikz@figbox@bg=\box71
\tikz@tempbox=\box72
\tikz@tempbox@bg=\box73
\tikztreelevel=\count310
\tikznumberofchildren=\count311
\tikznumberofcurrentchild=\count312
\tikz@fig@count=\count313

(C:/Users/Javier/AppData/Local/Programs/MiKTeX/tex/generic/pgf/modules/pgfmodul
ematrix.code.tex
File: pgfmodulematrix.code.tex 2021/05/15 v3.1.9a (3.1.9a)
\pgfmatrixcurrentrow=\count314
\pgfmatrixcurrentcolumn=\count315
\pgf@matrix@numberofcolumns=\count316
)
\tikz@expandcount=\count317

(C:/Users/Javier/AppData/Local/Programs/MiKTeX/tex/generic/pgf/frontendlayer/ti
kz/libraries/tikzlibrarytopaths.code.tex
File: tikzlibrarytopaths.code.tex 2021/05/15 v3.1.9a (3.1.9a)
)))
(C:/Users/Javier/AppData/Local/Programs/MiKTeX/tex/latex/tikz-cd/tikz-cd.sty
Package: tikz-cd 2021/05/04 v1.0 Commutative diagrams with TikZ

(C:/Users/Javier/AppData/Local/Programs/MiKTeX/tex/latex/tikz-cd/tikzlibrarycd.
code.tex
(C:/Users/Javier/AppData/Local/Programs/MiKTeX/tex/generic/pgf/frontendlayer/ti
kz/libraries/tikzlibrarymatrix.code.tex
File: tikzlibrarymatrix.code.tex 2021/05/15 v3.1.9a (3.1.9a)
)
(C:/Users/Javier/AppData/Local/Programs/MiKTeX/tex/generic/pgf/frontendlayer/ti
kz/libraries/tikzlibraryquotes.code.tex
File: tikzlibraryquotes.code.tex 2021/05/15 v3.1.9a (3.1.9a)
)
(C:/Users/Javier/AppData/Local/Programs/MiKTeX/tex/generic/pgf/libraries/pgflib
raryarrows.meta.code.tex
File: pgflibraryarrows.meta.code.tex 2021/05/15 v3.1.9a (3.1.9a)
\pgfarrowinset=\dimen302
\pgfarrowlength=\dimen303
\pgfarrowwidth=\dimen304
\pgfarrowlinewidth=\dimen305
)))
(C:/Users/Javier/AppData/Local/Programs/MiKTeX/tex/latex/pgfplots/pgfplots.sty
(C:/Users/Javier/AppData/Local/Programs/MiKTeX/tex/generic/pgfplots/pgfplots.re
vision.tex)
Package: pgfplots 2021/05/15 v1.18.1 Data Visualization (1.18.1)

(C:/Users/Javier/AppData/Local/Programs/MiKTeX/tex/generic/pgfplots/pgfplots.co
de.tex
(C:/Users/Javier/AppData/Local/Programs/MiKTeX/tex/generic/pgfplots/pgfplotscor
e.code.tex
Package pgfplots info on input line 124: Initializing with LUA version Lua 5.3
\pgfplots@luabackend@table=\catcodetable14
\t@pgfplots@toka=\toks47
\t@pgfplots@tokb=\toks48
\t@pgfplots@tokc=\toks49
\pgfplots@tmpa=\dimen306
\c@pgfplots@coordindex=\count318
\c@pgfplots@scanlineindex=\count319

(C:/Users/Javier/AppData/Local/Programs/MiKTeX/tex/generic/pgfplots/sys/pgfplot
ssysgeneric.code.tex))
(C:/Users/Javier/AppData/Local/Programs/MiKTeX/tex/generic/pgfplots/libs/pgfplo
tslibrary.code.tex)
(C:/Users/Javier/AppData/Local/Programs/MiKTeX/tex/generic/pgfplots/oldpgfcompa
tib/pgfplotsoldpgfsupp_loader.code.tex
(C:/Users/Javier/AppData/Local/Programs/MiKTeX/tex/generic/pgf/libraries/pgflib
raryfpu.code.tex)
(C:/Users/Javier/AppData/Local/Programs/MiKTeX/tex/generic/pgf/libraries/luamat
h/pgflibraryluamath.code.tex)
Package pgfplots info on input line 290: luamath library shipped with pgf 3.1.9
a is up-to-date
)
(C:/Users/Javier/AppData/Local/Programs/MiKTeX/tex/generic/pgfplots/util/pgfplo
tsutil.code.tex
Package pgfplots info on input line 82: Found new luatex: initializing lua comm
ands instead of write18 (shell-escape)

(C:/Users/Javier/AppData/Local/Programs/MiKTeX/tex/generic/pgfplots/liststructu
re/pgfplotsliststructure.code.tex)
(C:/Users/Javier/AppData/Local/Programs/MiKTeX/tex/generic/pgfplots/liststructu
re/pgfplotsliststructureext.code.tex)
(C:/Users/Javier/AppData/Local/Programs/MiKTeX/tex/generic/pgfplots/liststructu
re/pgfplotsarray.code.tex
\c@pgfplotsarray@tmp=\count320
)
(C:/Users/Javier/AppData/Local/Programs/MiKTeX/tex/generic/pgfplots/liststructu
re/pgfplotsmatrix.code.tex)
(C:/Users/Javier/AppData/Local/Programs/MiKTeX/tex/generic/pgfplots/numtable/pg
fplotstableshared.code.tex
\c@pgfplotstable@counta=\count321
\t@pgfplotstable@a=\toks50
)
(C:/Users/Javier/AppData/Local/Programs/MiKTeX/tex/generic/pgfplots/liststructu
re/pgfplotsdeque.code.tex)
(C:/Users/Javier/AppData/Local/Programs/MiKTeX/tex/generic/pgfplots/util/pgfplo
tsbinary.code.tex
(C:/Users/Javier/AppData/Local/Programs/MiKTeX/tex/generic/pgfplots/util/pgfplo
tsbinary.data.code.tex))
(C:/Users/Javier/AppData/Local/Programs/MiKTeX/tex/generic/pgfplots/util/pgfplo
tsutil.verb.code.tex)
(C:/Users/Javier/AppData/Local/Programs/MiKTeX/tex/generic/pgfplots/libs/pgflib
rarypgfplots.surfshading.code.tex
\c@pgfplotslibrarysurf@no=\count322

(C:/Users/Javier/AppData/Local/Programs/MiKTeX/tex/generic/pgfplots/sys/pgflibr
arypgfplots.surfshading.pgfsys-luatex.def)))
(C:/Users/Javier/AppData/Local/Programs/MiKTeX/tex/generic/pgfplots/util/pgfplo
tscolormap.code.tex
(C:/Users/Javier/AppData/Local/Programs/MiKTeX/tex/generic/pgfplots/util/pgfplo
tscolor.code.tex))
(C:/Users/Javier/AppData/Local/Programs/MiKTeX/tex/generic/pgfplots/pgfplotssta
ckedplots.code.tex)
(C:/Users/Javier/AppData/Local/Programs/MiKTeX/tex/generic/pgfplots/pgfplotsplo
thandlers.code.tex
(C:/Users/Javier/AppData/Local/Programs/MiKTeX/tex/generic/pgfplots/pgfplotsmes
hplothandler.code.tex
(C:/Users/Javier/AppData/Local/Programs/MiKTeX/tex/generic/pgfplots/pgfplotsmes
hplotimage.code.tex)))
(C:/Users/Javier/AppData/Local/Programs/MiKTeX/tex/generic/pgfplots/pgfplots.sc
aling.code.tex)
(C:/Users/Javier/AppData/Local/Programs/MiKTeX/tex/generic/pgfplots/pgfplotscoo
rdprocessing.code.tex)
(C:/Users/Javier/AppData/Local/Programs/MiKTeX/tex/generic/pgfplots/pgfplots.er
rorbars.code.tex)
(C:/Users/Javier/AppData/Local/Programs/MiKTeX/tex/generic/pgfplots/pgfplots.ma
rkers.code.tex)
(C:/Users/Javier/AppData/Local/Programs/MiKTeX/tex/generic/pgfplots/pgfplotstic
ks.code.tex)
(C:/Users/Javier/AppData/Local/Programs/MiKTeX/tex/generic/pgfplots/pgfplots.pa
ths.code.tex)
(C:/Users/Javier/AppData/Local/Programs/MiKTeX/tex/generic/pgf/frontendlayer/ti
kz/libraries/tikzlibrarydecorations.code.tex
(C:/Users/Javier/AppData/Local/Programs/MiKTeX/tex/generic/pgf/modules/pgfmodul
edecorations.code.tex
\pgfdecoratedcompleteddistance=\dimen307
\pgfdecoratedremainingdistance=\dimen308
\pgfdecoratedinputsegmentcompleteddistance=\dimen309
\pgfdecoratedinputsegmentremainingdistance=\dimen310
\pgf@decorate@distancetomove=\dimen311
\pgf@decorate@repeatstate=\count323
\pgfdecorationsegmentamplitude=\dimen312
\pgfdecorationsegmentlength=\dimen313
)
\tikz@lib@dec@box=\box74
)
(C:/Users/Javier/AppData/Local/Programs/MiKTeX/tex/generic/pgf/frontendlayer/ti
kz/libraries/tikzlibrarydecorations.pathmorphing.code.tex
(C:/Users/Javier/AppData/Local/Programs/MiKTeX/tex/generic/pgf/libraries/decora
tions/pgflibrarydecorations.pathmorphing.code.tex))
(C:/Users/Javier/AppData/Local/Programs/MiKTeX/tex/generic/pgf/frontendlayer/ti
kz/libraries/tikzlibrarydecorations.pathreplacing.code.tex
(C:/Users/Javier/AppData/Local/Programs/MiKTeX/tex/generic/pgf/libraries/decora
tions/pgflibrarydecorations.pathreplacing.code.tex))
(C:/Users/Javier/AppData/Local/Programs/MiKTeX/tex/generic/pgfplots/libs/tikzli
brarypgfplots.contourlua.code.tex)
\pgfplots@numplots=\count324
\pgfplots@xmin@reg=\dimen314
\pgfplots@xmax@reg=\dimen315
\pgfplots@ymin@reg=\dimen316
\pgfplots@ymax@reg=\dimen317
\pgfplots@zmin@reg=\dimen318
\pgfplots@zmax@reg=\dimen319
)
(C:/Users/Javier/AppData/Local/Programs/MiKTeX/tex/generic/pgf/frontendlayer/ti
kz/libraries/tikzlibraryplotmarks.code.tex
File: tikzlibraryplotmarks.code.tex 2021/05/15 v3.1.9a (3.1.9a)

(C:/Users/Javier/AppData/Local/Programs/MiKTeX/tex/generic/pgf/libraries/pgflib
raryplotmarks.code.tex
File: pgflibraryplotmarks.code.tex 2021/05/15 v3.1.9a (3.1.9a)
)))
(C:/Users/Javier/AppData/Local/Programs/MiKTeX/tex/latex/placeins/placeins.sty
Package: placeins 2005/04/18  v 2.2
)
(C:/Users/Javier/AppData/Local/Programs/MiKTeX/tex/generic/pgf/frontendlayer/ti
kz/libraries/tikzlibrarycalc.code.tex
File: tikzlibrarycalc.code.tex 2021/05/15 v3.1.9a (3.1.9a)
)
(C:/Users/Javier/AppData/Local/Programs/MiKTeX/tex/generic/pgf/frontendlayer/ti
kz/libraries/tikzlibraryintersections.code.tex
(C:/Users/Javier/AppData/Local/Programs/MiKTeX/tex/generic/pgf/libraries/pgflib
raryintersections.code.tex
\pgf@intersect@solutions=\count325
))
(C:/Users/Javier/AppData/Local/Programs/MiKTeX/tex/generic/pgf/frontendlayer/ti
kz/libraries/tikzlibraryarrows.code.tex
File: tikzlibraryarrows.code.tex 2021/05/15 v3.1.9a (3.1.9a)

(C:/Users/Javier/AppData/Local/Programs/MiKTeX/tex/generic/pgf/libraries/pgflib
raryarrows.code.tex
File: pgflibraryarrows.code.tex 2021/05/15 v3.1.9a (3.1.9a)
\arrowsize=\dimen320
))
(C:/Users/Javier/AppData/Local/Programs/MiKTeX/tex/generic/pgf/frontendlayer/ti
kz/libraries/tikzlibrarypositioning.code.tex
File: tikzlibrarypositioning.code.tex 2021/05/15 v3.1.9a (3.1.9a)
)
(C:/Users/Javier/AppData/Local/Programs/MiKTeX/tex/generic/pgf/frontendlayer/ti
kz/libraries/tikzlibraryshapes.geometric.code.tex
File: tikzlibraryshapes.geometric.code.tex 2021/05/15 v3.1.9a (3.1.9a)

(C:/Users/Javier/AppData/Local/Programs/MiKTeX/tex/generic/pgf/libraries/shapes
/pgflibraryshapes.geometric.code.tex
File: pgflibraryshapes.geometric.code.tex 2021/05/15 v3.1.9a (3.1.9a)
))
(C:/Users/Javier/AppData/Local/Programs/MiKTeX/tex/generic/pgf/frontendlayer/ti
kz/libraries/tikzlibraryshapes.code.tex
File: tikzlibraryshapes.code.tex 2021/05/15 v3.1.9a (3.1.9a)

(C:/Users/Javier/AppData/Local/Programs/MiKTeX/tex/generic/pgf/frontendlayer/ti
kz/libraries/tikzlibraryshapes.misc.code.tex
File: tikzlibraryshapes.misc.code.tex 2021/05/15 v3.1.9a (3.1.9a)

(C:/Users/Javier/AppData/Local/Programs/MiKTeX/tex/generic/pgf/libraries/shapes
/pgflibraryshapes.misc.code.tex
File: pgflibraryshapes.misc.code.tex 2021/05/15 v3.1.9a (3.1.9a)
))
(C:/Users/Javier/AppData/Local/Programs/MiKTeX/tex/generic/pgf/frontendlayer/ti
kz/libraries/tikzlibraryshapes.symbols.code.tex
File: tikzlibraryshapes.symbols.code.tex 2021/05/15 v3.1.9a (3.1.9a)

(C:/Users/Javier/AppData/Local/Programs/MiKTeX/tex/generic/pgf/libraries/shapes
/pgflibraryshapes.symbols.code.tex
File: pgflibraryshapes.symbols.code.tex 2021/05/15 v3.1.9a (3.1.9a)
))
(C:/Users/Javier/AppData/Local/Programs/MiKTeX/tex/generic/pgf/frontendlayer/ti
kz/libraries/tikzlibraryshapes.arrows.code.tex
File: tikzlibraryshapes.arrows.code.tex 2021/05/15 v3.1.9a (3.1.9a)

(C:/Users/Javier/AppData/Local/Programs/MiKTeX/tex/generic/pgf/libraries/shapes
/pgflibraryshapes.arrows.code.tex
File: pgflibraryshapes.arrows.code.tex 2021/05/15 v3.1.9a (3.1.9a)
))
(C:/Users/Javier/AppData/Local/Programs/MiKTeX/tex/generic/pgf/frontendlayer/ti
kz/libraries/tikzlibraryshapes.callouts.code.tex
(C:/Users/Javier/AppData/Local/Programs/MiKTeX/tex/generic/pgf/libraries/shapes
/pgflibraryshapes.callouts.code.tex))
(C:/Users/Javier/AppData/Local/Programs/MiKTeX/tex/generic/pgf/frontendlayer/ti
kz/libraries/tikzlibraryshapes.multipart.code.tex
File: tikzlibraryshapes.multipart.code.tex 2021/05/15 v3.1.9a (3.1.9a)

(C:/Users/Javier/AppData/Local/Programs/MiKTeX/tex/generic/pgf/libraries/shapes
/pgflibraryshapes.multipart.code.tex
File: pgflibraryshapes.multipart.code.tex 2021/05/15 v3.1.9a (3.1.9a)
\pgfnodepartlowerbox=\box75
\pgfnodeparttwobox=\box76
\pgfnodepartthreebox=\box77
\pgfnodepartfourbox=\box78
\pgfnodeparttwentybox=\box79
\pgfnodepartnineteenbox=\box80
\pgfnodeparteighteenbox=\box81
\pgfnodepartseventeenbox=\box82
\pgfnodepartsixteenbox=\box83
\pgfnodepartfifteenbox=\box84
\pgfnodepartfourteenbox=\box85
\pgfnodepartthirteenbox=\box86
\pgfnodeparttwelvebox=\box87
\pgfnodepartelevenbox=\box88
\pgfnodeparttenbox=\box89
\pgfnodepartninebox=\box90
\pgfnodeparteightbox=\box91
\pgfnodepartsevenbox=\box92
\pgfnodepartsixbox=\box93
\pgfnodepartfivebox=\box94
)))
(C:/Users/Javier/AppData/Local/Programs/MiKTeX/tex/generic/pgf/frontendlayer/ti
kz/libraries/tikzlibrarydecorations.markings.code.tex
(C:/Users/Javier/AppData/Local/Programs/MiKTeX/tex/generic/pgf/libraries/decora
tions/pgflibrarydecorations.markings.code.tex))
(C:/Users/Javier/AppData/Local/Programs/MiKTeX/tex/generic/pgfplots/libs/pgflib
rarypgfplots.colorbrewer.code.tex
(C:/Users/Javier/AppData/Local/Programs/MiKTeX/tex/generic/pgfplots/libs/tikzli
brarycolorbrewer.code.tex))
(C:/Users/Javier/AppData/Local/Programs/MiKTeX/tex/generic/pgfplots/libs/tikzli
brarypgfplots.external.code.tex
(C:/Users/Javier/AppData/Local/Programs/MiKTeX/tex/latex/pgf/frontendlayer/libr
aries/tikzlibraryexternal.code.tex
(C:/Users/Javier/AppData/Local/Programs/MiKTeX/tex/generic/pdftexcmds/pdftexcmd
s.sty
Package: pdftexcmds 2020-06-27 v0.33 Utility functions of pdfTeX for LuaTeX (HO
)
Package pdftexcmds Info: \pdf@primitive is available.
Package pdftexcmds Info: \pdf@ifprimitive is available.
Package pdftexcmds Info: \pdfdraftmode found.
\pdftexcmds@toks=\toks51
)
(C:/Users/Javier/AppData/Local/Programs/MiKTeX/tex/latex/base/atveryend-ltx.sty
Package: atveryend-ltx 2020/08/19 v1.0a Emulation of the original atveryend pac
kage
with kernel methods
)
(C:/Users/Javier/AppData/Local/Programs/MiKTeX/tex/generic/pgf/frontendlayer/ti
kz/libraries/tikzexternalshared.code.tex)))
\openout3 = MONKES_manual.auxlock

(C:/Users/Javier/AppData/Local/Programs/MiKTeX/tex/latex/xifthen/xifthen.sty
Package: xifthen 2015/11/05 v1.4.0 Extended ifthen features

(C:/Users/Javier/AppData/Local/Programs/MiKTeX/tex/latex/ifmtarg/ifmtarg.sty
Package: ifmtarg 2018/04/16 v1.2b check for an empty argument
))
(C:/Users/Javier/AppData/Local/Programs/MiKTeX/tex/latex/booktabs/booktabs.sty
Package: booktabs 2020/01/12 v1.61803398 Publication quality tables
\heavyrulewidth=\dimen321
\lightrulewidth=\dimen322
\cmidrulewidth=\dimen323
\belowrulesep=\dimen324
\belowbottomsep=\dimen325
\aboverulesep=\dimen326
\abovetopsep=\dimen327
\cmidrulesep=\dimen328
\cmidrulekern=\dimen329
\defaultaddspace=\dimen330
\@cmidla=\count326
\@cmidlb=\count327
\@aboverulesep=\dimen331
\@belowrulesep=\dimen332
\@thisruleclass=\count328
\@lastruleclass=\count329
\@thisrulewidth=\dimen333
) (C:/Users/Javier/AppData/Local/Programs/MiKTeX/tex/latex/base/makeidx.sty
Package: makeidx 2021/10/04 v1.0m Standard LaTeX package
)
(C:/Users/Javier/AppData/Local/Programs/MiKTeX/tex/latex/hyperref/hyperref.sty
Package: hyperref 2022-09-22 v7.00t Hypertext links for LaTeX

(C:/Users/Javier/AppData/Local/Programs/MiKTeX/tex/latex/kvsetkeys/kvsetkeys.st
y
Package: kvsetkeys 2022-10-05 v1.19 Key value parser (HO)
)
(C:/Users/Javier/AppData/Local/Programs/MiKTeX/tex/generic/kvdefinekeys/kvdefin
ekeys.sty
Package: kvdefinekeys 2019-12-19 v1.6 Define keys (HO)
)
(C:/Users/Javier/AppData/Local/Programs/MiKTeX/tex/generic/pdfescape/pdfescape.
sty
Package: pdfescape 2019/12/09 v1.15 Implements pdfTeX's escape features (HO)
)
(C:/Users/Javier/AppData/Local/Programs/MiKTeX/tex/latex/hycolor/hycolor.sty
Package: hycolor 2020-01-27 v1.10 Color options for hyperref/bookmark (HO)
)
(C:/Users/Javier/AppData/Local/Programs/MiKTeX/tex/latex/letltxmacro/letltxmacr
o.sty
Package: letltxmacro 2019/12/03 v1.6 Let assignment for LaTeX macros (HO)
)
(C:/Users/Javier/AppData/Local/Programs/MiKTeX/tex/latex/auxhook/auxhook.sty
Package: auxhook 2019-12-17 v1.6 Hooks for auxiliary files (HO)
)
(C:/Users/Javier/AppData/Local/Programs/MiKTeX/tex/latex/hyperref/nameref.sty
Package: nameref 2022-05-17 v2.50 Cross-referencing by name of section

(C:/Users/Javier/AppData/Local/Programs/MiKTeX/tex/latex/refcount/refcount.sty
Package: refcount 2019/12/15 v3.6 Data extraction from label references (HO)
)
(C:/Users/Javier/AppData/Local/Programs/MiKTeX/tex/generic/gettitlestring/getti
tlestring.sty
Package: gettitlestring 2019/12/15 v1.6 Cleanup title references (HO)

(C:/Users/Javier/AppData/Local/Programs/MiKTeX/tex/latex/kvoptions/kvoptions.st
y
Package: kvoptions 2022-06-15 v3.15 Key value format for package options (HO)
))
\c@section@level=\count330
)
\@linkdim=\dimen334
\Hy@linkcounter=\count331
\Hy@pagecounter=\count332

(C:/Users/Javier/AppData/Local/Programs/MiKTeX/tex/latex/hyperref/pd1enc.def
File: pd1enc.def 2022-09-22 v7.00t Hyperref: PDFDocEncoding definition (HO)
)
(C:/Users/Javier/AppData/Local/Programs/MiKTeX/tex/generic/intcalc/intcalc.sty
Package: intcalc 2019/12/15 v1.3 Expandable calculations with integers (HO)
)
(C:/Users/Javier/AppData/Local/Programs/MiKTeX/tex/generic/etexcmds/etexcmds.st
y
Package: etexcmds 2019/12/15 v1.7 Avoid name clashes with e-TeX commands (HO)
)
\Hy@SavedSpaceFactor=\count333
 (C:/Users/Javier/AppData/Local/Programs/MiKTeX/tex/latex/hyperref/puenc.def
File: puenc.def 2022-09-22 v7.00t Hyperref: PDF Unicode definition (HO)
)
Package hyperref Info: Option `colorlinks' set `true' on input line 4045.
Package hyperref Info: Option `breaklinks' set `true' on input line 4045.
Package hyperref Info: Hyper figures OFF on input line 4162.
Package hyperref Info: Link nesting OFF on input line 4167.
Package hyperref Info: Hyper index ON on input line 4170.
Package hyperref Info: Plain pages OFF on input line 4177.
Package hyperref Info: Backreferencing OFF on input line 4182.
Package hyperref Info: Implicit mode ON; LaTeX internals redefined.
\stockwidth=\dimen335
\stockheight=\dimen336
Package hyperref Info: Bookmarks ON on input line 4410.
\c@Hy@tempcnt=\count334
(C:/Users/Javier/AppData/Local/Programs/MiKTeX/tex/latex/url/url.sty
\Urlmuskip=\muskip20
Package: url 2013/09/16  ver 3.4  Verb mode for urls, etc.
)
LaTeX Info: Redefining \url on input line 4748.
\XeTeXLinkMargin=\dimen337

(C:/Users/Javier/AppData/Local/Programs/MiKTeX/tex/generic/bitset/bitset.sty
Package: bitset 2019/12/09 v1.3 Handle bit-vector datatype (HO)

(C:/Users/Javier/AppData/Local/Programs/MiKTeX/tex/generic/bigintcalc/bigintcal
c.sty
Package: bigintcalc 2019/12/15 v1.5 Expandable calculations on big integers (HO
)
))
\Fld@menulength=\count335
\Field@Width=\dimen338
\Fld@charsize=\dimen339
Package hyperref Info: Hyper figures OFF on input line 6027.
Package hyperref Info: Link nesting OFF on input line 6032.
Package hyperref Info: Hyper index ON on input line 6035.
Package hyperref Info: backreferencing OFF on input line 6042.
Package hyperref Info: Link coloring ON on input line 6045.
Package hyperref Info: Link coloring with OCG OFF on input line 6052.
Package hyperref Info: PDF/A mode OFF on input line 6057.

(C:/Users/Javier/AppData/Local/Programs/MiKTeX/tex/latex/base/atbegshi-ltx.sty
Package: atbegshi-ltx 2021/01/10 v1.0c Emulation of the original atbegshi
package with kernel methods
)
\Hy@abspage=\count336
\c@Item=\count337
\c@Hfootnote=\count338
)
Package hyperref Info: Driver (autodetected): hluatex.
 (C:/Users/Javier/AppData/Local/Programs/MiKTeX/tex/latex/hyperref/hluatex.def
File: hluatex.def 2022-09-22 v7.00t Hyperref driver for luaTeX

(C:/Users/Javier/AppData/Local/Programs/MiKTeX/tex/generic/stringenc/stringenc.
sty
Package: stringenc 2019/11/29 v1.12 Convert strings between diff. encodings (HO
)
)
\Fld@listcount=\count339
\c@bookmark@seq@number=\count340

(C:/Users/Javier/AppData/Local/Programs/MiKTeX/tex/latex/rerunfilecheck/rerunfi
lecheck.sty
Package: rerunfilecheck 2022-07-10 v1.10 Rerun checks for auxiliary files (HO)

(C:/Users/Javier/AppData/Local/Programs/MiKTeX/tex/generic/uniquecounter/unique
counter.sty
Package: uniquecounter 2019/12/15 v1.4 Provide unlimited unique counter (HO)
)
Package uniquecounter Info: New unique counter `rerunfilecheck' on input line 2
85.
)
\Hy@SectionHShift=\skip62
)
(C:/Users/Javier/AppData/Local/Programs/MiKTeX/tex/latex/enumitem/enumitem.sty
Package: enumitem 2019/06/20 v3.9 Customized lists
\labelindent=\skip63
\enit@outerparindent=\dimen340
\enit@toks=\toks52
\enit@inbox=\box95
\enit@count@id=\count341
\enitdp@description=\count342
) (C:/Users/Javier/AppData/Local/Programs/MiKTeX/tex/latex/titlesec/titlesec.st
y
Package: titlesec 2021/07/05 v2.14 Sectioning titles
\ttl@box=\box96
\beforetitleunit=\skip64
\aftertitleunit=\skip65
\ttl@plus=\dimen341
\ttl@minus=\dimen342
\ttl@toksa=\toks53
\titlewidth=\dimen343
\titlewidthlast=\dimen344
\titlewidthfirst=\dimen345
)
(C:/Users/Javier/AppData/Local/Programs/MiKTeX/tex/latex/todonotes/todonotes.st
y
Package: todonotes 2021/06/04 v1.1.5 Todonotes source and documentation.
Package: todonotes 2021/06/04
 (C:/Users/Javier/AppData/Local/Programs/MiKTeX/tex/latex/xkeyval/xkeyval.sty
Package: xkeyval 2022/06/16 v2.9 package option processing (HA)

(C:/Users/Javier/AppData/Local/Programs/MiKTeX/tex/generic/xkeyval/xkeyval.tex
(C:/Users/Javier/AppData/Local/Programs/MiKTeX/tex/generic/xkeyval/xkvutils.tex
\XKV@toks=\toks54
\XKV@tempa@toks=\toks55
)
\XKV@depth=\count343
File: xkeyval.tex 2014/12/03 v2.7a key=value parser (HA)
))
\c@@todonotes@numberoftodonotes=\count344
)
(C:/Users/Javier/AppData/Local/Programs/MiKTeX/tex/latex/setspace/setspace.sty
Package: setspace 2011/12/19 v6.7a set line spacing
) (C:/Users/Javier/AppData/Local/Programs/MiKTeX/tex/latex/lastpage/lastpage.st
y
Package: lastpage 2021/09/03 v1.2n Refers to last page's name (HMM; JPG)
)
(C:/Users/Javier/AppData/Local/Programs/MiKTeX/tex/latex/caption/subcaption.sty
Package: subcaption 2022/01/07 v1.5 Sub-captions (AR)
\c@subfigure=\count345
\c@subtable=\count346
) (C:/Users/Javier/AppData/Local/Programs/MiKTeX/tex/latex/titling/titling.sty
Package: titling 2009/09/04 v2.1d maketitle typesetting
\thanksmarkwidth=\skip66
\thanksmargin=\skip67
\droptitle=\skip68
))

LaTeX Warning: \include should only be used after \begin{document} on input lin
e 8.

(./format/mathcommands.tex
\c@proposition=\count347
\c@example=\count348
\c@definition=\count349
\c@theorem=\count350
\c@defn=\count351
)

LaTeX Warning: \include should only be used after \begin{document} on input lin
e 9.

(./format/graphs.tex)

LaTeX Warning: \include should only be used after \begin{document} on input lin
e 11.

(./format/TexPlot.tex)

LaTeX Warning: \include should only be used after \begin{document} on input lin
e 13.

(./format/luamacros.tex)

LaTeX Warning: \include should only be used after \begin{document} on input lin
e 14.

(./format/listings.tex
(C:/Users/Javier/AppData/Local/Programs/MiKTeX/tex/latex/listings/listings.sty
\lst@mode=\count352
\lst@gtempboxa=\box97
\lst@token=\toks56
\lst@length=\count353
\lst@currlwidth=\dimen346
\lst@column=\count354
\lst@pos=\count355
\lst@lostspace=\dimen347
\lst@width=\dimen348
\lst@newlines=\count356
\lst@lineno=\count357
\lst@maxwidth=\dimen349

(C:/Users/Javier/AppData/Local/Programs/MiKTeX/tex/latex/listings/lstmisc.sty
File: lstmisc.sty 2020/03/24 1.8d (Carsten Heinz)
\c@lstnumber=\count358
\lst@skipnumbers=\count359
\lst@framebox=\box98
)
(C:/Users/Javier/AppData/Local/Programs/MiKTeX/tex/latex/listings/listings.cfg
File: listings.cfg 2020/03/24 1.8d listings configuration
))
Package: listings 2020/03/24 1.8d (Carsten Heinz)

(C:/Users/Javier/AppData/Local/Programs/MiKTeX/tex/latex/listings/lstlang1.sty
File: lstlang1.sty 2020/03/24 1.8d listings language file
) (C:/Users/Javier/AppData/Local/Programs/MiKTeX/tex/latex/listings/lstlang1.st
y
File: lstlang1.sty 2020/03/24 1.8d listings language file
)) (./figures/figures.tex) (./bibliography.tex
(C:/Users/Javier/AppData/Local/Programs/MiKTeX/tex/latex/biblatex/biblatex.sty
Package: biblatex 2022/07/12 v3.18b programmable bibliographies (PK/MW)

(C:/Users/Javier/AppData/Local/Programs/MiKTeX/tex/latex/logreq/logreq.sty
Package: logreq 2010/08/04 v1.0 xml request logger
\lrq@indent=\count360

(C:/Users/Javier/AppData/Local/Programs/MiKTeX/tex/latex/logreq/logreq.def
File: logreq.def 2010/08/04 v1.0 logreq spec v1.0
))
\c@tabx@nest=\count361
\c@listtotal=\count362
\c@listcount=\count363
\c@liststart=\count364
\c@liststop=\count365
\c@citecount=\count366
\c@citetotal=\count367
\c@multicitecount=\count368
\c@multicitetotal=\count369
\c@instcount=\count370
\c@maxnames=\count371
\c@minnames=\count372
\c@maxitems=\count373
\c@minitems=\count374
\c@citecounter=\count375
\c@maxcitecounter=\count376
\c@savedcitecounter=\count377
\c@uniquelist=\count378
\c@uniquename=\count379
\c@refsection=\count380
\c@refsegment=\count381
\c@maxextratitle=\count382
\c@maxextratitleyear=\count383
\c@maxextraname=\count384
\c@maxextradate=\count385
\c@maxextraalpha=\count386
\c@abbrvpenalty=\count387
\c@highnamepenalty=\count388
\c@lownamepenalty=\count389
\c@maxparens=\count390
\c@parenlevel=\count391
\blx@tempcnta=\count392
\blx@tempcntb=\count393
\blx@tempcntc=\count394
\c@blx@maxsection=\count395
\blx@maxsegment@0=\count396
\blx@notetype=\count397
\blx@parenlevel@text=\count398
\blx@parenlevel@foot=\count399
\blx@sectionciteorder@0=\count400
\blx@sectionciteorderinternal@0=\count401
\blx@entrysetcounter=\count402
\blx@biblioinstance=\count403
\labelnumberwidth=\skip69
\labelalphawidth=\skip70
\biblabelsep=\skip71
\bibitemsep=\skip72
\bibnamesep=\skip73
\bibinitsep=\skip74
\bibparsep=\skip75
\bibhang=\skip76
\blx@bcfin=\read4
\blx@bcfout=\write4
\blx@langwohyphens=\language80
\c@mincomprange=\count404
\c@maxcomprange=\count405
\c@mincompwidth=\count406
Package biblatex Info: Trying to load biblatex default data model...
Package biblatex Info: ... file 'blx-dm.def' found.

(C:/Users/Javier/AppData/Local/Programs/MiKTeX/tex/latex/biblatex/blx-dm.def
File: blx-dm.def 2022/07/12 v3.18b biblatex localization (PK/MW)
)
Package biblatex Info: Trying to load biblatex custom data model...
Package biblatex Info: ... file 'biblatex-dm.cfg' not found.
\c@afterword=\count407
\c@savedafterword=\count408
\c@annotator=\count409
\c@savedannotator=\count410
\c@author=\count411
\c@savedauthor=\count412
\c@bookauthor=\count413
\c@savedbookauthor=\count414
\c@commentator=\count415
\c@savedcommentator=\count416
\c@editor=\count417
\c@savededitor=\count418
\c@editora=\count419
\c@savededitora=\count420
\c@editorb=\count421
\c@savededitorb=\count422
\c@editorc=\count423
\c@savededitorc=\count424
\c@foreword=\count425
\c@savedforeword=\count426
\c@holder=\count427
\c@savedholder=\count428
\c@introduction=\count429
\c@savedintroduction=\count430
\c@namea=\count431
\c@savednamea=\count432
\c@nameb=\count433
\c@savednameb=\count434
\c@namec=\count435
\c@savednamec=\count436
\c@translator=\count437
\c@savedtranslator=\count438
\c@shortauthor=\count439
\c@savedshortauthor=\count440
\c@shorteditor=\count441
\c@savedshorteditor=\count442
\c@labelname=\count443
\c@savedlabelname=\count444
\c@institution=\count445
\c@savedinstitution=\count446
\c@lista=\count447
\c@savedlista=\count448
\c@listb=\count449
\c@savedlistb=\count450
\c@listc=\count451
\c@savedlistc=\count452
\c@listd=\count453
\c@savedlistd=\count454
\c@liste=\count455
\c@savedliste=\count456
\c@listf=\count457
\c@savedlistf=\count458
\c@location=\count459
\c@savedlocation=\count460
\c@organization=\count461
\c@savedorganization=\count462
\c@origlocation=\count463
\c@savedoriglocation=\count464
\c@origpublisher=\count465
\c@savedorigpublisher=\count466
\c@publisher=\count467
\c@savedpublisher=\count468
\c@language=\count469
\c@savedlanguage=\count470
\c@origlanguage=\count471
\c@savedoriglanguage=\count472
\c@pageref=\count473
\c@savedpageref=\count474
\shorthandwidth=\skip77
\shortjournalwidth=\skip78
\shortserieswidth=\skip79
\shorttitlewidth=\skip80
\shortauthorwidth=\skip81
\shorteditorwidth=\skip82
\locallabelnumberwidth=\skip83
\locallabelalphawidth=\skip84
\localshorthandwidth=\skip85
\localshortjournalwidth=\skip86
\localshortserieswidth=\skip87
\localshorttitlewidth=\skip88
\localshortauthorwidth=\skip89
\localshorteditorwidth=\skip90
Package biblatex Info: Trying to load enhanced support for Unicode engines...
Package biblatex Info: ... file 'blx-unicode.def' found.

(C:/Users/Javier/AppData/Local/Programs/MiKTeX/tex/latex/biblatex/blx-unicode.d
ef)
Package biblatex Info: Trying to load compatibility code...
Package biblatex Info: ... file 'blx-compat.def' found.

(C:/Users/Javier/AppData/Local/Programs/MiKTeX/tex/latex/biblatex/blx-compat.de
f
File: blx-compat.def 2022/07/12 v3.18b biblatex compatibility (PK/MW)
)
Package biblatex Info: Trying to load generic definitions...
Package biblatex Info: ... file 'biblatex.def' found.

(C:/Users/Javier/AppData/Local/Programs/MiKTeX/tex/latex/biblatex/biblatex.def
File: biblatex.def 2022/07/12 v3.18b biblatex compatibility (PK/MW)
\c@textcitecount=\count475
\c@textcitetotal=\count476
\c@textcitemaxnames=\count477
\c@biburlbigbreakpenalty=\count478
\c@biburlbreakpenalty=\count479
\c@biburlnumpenalty=\count480
\c@biburlucpenalty=\count481
\c@biburllcpenalty=\count482
\biburlbigskip=\muskip21
\biburlnumskip=\muskip22
\biburlucskip=\muskip23
\biburllcskip=\muskip24
\c@smartand=\count483
)
Package biblatex Info: Trying to load bibliography style 'numeric'...
Package biblatex Info: ... file 'numeric.bbx' found.

(C:/Users/Javier/AppData/Local/Programs/MiKTeX/tex/latex/biblatex/bbx/numeric.b
bx
File: numeric.bbx 2022/07/12 v3.18b biblatex bibliography style (PK/MW)
Package biblatex Info: Trying to load bibliography style 'standard'...
Package biblatex Info: ... file 'standard.bbx' found.

(C:/Users/Javier/AppData/Local/Programs/MiKTeX/tex/latex/biblatex/bbx/standard.
bbx
File: standard.bbx 2022/07/12 v3.18b biblatex bibliography style (PK/MW)
\c@bbx:relatedcount=\count484
\c@bbx:relatedtotal=\count485
))
Package biblatex Info: Trying to load citation style 'numeric'...
Package biblatex Info: ... file 'numeric.cbx' found.

(C:/Users/Javier/AppData/Local/Programs/MiKTeX/tex/latex/biblatex/cbx/numeric.c
bx
File: numeric.cbx 2022/07/12 v3.18b biblatex citation style (PK/MW)
Package biblatex Info: Redefining '\cite'.
Package biblatex Info: Redefining '\parencite'.
Package biblatex Info: Redefining '\footcite'.
Package biblatex Info: Redefining '\footcitetext'.
Package biblatex Info: Redefining '\smartcite'.
Package biblatex Info: Redefining '\supercite'.
Package biblatex Info: Redefining '\textcite'.
Package biblatex Info: Redefining '\textcites'.
Package biblatex Info: Redefining '\cites'.
Package biblatex Info: Redefining '\parencites'.
Package biblatex Info: Redefining '\smartcites'.
)
Package biblatex Info: Trying to load configuration file...
Package biblatex Info: ... file 'biblatex.cfg' found.

(C:/Users/Javier/AppData/Local/Programs/MiKTeX/tex/latex/biblatex/biblatex.cfg
File: biblatex.cfg 
)
Package biblatex Info: LuaTeX detected.
(biblatex)             Assuming input encoding 'utf8'.
Package biblatex Info: Document encoding is UTF8 ....
Package biblatex Info: ... and expl3
(biblatex)             2022-09-28 L3 programming layer (loader) 
(biblatex)             is new enough (at least 2020/04/06),
(biblatex)             setting 'casechanger=expl3'.

(C:/Users/Javier/AppData/Local/Programs/MiKTeX/tex/latex/biblatex/blx-case-expl
3.sty
Package: blx-case-expl3 2022/07/12 v3.18b expl3 case changing code for biblatex

)))

Package biblatex Warning: 'babel/polyglossia' detected but 'csquotes' missing.
(biblatex)                Loading 'csquotes' recommended.

\@quotelevel=\count486
\@quotereset=\count487

LaTeX Warning: Unused global option(s):
    [english2].

(./MONKES_manual.aux)
\openout1 = MONKES_manual.aux

LaTeX Font Info:    Checking defaults for OML/cmm/m/it on input line 27.
LaTeX Font Info:    ... okay on input line 27.
LaTeX Font Info:    Checking defaults for OMS/cmsy/m/n on input line 27.
LaTeX Font Info:    ... okay on input line 27.
LaTeX Font Info:    Checking defaults for OT1/cmr/m/n on input line 27.
LaTeX Font Info:    ... okay on input line 27.
LaTeX Font Info:    Checking defaults for T1/cmr/m/n on input line 27.
LaTeX Font Info:    ... okay on input line 27.
LaTeX Font Info:    Checking defaults for TS1/cmr/m/n on input line 27.
LaTeX Font Info:    Trying to load font information for TS1+cmr on input line 2
7.

(C:/Users/Javier/AppData/Local/Programs/MiKTeX/tex/latex/base/ts1cmr.fd
File: ts1cmr.fd 2019/12/16 v2.5j Standard LaTeX font definitions
)
LaTeX Font Info:    ... okay on input line 27.
LaTeX Font Info:    Checking defaults for TU/lmr/m/n on input line 27.
LaTeX Font Info:    ... okay on input line 27.
LaTeX Font Info:    Checking defaults for OMX/cmex/m/n on input line 27.
LaTeX Font Info:    ... okay on input line 27.
LaTeX Font Info:    Checking defaults for U/cmr/m/n on input line 27.
LaTeX Font Info:    ... okay on input line 27.
LaTeX Font Info:    Checking defaults for PD1/pdf/m/n on input line 27.
LaTeX Font Info:    ... okay on input line 27.
LaTeX Font Info:    Checking defaults for PU/pdf/m/n on input line 27.
LaTeX Font Info:    ... okay on input line 27.

*geometry* driver: auto-detecting
*geometry* detected driver: luatex
*geometry* verbose mode - [ preamble ] result:
* driver: luatex
* paper: a4paper
* layout: <same size as paper>
* layoutoffset:(h,v)=(0.0pt,0.0pt)
* modes: twoside 
* h-part:(L,W,R)=(22.7622pt, 540.60236pt, 34.14331pt)
* v-part:(T,H,B)=(42.11008pt, 739.77165pt, 63.16512pt)
* \paperwidth=597.50787pt
* \paperheight=845.04684pt
* \textwidth=540.60236pt
* \textheight=739.77165pt
* \oddsidemargin=-49.50778pt
* \evensidemargin=-38.12668pt
* \topmargin=-67.15991pt
* \headheight=12.0pt
* \headsep=25.0pt
* \topskip=11.0pt
* \footskip=30.0pt
* \marginparwidth=113.0pt
* \marginparsep=10.0pt
* \columnsep=10.0pt
* \skip\footins=10.0pt plus 4.0pt minus 2.0pt
* \hoffset=0.0pt
* \voffset=0.0pt
* \mag=1000
* \@twocolumnfalse
* \@twosidetrue
* \@mparswitchtrue
* \@reversemarginfalse
* (1in=72.27pt=25.4mm, 1cm=28.453pt)

LaTeX Info: Redefining \microtypecontext on input line 27.
Package microtype Info: Applying patch `item' on input line 27.
Package microtype Info: Applying patch `toc' on input line 27.
Package microtype Info: Applying patch `eqnum' on input line 27.

Package microtype Warning: Unable to apply patch `footnote' on input line 27.

Package microtype Info: Generating PDF output.
Package microtype Info: Character protrusion enabled (level 2).
Package microtype Info: Using default protrusion set `alltext'.
Package microtype Info: Automatic font expansion enabled (level 2),
(microtype)             stretch: 20, shrink: 20, step: 1, non-selected.
Package microtype Info: Using default expansion set `alltext-nott'.
LaTeX Info: Redefining \showhyphens on input line 27.
Package microtype Info: No adjustment of tracking.
Package microtype Info: No adjustment of spacing.
Package microtype Info: No adjustment of kerning.

(C:/Users/Javier/AppData/Local/Programs/MiKTeX/tex/latex/microtype/mt-LatinMode
rnRoman.cfg
File: mt-LatinModernRoman.cfg 2021/02/21 v1.1 microtype config. file: Latin Mod
ern Roman (RS)
)
(C:/Users/Javier/AppData/Local/Programs/MiKTeX/tex/context/base/mkii/supp-pdf.m
kii
[Loading MPS to PDF converter (version 2006.09.02).]
\scratchcounter=\count488
\scratchdimen=\dimen350
\scratchbox=\box99
\nofMPsegments=\count489
\nofMParguments=\count490
\everyMPshowfont=\toks57
\MPscratchCnt=\count491
\MPscratchDim=\dimen351
\MPnumerator=\count492
\makeMPintoPDFobject=\count493
\everyMPtoPDFconversion=\toks58
)
(C:/Users/Javier/AppData/Local/Programs/MiKTeX/tex/latex/epstopdf-pkg/epstopdf-
base.sty
Package: epstopdf-base 2020-01-24 v2.11 Base part for package epstopdf
Package epstopdf-base Info: Redefining graphics rule for `.eps' on input line 4
85.

(C:/Users/Javier/AppData/Local/Programs/MiKTeX/tex/latex/00miktex/epstopdf-sys.
cfg
File: epstopdf-sys.cfg 2021/03/18 v2.0 Configuration of epstopdf for MiKTeX
))
(C:/Users/Javier/AppData/Local/Programs/MiKTeX/tex/latex/pdflscape/pdflscape.st
y
Package: pdflscape 2019/12/05 v0.12 Display of landscape pages in PDF (HO)
 (C:/Users/Javier/AppData/Local/Programs/MiKTeX/tex/latex/graphics/lscape.sty
Package: lscape 2020/05/28 v3.02 Landscape Pages (DPC)
)
Package pdflscape Info: Auto-detected driver: pdftex on input line 81.
)
Package caption Info: Begin \AtBeginDocument code.
Package caption Info: hyperref package is loaded.
Package caption Info: listings package is loaded.
Package caption Info: End \AtBeginDocument code.

Package pgfplots notification 'compat/show suggested version=true': you might b
enefit from \pgfplotsset{compat=1.18} (current compat level: 1.12).

Package hyperref Info: Link coloring ON on input line 27.
(./MONKES_manual.out) (./MONKES_manual.out)
\@outlinefile=\write5

\openout5 = MONKES_manual.out
Package lastpage Info: Please have a look at the pageslts package at
(lastpage)             https://www.ctan.org/pkg/pageslts
(lastpage)             ! on input line 27.
\c@lstlisting=\count494
Package biblatex Info: Trying to load language 'english'...
Package biblatex Info: ... file 'english.lbx' found.

(C:/Users/Javier/AppData/Local/Programs/MiKTeX/tex/latex/biblatex/lbx/english.l
bx
File: english.lbx 2022/07/12 v3.18b biblatex localization (PK/MW)
)
Package biblatex Info: LuaTeX detected.
(biblatex)             Assuming input encoding 'utf8'.
Package biblatex Info: Automatic encoding selection.
(biblatex)             Assuming data encoding 'utf8'.

\openout4 = MONKES_manual.bcf
Package biblatex Info: Trying to load bibliographic data...
Package biblatex Info: ... file 'MONKES_manual.bbl' found.
 (./MONKES_manual.bbl)
Package biblatex Info: Reference section=0 on input line 27.
Package biblatex Info: Reference segment=0 on input line 27.
LaTeX Font Info:    Trying to load font information for OT1+lmr on input line 2
8.

(C:/Users/Javier/AppData/Local/Programs/MiKTeX/tex/latex/lm/ot1lmr.fd
File: ot1lmr.fd 2015/05/01 v1.6.1 Font defs for Latin Modern
)
Package microtype Info: Loading generic protrusion settings for font family
(microtype)             `lmr' (encoding: OT1).
(microtype)             For optimal results, create family-specific settings.
(microtype)             See the microtype manual for details.
LaTeX Font Info:    Trying to load font information for OML+lmm on input line 2
8.

(C:/Users/Javier/AppData/Local/Programs/MiKTeX/tex/latex/lm/omllmm.fd
File: omllmm.fd 2015/05/01 v1.6.1 Font defs for Latin Modern
)
LaTeX Font Info:    Trying to load font information for OMS+lmsy on input line 
28.

(C:/Users/Javier/AppData/Local/Programs/MiKTeX/tex/latex/lm/omslmsy.fd
File: omslmsy.fd 2015/05/01 v1.6.1 Font defs for Latin Modern
)
LaTeX Font Info:    Trying to load font information for OMX+lmex on input line 
28.

(C:/Users/Javier/AppData/Local/Programs/MiKTeX/tex/latex/lm/omxlmex.fd
File: omxlmex.fd 2015/05/01 v1.6.1 Font defs for Latin Modern
)
LaTeX Font Info:    External font `lmex10' loaded for size
(Font)              <12> on input line 28.
LaTeX Font Info:    External font `lmex10' loaded for size
(Font)              <8> on input line 28.
LaTeX Font Info:    External font `lmex10' loaded for size
(Font)              <6> on input line 28.
LaTeX Font Info:    Trying to load font information for U+lasy on input line 28
.

(C:/Users/Javier/AppData/Local/Programs/MiKTeX/tex/latex/base/ulasy.fd
File: ulasy.fd 1998/08/17 v2.2e LaTeX symbol font definitions
)
LaTeX Font Info:    Trying to load font information for U+msa on input line 28.


(C:/Users/Javier/AppData/Local/Programs/MiKTeX/tex/latex/amsfonts/umsa.fd
File: umsa.fd 2013/01/14 v3.01 AMS symbols A
)
(C:/Users/Javier/AppData/Local/Programs/MiKTeX/tex/latex/microtype/mt-msa.cfg
File: mt-msa.cfg 2006/02/04 v1.1 microtype config. file: AMS symbols (a) (RS)
)
LaTeX Font Info:    Trying to load font information for U+msb on input line 28.


(C:/Users/Javier/AppData/Local/Programs/MiKTeX/tex/latex/amsfonts/umsb.fd
File: umsb.fd 2013/01/14 v3.01 AMS symbols B
)
(C:/Users/Javier/AppData/Local/Programs/MiKTeX/tex/latex/microtype/mt-msb.cfg
File: mt-msb.cfg 2005/06/01 v1.0 microtype config. file: AMS symbols (b) (RS)
)
LaTeX Font Info:    Trying to load font information for U+rsfs on input line 28
.

(C:/Users/Javier/AppData/Local/Programs/MiKTeX/tex/latex/jknappen/ursfs.fd
File: ursfs.fd 1998/03/24 rsfs font definition file (jk)
)
<figures/chad_MONKE.png, id=62, 689.57625pt x 770.88pt>
File: figures/chad_MONKE.png Graphic file (type png)
<use figures/chad_MONKE.png>
Package luatex.def Info: figures/chad_MONKE.png  used on input line 28.
(luatex.def)             Requested size: 241.3553pt x 269.81204pt.

[1

{C:/Users/Javier/AppData/Local/MiKTeX/fonts/map/pdftex/pdftex.map}<./figures/cha
d_MONKE.png>] (./MONKES_manual.toc
LaTeX Font Info:    External font `lmex10' loaded for size
(Font)              <10.95> on input line 3.
LaTeX Font Info:    Font shape `TU/lmtt/bx/n' in size <10.95> not available
(Font)              Font shape `TU/lmtt/b/n' tried instead on input line 6.
Package microtype Info: Loading generic protrusion settings for font family
(microtype)             `lmtt' (encoding: TU).
(microtype)             For optimal results, create family-specific settings.
(microtype)             See the microtype manual for details.
)
\tf@toc=\write6

\openout6 = MONKES_manual.toc
 [2] (./chapters/Install.tex
Package hyperref Info: bookmark level for unknown lstlisting defaults to 0 on i
nput line 21.
 (./temp.f90
LaTeX Font Info:    Font shape `TU/lmtt/bx/n' in size <9> not available
(Font)              Font shape `TU/lmtt/b/n' tried instead on input line 1.
) (./temp.f90)) (./chapters/Usage.tex
LaTeX Font Info:    Font shape `TU/lmtt/bx/n' in size <14.4> not available
(Font)              Font shape `TU/lmtt/b/n' tried instead on input line 1.
) (./chapters/Implementation.tex
Underfull \vbox (badness 3895) has occurred while \output is active []

 [3]
(./temp.f90) (./temp.f90) (./temp.f90 [4]) (./temp.f90 [5]))
(./chapters/API.tex)

LaTeX Warning: Empty bibliography on input line 57.


AED: lastpage setting LastPage
[6] (./MONKES_manual.aux)
Package rerunfilecheck Info: File `MONKES_manual.out' has not changed.
(rerunfilecheck)             Checksum: 5DB52CBA281805CC8BFC05BE381A8448;2555.
Package logreq Info: Writing requests to 'MONKES_manual.run.xml'.

\openout1 = MONKES_manual.run.xml
)

Here is how much of LuaTeX's memory you used:
 55813 strings out of 477352
 1820064,2373549 words of node,token memory allocated
 691 words of node memory still in use:
   7 hlist, 2 vlist, 2 rule, 1 local_par, 4 glue, 4 kern, 1 penalty, 1 margin_ke
rn, 4 glyph, 15 attribute, 76 glue_spec, 9 attribute_list, 3 write nodes
   avail lists: 1:3,2:23201,3:479,4:7622,5:54958,6:126,7:39160,8:119,9:91730,10:
69,11:3586
 74627 multiletter control sequences out of 65536+600000
 61 fonts using 4670631 bytes
 91i,11n,111p,1009b,1948s stack positions out of 10000i,1000n,20000p,200000b,80000s
<//?/c:/users/javier/appdata/local/programs/miktex/fonts/opentype/public/lm/lmmo
no10-italic.otf><//?/c:/users/javier/appdata/local/programs/miktex/fonts/opentyp
e/public/lm/lmmono9-regular.otf><//?/c:/users/javier/appdata/local/programs/mikt
ex/fonts/opentype/public/lm/lmmono10-regular.otf><//?/c:/users/javier/appdata/lo
cal/programs/miktex/fonts/opentype/public/lm/lmroman12-bold.otf><//?/c:/users/ja
vier/appdata/local/programs/miktex/fonts/opentype/public/lm/lmmonolt10-bold.otf>
<//?/c:/users/javier/appdata/local/programs/miktex/fonts/opentype/public/lm/lmro
man10-bold.otf><//?/c:/users/javier/appdata/local/programs/miktex/fonts/opentype
/public/lm/lmroman10-regular.otf><//?/c:/users/javier/appdata/local/programs/mik
tex/fonts/opentype/public/lm/lmroman12-regular.otf><//?/c:/users/javier/appdata/
local/programs/miktex/fonts/opentype/public/lm/lmroman17-regular.otf><//?/c:/use
rs/javier/appdata/local/programs/miktex/fonts/opentype/public/lm/lmromancaps10-r
egular.otf>
Output written on MONKES_manual.pdf (6 pages, 336063 bytes).

PDF statistics: 322 PDF objects out of 1000 (max. 8388607)
 158 named destinations out of 1000 (max. 131072)
 128 words of extra memory for PDF output out of 10000 (max. 100000000)

